#
# There is insufficient memory for the Java Runtime Environment to continue.
# Native memory allocation (mmap) failed to map 16781312 bytes for committing reserved memory.
# Possible reasons:
#   The system is out of physical RAM or swap space
#   In 32 bit mode, the process size limit was hit
# Possible solutions:
#   Reduce memory load on the system
#   Increase physical memory or swap space
#   Check if swap backing store is full
#   Use 64 bit Java on a 64 bit OS
#   Decrease Java heap size (-Xmx/-Xms)
#   Decrease number of Java threads
#   Decrease Java thread stack sizes (-Xss)
#   Set larger code cache with -XX:ReservedCodeCacheSize=
# This output file may be truncated or incomplete.
#
#  Out of Memory Error (os_linux.cpp:2643), pid=18205, tid=0x00007f5964f87700
#
# JRE version: OpenJDK Runtime Environment (8.0_181-b13) (build 1.8.0_181-8u181-b13-0ubuntu0.16.04.1-b13)
# Java VM: OpenJDK 64-Bit Server VM (25.181-b13 mixed mode linux-amd64 compressed oops)
# Failed to write core dump. Core dumps have been disabled. To enable core dumping, try "ulimit -c unlimited" before starting Java again
#

---------------  T H R E A D  ---------------

Current thread (0x00007f5960075800):  VMThread [stack: 0x00007f5964e87000,0x00007f5964f88000] [id=18219]

Stack: [0x00007f5964e87000,0x00007f5964f88000],  sp=0x00007f5964f86070,  free space=1020k
Native frames: (J=compiled Java code, j=interpreted, Vv=VM code, C=native code)
V  [libjvm.so+0xa70edb]
V  [libjvm.so+0x4c893c]
V  [libjvm.so+0x8bda08]
V  [libjvm.so+0x8b7d9e]
V  [libjvm.so+0xa6d7c4]
V  [libjvm.so+0x5cdd5d]
V  [libjvm.so+0x5cecbc]
V  [libjvm.so+0x5bbac6]
V  [libjvm.so+0x4d064c]
V  [libjvm.so+0x61adef]
V  [libjvm.so+0x992a43]
V  [libjvm.so+0x4cd3c2]
V  [libjvm.so+0x5ba150]
V  [libjvm.so+0x4cef88]
V  [libjvm.so+0x5bb0d8]
V  [libjvm.so+0x45029f]
V  [libjvm.so+0xa71fe1]
V  [libjvm.so+0xa77d27]
V  [libjvm.so+0xa75427]
V  [libjvm.so+0xa768af]
V  [libjvm.so+0xa76da1]
V  [libjvm.so+0x8bae12]

VM_Operation (0x00007f5929c7fad0): GenCollectForAllocation, mode: safepoint, requested by thread 0x00007f594c1b0800


---------------  P R O C E S S  ---------------

Java Threads: ( => current thread )
  0x00007f593c008000 JavaThread "block-manager-slave-async-thread-pool-10" daemon [_thread_blocked, id=18321, stack(0x00007f5929680000,0x00007f5929781000)]
  0x00007f594c14b000 JavaThread "Executor task launch worker for task 16288" daemon [_thread_blocked, id=18320, stack(0x00007f592a385000,0x00007f592a486000)]
  0x00007f5944088000 JavaThread "Executor task launch worker for task 13129" daemon [_thread_blocked, id=18319, stack(0x00007f592c48c000,0x00007f592c58d000)]
  0x00007f5960182000 JavaThread "block-manager-slave-async-thread-pool-9" daemon [_thread_blocked, id=18318, stack(0x00007f592c58d000,0x00007f592c68e000)]
  0x00007f5944037800 JavaThread "Executor task launch worker for task 15765" daemon [_thread_blocked, id=18317, stack(0x00007f592c68e000,0x00007f592c78f000)]
  0x00007f594c1b0800 JavaThread "Executor task launch worker for task 16294" daemon [_thread_blocked, id=18314, stack(0x00007f5929b81000,0x00007f5929c82000)]
  0x00000000014df000 JavaThread "block-manager-ask-thread-pool-2" daemon [_thread_blocked, id=18311, stack(0x00007f5929c82000,0x00007f5929d83000)]
  0x00007f594800d000 JavaThread "block-manager-ask-thread-pool-1" daemon [_thread_blocked, id=18310, stack(0x00007f5929f83000,0x00007f592a084000)]
  0x00007f593805f800 JavaThread "block-manager-slave-async-thread-pool-8" daemon [_thread_blocked, id=18305, stack(0x00007f592aa88000,0x00007f592ab89000)]
  0x00000000014de000 JavaThread "block-manager-slave-async-thread-pool-7" daemon [_thread_blocked, id=18304, stack(0x00007f592cc92000,0x00007f592cd93000)]
  0x00007f593805f000 JavaThread "block-manager-slave-async-thread-pool-6" daemon [_thread_blocked, id=18303, stack(0x00007f592c78f000,0x00007f592c890000)]
  0x00007f594c1ba000 JavaThread "block-manager-slave-async-thread-pool-4" daemon [_thread_blocked, id=18295, stack(0x00007f592a084000,0x00007f592a185000)]
  0x00007f594404c000 JavaThread "Executor task launch worker for task 16213" daemon [_thread_blocked, id=18292, stack(0x00007f592a686000,0x00007f592a787000)]
  0x00007f594405d000 JavaThread "Executor task launch worker for task 16276" daemon [_thread_blocked, id=18291, stack(0x00007f592a787000,0x00007f592a888000)]
  0x00007f5934c7d000 JavaThread "Thread-18" [_thread_in_native, id=18287, stack(0x00007f592ad89000,0x00007f592ae8a000)]
  0x00007f5944039000 JavaThread "task-result-getter-3" daemon [_thread_blocked, id=18273, stack(0x00007f592b68a000,0x00007f592b78b000)]
  0x00007f594c0d1800 JavaThread "task-result-getter-2" daemon [_thread_blocked, id=18272, stack(0x00007f592c38b000,0x00007f592c48c000)]
  0x00007f594c0bd000 JavaThread "task-result-getter-1" daemon [_thread_blocked, id=18267, stack(0x00007f592c890000,0x00007f592c991000)]
  0x00007f5944030000 JavaThread "task-result-getter-0" daemon [_thread_blocked, id=18266, stack(0x00007f592cb91000,0x00007f592cc92000)]
  0x00007f5941035000 JavaThread "org.apache.hadoop.fs.FileSystem$Statistics$StatisticsDataReferenceCleaner" daemon [_thread_blocked, id=18264, stack(0x00007f592d5a0000,0x00007f592d6a1000)]
  0x00007f594098c800 JavaThread "SparkListenerBus" daemon [_thread_blocked, id=18262, stack(0x00007f592daa1000,0x00007f592dba2000)]
  0x00007f5940919000 JavaThread "context-cleaner-periodic-gc" daemon [_thread_blocked, id=18261, stack(0x00007f592dba2000,0x00007f592dca3000)]
  0x00007f5940917800 JavaThread "Spark Context Cleaner" daemon [_thread_blocked, id=18260, stack(0x00007f592dca3000,0x00007f592dda4000)]
  0x00007f5940745000 JavaThread "shuffle-server-5-1" daemon [_thread_in_native, id=18259, stack(0x00007f592dfa4000,0x00007f592e0a5000)]
  0x00007f5940741000 JavaThread "driver-heartbeater" daemon [_thread_blocked, id=18258, stack(0x00007f592e0a5000,0x00007f592e1a6000)]
  0x00007f59406bf800 JavaThread "dag-scheduler-event-loop" daemon [_thread_blocked, id=18257, stack(0x00007f592e1a6000,0x00007f592e2a7000)]
  0x00000000014cf800 JavaThread "netty-rpc-env-timeout" daemon [_thread_blocked, id=18256, stack(0x00007f592e2a7000,0x00007f592e3a8000)]
  0x00007f594074d000 JavaThread "Timer-0" daemon [_thread_blocked, id=18255, stack(0x00007f592e3a8000,0x00007f592e4a9000)]
  0x00007f594c06f000 JavaThread "heartbeat-receiver-event-loop-thread" daemon [_thread_blocked, id=18254, stack(0x00007f592e4a9000,0x00007f592e5aa000)]
  0x00007f5940862000 JavaThread "SparkUI-37" daemon [_thread_blocked, id=18253, stack(0x00007f592e5aa000,0x00007f592e6ab000)]
  0x00007f5940690800 JavaThread "SparkUI-36" daemon [_thread_blocked, id=18252, stack(0x00007f592e6ab000,0x00007f592e7ac000)]
  0x00007f594068e800 JavaThread "SparkUI-35" daemon [_thread_blocked, id=18251, stack(0x00007f592e7ac000,0x00007f592e8ad000)]
  0x00007f594068c000 JavaThread "SparkUI-34" daemon [_thread_blocked, id=18250, stack(0x00007f592e8ad000,0x00007f592e9ae000)]
  0x00007f59406d8000 JavaThread "SparkUI-33" daemon [_thread_blocked, id=18249, stack(0x00007f592e9ae000,0x00007f592eaaf000)]
  0x00007f59406d6000 JavaThread "SparkUI-32" daemon [_thread_blocked, id=18248, stack(0x00007f592eaaf000,0x00007f592ebb0000)]
  0x00007f59406d4800 JavaThread "SparkUI-31-acceptor-0@619024fa-Spark@6f57d6b8{HTTP/1.1}{0.0.0.0:4040}" daemon [_thread_in_native, id=18247, stack(0x00007f592ebb0000,0x00007f592ecb1000)]
  0x00007f594068b000 JavaThread "SparkUI-30-selector-ServerConnectorManager@3ad05238/0" daemon [_thread_in_native, id=18246, stack(0x00007f592ecb1000,0x00007f592edb2000)]
  0x00007f59408a0000 JavaThread "refresh progress" daemon [_thread_blocked, id=18244, stack(0x00007f592efb2000,0x00007f592f0b3000)]
  0x00007f5940635800 JavaThread "map-output-dispatcher-7" daemon [_thread_blocked, id=18243, stack(0x00007f592f2b3000,0x00007f592f3b4000)]
  0x00007f5940659000 JavaThread "map-output-dispatcher-6" daemon [_thread_blocked, id=18242, stack(0x00007f592f3b4000,0x00007f592f4b5000)]
  0x00007f5940657000 JavaThread "map-output-dispatcher-5" daemon [_thread_blocked, id=18241, stack(0x00007f592f4b5000,0x00007f592f5b6000)]
  0x00007f5940655000 JavaThread "map-output-dispatcher-4" daemon [_thread_blocked, id=18240, stack(0x00007f592f5b6000,0x00007f592f6b7000)]
  0x00007f5940653800 JavaThread "map-output-dispatcher-3" daemon [_thread_blocked, id=18239, stack(0x00007f592f6b7000,0x00007f592f7b8000)]
  0x00007f5940681000 JavaThread "map-output-dispatcher-2" daemon [_thread_blocked, id=18238, stack(0x00007f592f7b8000,0x00007f592f8b9000)]
  0x00007f594067f000 JavaThread "map-output-dispatcher-1" daemon [_thread_blocked, id=18237, stack(0x00007f592f8b9000,0x00007f592f9ba000)]
  0x00007f594067e000 JavaThread "map-output-dispatcher-0" daemon [_thread_blocked, id=18236, stack(0x00007f592f9ba000,0x00007f592fabb000)]
  0x00007f59405ee800 JavaThread "rpc-server-3-1" daemon [_thread_in_native, id=18235, stack(0x00007f592fabb000,0x00007f592fbbc000)]
  0x00007f5940526000 JavaThread "dispatcher-event-loop-1" daemon [_thread_blocked, id=18234, stack(0x00007f592ffcf000,0x00007f59300d0000)]
  0x00007f5940525000 JavaThread "dispatcher-event-loop-0" daemon [_thread_blocked, id=18233, stack(0x00007f59308f4000,0x00007f59309f5000)]
  0x00007f5934599000 JavaThread "Thread-2" [_thread_blocked, id=18229, stack(0x00007f59500c6000,0x00007f59501c7000)]
  0x00007f5960d56000 JavaThread "Thread-1" [_thread_in_native, id=18228, stack(0x00007f59501c7000,0x00007f59502c8000)]
  0x00007f5960d46800 JavaThread "pool-1-thread-1" [_thread_blocked, id=18227, stack(0x00007f59502c8000,0x00007f59503c9000)]
  0x00007f59600bb000 JavaThread "Service Thread" daemon [_thread_blocked, id=18225, stack(0x00007f59646e9000,0x00007f59647ea000)]
  0x00007f59600b7800 JavaThread "C1 CompilerThread1" daemon [_thread_blocked, id=18224, stack(0x00007f59647ea000,0x00007f59648eb000)]
  0x00007f59600b5800 JavaThread "C2 CompilerThread0" daemon [_thread_blocked, id=18223, stack(0x00007f59648eb000,0x00007f59649ec000)]
  0x00007f59600b4000 JavaThread "Signal Dispatcher" daemon [_thread_blocked, id=18222, stack(0x00007f59649ec000,0x00007f5964aed000)]
  0x00007f5960082000 JavaThread "Finalizer" daemon [_thread_blocked, id=18221, stack(0x00007f5964c85000,0x00007f5964d86000)]
  0x00007f596007d000 JavaThread "Reference Handler" daemon [_thread_blocked, id=18220, stack(0x00007f5964d86000,0x00007f5964e87000)]
  0x00007f5960011800 JavaThread "main" [_thread_in_native, id=18218, stack(0x00007f596968b000,0x00007f596978c000)]

Other Threads:
=>0x00007f5960075800 VMThread [stack: 0x00007f5964e87000,0x00007f5964f88000] [id=18219]
  0x00007f59600bd800 WatcherThread [stack: 0x00007f59645e8000,0x00007f59646e9000] [id=18226]

VM state:at safepoint (normal execution)

VM Mutex/Monitor currently owned by a thread:  ([mutex/lock_event])
[0x00007f596000dc60] Threads_lock - owner thread: 0x00007f5960075800
[0x00007f596000e160] Heap_lock - owner thread: 0x00007f594c1b0800

Heap:
 def new generation   total 61248K, used 56995K [0x00000000c0000000, 0x00000000c4270000, 0x00000000d5550000)
  eden space 54464K, 100% used [0x00000000c0000000, 0x00000000c3530000, 0x00000000c3530000)
  from space 6784K,  37% used [0x00000000c3530000, 0x00000000c37a8fa0, 0x00000000c3bd0000)
  to   space 6784K,  18% used [0x00000000c3bd0000, 0x00000000c3d07b50, 0x00000000c4270000)
 tenured generation   total 152320K, used 151881K [0x00000000d5550000, 0x00000000dea10000, 0x0000000100000000)
   the space 152320K,  99% used [0x00000000d5550000, 0x00000000de9a2508, 0x00000000de9a2600, 0x00000000dea10000)
 Metaspace       used 90556K, capacity 93216K, committed 93400K, reserved 1130496K
  class space    used 12011K, capacity 12392K, committed 12504K, reserved 1048576K

Card table byte_map: [0x00007f5965b23000,0x00007f5965d24000] byte_map_base: 0x00007f5965523000

Polling page: 0x00007f5969797000

CodeCache: size=245760Kb used=49318Kb max_used=49378Kb free=196441Kb
 bounds [0x00007f5951000000, 0x00007f5954090000, 0x00007f5960000000]
 total_blobs=16179 nmethods=14776 adapters=1313
 compilation: enabled

Compilation events (10 events):
Event: 363.991 Thread 0x00007f59600b7800 21003  s    3       java.lang.StringBuffer::delete (14 bytes)
Event: 363.992 Thread 0x00007f59600b7800 nmethod 21003 0x00007f5952829610 code [0x00007f5952829780, 0x00007f5952829a80]
Event: 364.005 Thread 0x00007f59600b7800 21008       3       org.apache.spark.util.random.XORShiftRandom$::hashSeed (48 bytes)
Event: 364.006 Thread 0x00007f59600b7800 nmethod 21008 0x00007f59538d9c50 code [0x00007f59538d9e80, 0x00007f59538daac8]
Event: 364.013 Thread 0x00007f59600b7800 21011       3       java.lang.Character::digit (10 bytes)
Event: 364.014 Thread 0x00007f59600b7800 nmethod 21011 0x00007f5951ab0350 code [0x00007f5951ab04c0, 0x00007f5951ab06f0]
Event: 364.034 Thread 0x00007f59600b5800 nmethod 20977% 0x00007f5953a2e910 code [0x00007f5953a2eba0, 0x00007f5953a2fd78]
Event: 364.034 Thread 0x00007f59600b5800 21007       4       java.util.Random::nextDouble (24 bytes)
Event: 364.036 Thread 0x00007f59600b5800 nmethod 21007 0x00007f595254c350 code [0x00007f595254c4c0, 0x00007f595254c658]
Event: 364.036 Thread 0x00007f59600b5800 21010 %     4       org.apache.spark.util.collection.TimSort$SortState::mergeHi @ 399 (894 bytes)

GC Heap History (10 events):
Event: 354.965 GC heap after
Heap after GC invocations=1220 (full 14):
 def new generation   total 61248K, used 1795K [0x00000000c0000000, 0x00000000c4270000, 0x00000000d5550000)
  eden space 54464K,   0% used [0x00000000c0000000, 0x00000000c0000000, 0x00000000c3530000)
  from space 6784K,  26% used [0x00000000c3530000, 0x00000000c36f0e08, 0x00000000c3bd0000)
  to   space 6784K,   0% used [0x00000000c3bd0000, 0x00000000c3bd0000, 0x00000000c4270000)
 tenured generation   total 135932K, used 135136K [0x00000000d5550000, 0x00000000dda0f000, 0x0000000100000000)
   the space 135932K,  99% used [0x00000000d5550000, 0x00000000dd9480f8, 0x00000000dd948200, 0x00000000dda0f000)
 Metaspace       used 89696K, capacity 92252K, committed 92376K, reserved 1130496K
  class space    used 11883K, capacity 12229K, committed 12248K, reserved 1048576K
}
Event: 355.297 GC heap before
{Heap before GC invocations=1220 (full 14):
 def new generation   total 61248K, used 56259K [0x00000000c0000000, 0x00000000c4270000, 0x00000000d5550000)
  eden space 54464K, 100% used [0x00000000c0000000, 0x00000000c3530000, 0x00000000c3530000)
  from space 6784K,  26% used [0x00000000c3530000, 0x00000000c36f0e08, 0x00000000c3bd0000)
  to   space 6784K,   0% used [0x00000000c3bd0000, 0x00000000c3bd0000, 0x00000000c4270000)
 tenured generation   total 135932K, used 135136K [0x00000000d5550000, 0x00000000dda0f000, 0x0000000100000000)
   the space 135932K,  99% used [0x00000000d5550000, 0x00000000dd9480f8, 0x00000000dd948200, 0x00000000dda0f000)
 Metaspace       used 89955K, capacity 92536K, committed 92760K, reserved 1130496K
  class space    used 11928K, capacity 12271K, committed 12376K, reserved 1048576K
Event: 355.308 GC heap after
Heap after GC invocations=1221 (full 14):
 def new generation   total 61248K, used 1929K [0x00000000c0000000, 0x00000000c4270000, 0x00000000d5550000)
  eden space 54464K,   0% used [0x00000000c0000000, 0x00000000c0000000, 0x00000000c3530000)
  from space 6784K,  28% used [0x00000000c3bd0000, 0x00000000c3db2420, 0x00000000c4270000)
  to   space 6784K,   0% used [0x00000000c3530000, 0x00000000c3530000, 0x00000000c3bd0000)
 tenured generation   total 135932K, used 135225K [0x00000000d5550000, 0x00000000dda0f000, 0x0000000100000000)
   the space 135932K,  99% used [0x00000000d5550000, 0x00000000dd95e438, 0x00000000dd95e600, 0x00000000dda0f000)
 Metaspace       used 89955K, capacity 92536K, committed 92760K, reserved 1130496K
  class space    used 11928K, capacity 12271K, committed 12376K, reserved 1048576K
}
Event: 355.967 GC heap before
{Heap before GC invocations=1221 (full 14):
 def new generation   total 61248K, used 56393K [0x00000000c0000000, 0x00000000c4270000, 0x00000000d5550000)
  eden space 54464K, 100% used [0x00000000c0000000, 0x00000000c3530000, 0x00000000c3530000)
  from space 6784K,  28% used [0x00000000c3bd0000, 0x00000000c3db2420, 0x00000000c4270000)
  to   space 6784K,   0% used [0x00000000c3530000, 0x00000000c3530000, 0x00000000c3bd0000)
 tenured generation   total 135932K, used 135225K [0x00000000d5550000, 0x00000000dda0f000, 0x0000000100000000)
   the space 135932K,  99% used [0x00000000d5550000, 0x00000000dd95e438, 0x00000000dd95e600, 0x00000000dda0f000)
 Metaspace       used 90280K, capacity 92892K, committed 93016K, reserved 1130496K
  class space    used 11983K, capacity 12352K, committed 12376K, reserved 1048576K
Event: 355.978 GC heap after
Heap after GC invocations=1222 (full 14):
 def new generation   total 61248K, used 2218K [0x00000000c0000000, 0x00000000c4270000, 0x00000000d5550000)
  eden space 54464K,   0% used [0x00000000c0000000, 0x00000000c0000000, 0x00000000c3530000)
  from space 6784K,  32% used [0x00000000c3530000, 0x00000000c375ab48, 0x00000000c3bd0000)
  to   space 6784K,   0% used [0x00000000c3bd0000, 0x00000000c3bd0000, 0x00000000c4270000)
 tenured generation   total 135932K, used 135313K [0x00000000d5550000, 0x00000000dda0f000, 0x0000000100000000)
   the space 135932K,  99% used [0x00000000d5550000, 0x00000000dd974460, 0x00000000dd974600, 0x00000000dda0f000)
 Metaspace       used 90280K, capacity 92892K, committed 93016K, reserved 1130496K
  class space    used 11983K, capacity 12352K, committed 12376K, reserved 1048576K
}
Event: 363.724 GC heap before
{Heap before GC invocations=1222 (full 14):
 def new generation   total 61248K, used 56682K [0x00000000c0000000, 0x00000000c4270000, 0x00000000d5550000)
  eden space 54464K, 100% used [0x00000000c0000000, 0x00000000c3530000, 0x00000000c3530000)
  from space 6784K,  32% used [0x00000000c3530000, 0x00000000c375ab48, 0x00000000c3bd0000)
  to   space 6784K,   0% used [0x00000000c3bd0000, 0x00000000c3bd0000, 0x00000000c4270000)
 tenured generation   total 135932K, used 135313K [0x00000000d5550000, 0x00000000dda0f000, 0x0000000100000000)
   the space 135932K,  99% used [0x00000000d5550000, 0x00000000dd974460, 0x00000000dd974600, 0x00000000dda0f000)
 Metaspace       used 90512K, capacity 93140K, committed 93400K, reserved 1130496K
  class space    used 12010K, capacity 12389K, committed 12504K, reserved 1048576K
Event: 363.735 GC heap after
Heap after GC invocations=1223 (full 14):
 def new generation   total 61248K, used 3398K [0x00000000c0000000, 0x00000000c4270000, 0x00000000d5550000)
  eden space 54464K,   0% used [0x00000000c0000000, 0x00000000c0000000, 0x00000000c3530000)
  from space 6784K,  50% used [0x00000000c3bd0000, 0x00000000c3f21a60, 0x00000000c4270000)
  to   space 6784K,   0% used [0x00000000c3530000, 0x00000000c3530000, 0x00000000c3bd0000)
 tenured generation   total 135932K, used 135400K [0x00000000d5550000, 0x00000000dda0f000, 0x0000000100000000)
   the space 135932K,  99% used [0x00000000d5550000, 0x00000000dd98a248, 0x00000000dd98a400, 0x00000000dda0f000)
 Metaspace       used 90512K, capacity 93140K, committed 93400K, reserved 1130496K
  class space    used 12010K, capacity 12389K, committed 12504K, reserved 1048576K
}
Event: 363.923 GC heap before
{Heap before GC invocations=1223 (full 14):
 def new generation   total 61248K, used 56896K [0x00000000c0000000, 0x00000000c4270000, 0x00000000d5550000)
  eden space 54464K,  98% used [0x00000000c0000000, 0x00000000c343e688, 0x00000000c3530000)
  from space 6784K,  50% used [0x00000000c3bd0000, 0x00000000c3f21a60, 0x00000000c4270000)
  to   space 6784K,   0% used [0x00000000c3530000, 0x00000000c3530000, 0x00000000c3bd0000)
 tenured generation   total 135932K, used 135400K [0x00000000d5550000, 0x00000000dda0f000, 0x0000000100000000)
   the space 135932K,  99% used [0x00000000d5550000, 0x00000000dd98a248, 0x00000000dd98a400, 0x00000000dda0f000)
 Metaspace       used 90522K, capacity 93152K, committed 93400K, reserved 1130496K
  class space    used 12011K, capacity 12392K, committed 12504K, reserved 1048576K
Event: 363.933 GC heap after
Heap after GC invocations=1224 (full 14):
 def new generation   total 61248K, used 2531K [0x00000000c0000000, 0x00000000c4270000, 0x00000000d5550000)
  eden space 54464K,   0% used [0x00000000c0000000, 0x00000000c0000000, 0x00000000c3530000)
  from space 6784K,  37% used [0x00000000c3530000, 0x00000000c37a8fa0, 0x00000000c3bd0000)
  to   space 6784K,   0% used [0x00000000c3bd0000, 0x00000000c3bd0000, 0x00000000c4270000)
 tenured generation   total 135932K, used 135489K [0x00000000d5550000, 0x00000000dda0f000, 0x0000000100000000)
   the space 135932K,  99% used [0x00000000d5550000, 0x00000000dd9a0400, 0x00000000dd9a0400, 0x00000000dda0f000)
 Metaspace       used 90522K, capacity 93152K, committed 93400K, reserved 1130496K
  class space    used 12011K, capacity 12392K, committed 12504K, reserved 1048576K
}
Event: 364.043 GC heap before
{Heap before GC invocations=1224 (full 14):
 def new generation   total 61248K, used 56995K [0x00000000c0000000, 0x00000000c4270000, 0x00000000d5550000)
  eden space 54464K, 100% used [0x00000000c0000000, 0x00000000c3530000, 0x00000000c3530000)
  from space 6784K,  37% used [0x00000000c3530000, 0x00000000c37a8fa0, 0x00000000c3bd0000)
  to   space 6784K,   0% used [0x00000000c3bd0000, 0x00000000c3bd0000, 0x00000000c4270000)
 tenured generation   total 135932K, used 135489K [0x00000000d5550000, 0x00000000dda0f000, 0x0000000100000000)
   the space 135932K,  99% used [0x00000000d5550000, 0x00000000dd9a0400, 0x00000000dd9a0400, 0x00000000dda0f000)
 Metaspace       used 90556K, capacity 93216K, committed 93400K, reserved 1130496K
  class space    used 12011K, capacity 12392K, committed 12504K, reserved 1048576K

Deoptimization events (10 events):
Event: 358.218 Thread 0x00007f5934599000 Uncommon trap: reason=class_check action=maybe_recompile pc=0x00007f5953afbaf8 method=scala.collection.generic.GenericTraversableTemplate$$anonfun$flatten$1.apply(Ljava/lang/Object;)Lscala/collection/mutable/Builder; @ 14
Event: 358.298 Thread 0x00007f59406bf800 Uncommon trap: reason=bimorphic action=maybe_recompile pc=0x00007f5952911af4 method=org.apache.spark.scheduler.DAGScheduler.getShuffleDependencies(Lorg/apache/spark/rdd/RDD;)Lscala/collection/mutable/HashSet; @ 82
Event: 358.299 Thread 0x00007f594098c800 Uncommon trap: reason=bimorphic action=maybe_recompile pc=0x00007f595393ef48 method=org.apache.spark.ui.scope.RDDOperationGraph$$anonfun$makeOperationGraph$2.apply(Lorg/apache/spark/storage/RDDInfo;)V @ 6
Event: 358.329 Thread 0x00007f5934599000 Uncommon trap: reason=unstable_if action=reinterpret pc=0x00007f59539db36c method=java.lang.CharacterDataLatin1.digit(II)I @ 82
Event: 363.564 Thread 0x00007f5934599000 Uncommon trap: reason=unstable_if action=reinterpret pc=0x00007f59536cf9e0 method=java.lang.Long.parseLong(Ljava/lang/String;I)J @ 124
Event: 363.847 Thread 0x00007f5934599000 Uncommon trap: reason=bimorphic action=maybe_recompile pc=0x00007f5951e4f2d4 method=scala.collection.TraversableOnce$class.sum(Lscala/collection/TraversableOnce;Lscala/math/Numeric;)Ljava/lang/Object; @ 2
Event: 363.997 Thread 0x00007f594c1b0800 Uncommon trap: reason=class_check action=maybe_recompile pc=0x00007f5953f7884c method=java.util.Random.nextDouble()D @ 3
Event: 363.997 Thread 0x00007f594c1b0800 Uncommon trap: reason=class_check action=maybe_recompile pc=0x00007f5953f7884c method=java.util.Random.nextDouble()D @ 3
Event: 363.997 Thread 0x00007f594c1b0800 Uncommon trap: reason=class_check action=maybe_recompile pc=0x00007f5953f7884c method=java.util.Random.nextDouble()D @ 3
Event: 363.997 Thread 0x00007f594c1b0800 Uncommon trap: reason=class_check action=maybe_recompile pc=0x00007f5953f7884c method=java.util.Random.nextDouble()D @ 3

Classes redefined (0 events):
No events

Internal exceptions (10 events):
Event: 355.231 Thread 0x00007f5934599000 Exception <a 'java/lang/ClassNotFoundException': scala/reflect/ScalaSignature> (0x00000000c31822c0) thrown at [/build/openjdk-8-pREaNj/openjdk-8-8u181-b13/src/hotspot/src/share/vm/classfile/systemDictionary.cpp, line 210]
Event: 355.231 Thread 0x00007f5934599000 Exception <a 'java/lang/ClassNotFoundException': scala/reflect/ScalaLongSignature> (0x00000000c3182950) thrown at [/build/openjdk-8-pREaNj/openjdk-8-8u181-b13/src/hotspot/src/share/vm/classfile/systemDictionary.cpp, line 210]
Event: 355.232 Thread 0x00007f5934599000 Exception <a 'java/lang/ClassNotFoundException': scala/reflect/ScalaSignature> (0x00000000c318acd8) thrown at [/build/openjdk-8-pREaNj/openjdk-8-8u181-b13/src/hotspot/src/share/vm/classfile/systemDictionary.cpp, line 210]
Event: 355.232 Thread 0x00007f5934599000 Exception <a 'java/lang/ClassNotFoundException': scala/reflect/ScalaLongSignature> (0x00000000c318b368) thrown at [/build/openjdk-8-pREaNj/openjdk-8-8u181-b13/src/hotspot/src/share/vm/classfile/systemDictionary.cpp, line 210]
Event: 355.476 Thread 0x00007f5934599000 Exception <a 'java/lang/NoSuchMethodError': <clinit>> (0x00000000c0827e58) thrown at [/build/openjdk-8-pREaNj/openjdk-8-8u181-b13/src/hotspot/src/share/vm/prims/jni.cpp, line 1613]
Event: 355.488 Thread 0x00007f5940526000 Exception <a 'java/lang/NoSuchMethodError': <clinit>> (0x00000000c0d506d8) thrown at [/build/openjdk-8-pREaNj/openjdk-8-8u181-b13/src/hotspot/src/share/vm/prims/jni.cpp, line 1613]
Event: 355.489 Thread 0x00007f5940526000 Exception <a 'java/lang/NoSuchMethodError': <clinit>> (0x00000000c0d6b228) thrown at [/build/openjdk-8-pREaNj/openjdk-8-8u181-b13/src/hotspot/src/share/vm/prims/jni.cpp, line 1613]
Event: 355.491 Thread 0x00007f5940526000 Exception <a 'java/lang/NoSuchMethodError': <clinit>> (0x00000000c0d75458) thrown at [/build/openjdk-8-pREaNj/openjdk-8-8u181-b13/src/hotspot/src/share/vm/prims/jni.cpp, line 1613]
Event: 355.902 Thread 0x00007f5934599000 Exception <a 'java/lang/NoSuchMethodError': <clinit>> (0x00000000c2729670) thrown at [/build/openjdk-8-pREaNj/openjdk-8-8u181-b13/src/hotspot/src/share/vm/prims/jni.cpp, line 1613]
Event: 355.958 Thread 0x00007f5940525000 Exception <a 'java/lang/NoSuchMethodError': <clinit>> (0x00000000c34fcd78) thrown at [/build/openjdk-8-pREaNj/openjdk-8-8u181-b13/src/hotspot/src/share/vm/prims/jni.cpp, line 1613]

Events (10 events):
Event: 363.997 Thread 0x00007f594c1b0800 Uncommon trap: trap_request=0xffffffde fr.pc=0x00007f5953f7884c
Event: 363.997 Thread 0x00007f594c1b0800 DEOPT PACKING pc=0x00007f5953f7884c sp=0x00007f5929c800e0
Event: 363.997 Thread 0x00007f594c1b0800 DEOPT UNPACKING pc=0x00007f595104547a sp=0x00007f5929c80098 mode 2
Event: 363.997 Thread 0x00007f594c1b0800 Uncommon trap: trap_request=0xffffffde fr.pc=0x00007f5953f7884c
Event: 363.997 Thread 0x00007f594c1b0800 DEOPT PACKING pc=0x00007f5953f7884c sp=0x00007f5929c800e0
Event: 363.997 Thread 0x00007f594c1b0800 DEOPT UNPACKING pc=0x00007f595104547a sp=0x00007f5929c80098 mode 2
Event: 363.997 Thread 0x00007f594c1b0800 Uncommon trap: trap_request=0xffffffde fr.pc=0x00007f5953f7884c
Event: 363.997 Thread 0x00007f594c1b0800 DEOPT PACKING pc=0x00007f5953f7884c sp=0x00007f5929c800e0
Event: 363.997 Thread 0x00007f594c1b0800 DEOPT UNPACKING pc=0x00007f595104547a sp=0x00007f5929c80098 mode 2
Event: 364.043 Executing VM operation: GenCollectForAllocation


Dynamic libraries:
00400000-00401000 r-xp 00000000 ca:01 256949                             /usr/lib/jvm/java-8-openjdk-amd64/jre/bin/java
00600000-00601000 r--p 00000000 ca:01 256949                             /usr/lib/jvm/java-8-openjdk-amd64/jre/bin/java
00601000-00602000 rw-p 00001000 ca:01 256949                             /usr/lib/jvm/java-8-openjdk-amd64/jre/bin/java
014b0000-0168b000 rw-p 00000000 00:00 0                                  [heap]
c0000000-c4270000 rw-p 00000000 00:00 0 
c4270000-d5550000 ---p 00000000 00:00 0 
d5550000-dea10000 rw-p 00000000 00:00 0 
dfa11000-100000000 ---p 00000000 00:00 0 
100000000-100c36000 rw-p 00000000 00:00 0 
100c36000-140000000 ---p 00000000 00:00 0 
7f5928b7f000-7f5928b82000 ---p 00000000 00:00 0 
7f5928b82000-7f5928d80000 rw-p 00000000 00:00 0 
7f5928d80000-7f5928e80000 ---p 00000000 00:00 0 
7f5928e80000-7f5929080000 rw-p 00000000 00:00 0 
7f5929080000-7f5929280000 rw-p 00000000 00:00 0 
7f5929280000-7f5929480000 rw-p 00000000 00:00 0 
7f5929480000-7f5929680000 rw-p 00000000 00:00 0 
7f5929680000-7f5929683000 ---p 00000000 00:00 0 
7f5929683000-7f5929981000 rw-p 00000000 00:00 0 
7f5929981000-7f5929b81000 rw-p 00000000 00:00 0 
7f5929b81000-7f5929b84000 ---p 00000000 00:00 0 
7f5929b84000-7f5929c82000 rw-p 00000000 00:00 0 
7f5929c82000-7f5929c85000 ---p 00000000 00:00 0 
7f5929c85000-7f5929f83000 rw-p 00000000 00:00 0 
7f5929f83000-7f5929f86000 ---p 00000000 00:00 0 
7f5929f86000-7f592a084000 rw-p 00000000 00:00 0 
7f592a084000-7f592a087000 ---p 00000000 00:00 0 
7f592a087000-7f592a385000 rw-p 00000000 00:00 0 
7f592a385000-7f592a388000 ---p 00000000 00:00 0 
7f592a388000-7f592a686000 rw-p 00000000 00:00 0 
7f592a686000-7f592a689000 ---p 00000000 00:00 0 
7f592a689000-7f592a787000 rw-p 00000000 00:00 0 
7f592a787000-7f592a78a000 ---p 00000000 00:00 0 
7f592a78a000-7f592aa88000 rw-p 00000000 00:00 0 
7f592aa88000-7f592aa8b000 ---p 00000000 00:00 0 
7f592aa8b000-7f592ad89000 rw-p 00000000 00:00 0 
7f592ad89000-7f592ad8c000 ---p 00000000 00:00 0 
7f592ad8c000-7f592b08a000 rw-p 00000000 00:00 0 
7f592b08a000-7f592b28a000 rw-p 00000000 00:00 0 
7f592b28a000-7f592b48a000 rw-p 00000000 00:00 0 
7f592b48a000-7f592b68a000 rw-p 00000000 00:00 0 
7f592b68a000-7f592b68d000 ---p 00000000 00:00 0 
7f592b68d000-7f592b98b000 rw-p 00000000 00:00 0 
7f592b98b000-7f592bb8b000 rw-p 00000000 00:00 0 
7f592bb8b000-7f592bd8b000 rw-p 00000000 00:00 0 
7f592bd8b000-7f592bf8b000 rw-p 00000000 00:00 0 
7f592bf8b000-7f592c18b000 rw-p 00000000 00:00 0 
7f592c18b000-7f592c38b000 rw-p 00000000 00:00 0 
7f592c38b000-7f592c38e000 ---p 00000000 00:00 0 
7f592c38e000-7f592c48c000 rw-p 00000000 00:00 0 
7f592c48c000-7f592c48f000 ---p 00000000 00:00 0 
7f592c48f000-7f592c58d000 rw-p 00000000 00:00 0 
7f592c58d000-7f592c590000 ---p 00000000 00:00 0 
7f592c590000-7f592c68e000 rw-p 00000000 00:00 0 
7f592c68e000-7f592c691000 ---p 00000000 00:00 0 
7f592c691000-7f592c78f000 rw-p 00000000 00:00 0 
7f592c78f000-7f592c792000 ---p 00000000 00:00 0 
7f592c792000-7f592c890000 rw-p 00000000 00:00 0 
7f592c890000-7f592c893000 ---p 00000000 00:00 0 
7f592c893000-7f592cb91000 rw-p 00000000 00:00 0 
7f592cb91000-7f592cb94000 ---p 00000000 00:00 0 
7f592cb94000-7f592cc92000 rw-p 00000000 00:00 0 
7f592cc92000-7f592cc95000 ---p 00000000 00:00 0 
7f592cc95000-7f592cf93000 rw-p 00000000 00:00 0 
7f592cf93000-7f592cfa0000 r-xp 00000000 ca:01 6599                       /tmp/liblz4-java1813618824584943962.so
7f592cfa0000-7f592d19f000 ---p 0000d000 ca:01 6599                       /tmp/liblz4-java1813618824584943962.so
7f592d19f000-7f592d1a0000 rw-p 0000c000 ca:01 6599                       /tmp/liblz4-java1813618824584943962.so
7f592d1a0000-7f592d3a0000 rw-p 00000000 00:00 0 
7f592d3a0000-7f592d5a0000 rw-p 00000000 00:00 0 
7f592d5a0000-7f592d5a3000 ---p 00000000 00:00 0 
7f592d5a3000-7f592d8a1000 rw-p 00000000 00:00 0 
7f592d8a1000-7f592daa1000 rw-p 00000000 00:00 0 
7f592daa1000-7f592daa4000 ---p 00000000 00:00 0 
7f592daa4000-7f592dba2000 rw-p 00000000 00:00 0 
7f592dba2000-7f592dba5000 ---p 00000000 00:00 0 
7f592dba5000-7f592dca3000 rw-p 00000000 00:00 0 
7f592dca3000-7f592dca6000 ---p 00000000 00:00 0 
7f592dca6000-7f592dfa4000 rw-p 00000000 00:00 0 
7f592dfa4000-7f592dfa7000 ---p 00000000 00:00 0 
7f592dfa7000-7f592e0a5000 rw-p 00000000 00:00 0 
7f592e0a5000-7f592e0a8000 ---p 00000000 00:00 0 
7f592e0a8000-7f592e1a6000 rw-p 00000000 00:00 0 
7f592e1a6000-7f592e1a9000 ---p 00000000 00:00 0 
7f592e1a9000-7f592e2a7000 rw-p 00000000 00:00 0 
7f592e2a7000-7f592e2aa000 ---p 00000000 00:00 0 
7f592e2aa000-7f592e3a8000 rw-p 00000000 00:00 0 
7f592e3a8000-7f592e3ab000 ---p 00000000 00:00 0 
7f592e3ab000-7f592e4a9000 rw-p 00000000 00:00 0 
7f592e4a9000-7f592e4ac000 ---p 00000000 00:00 0 
7f592e4ac000-7f592e5aa000 rw-p 00000000 00:00 0 
7f592e5aa000-7f592e5ad000 ---p 00000000 00:00 0 
7f592e5ad000-7f592e6ab000 rw-p 00000000 00:00 0 
7f592e6ab000-7f592e6ae000 ---p 00000000 00:00 0 
7f592e6ae000-7f592e7ac000 rw-p 00000000 00:00 0 
7f592e7ac000-7f592e7af000 ---p 00000000 00:00 0 
7f592e7af000-7f592e8ad000 rw-p 00000000 00:00 0 
7f592e8ad000-7f592e8b0000 ---p 00000000 00:00 0 
7f592e8b0000-7f592e9ae000 rw-p 00000000 00:00 0 
7f592e9ae000-7f592e9b1000 ---p 00000000 00:00 0 
7f592e9b1000-7f592eaaf000 rw-p 00000000 00:00 0 
7f592eaaf000-7f592eab2000 ---p 00000000 00:00 0 
7f592eab2000-7f592ebb0000 rw-p 00000000 00:00 0 
7f592ebb0000-7f592ebb3000 ---p 00000000 00:00 0 
7f592ebb3000-7f592ecb1000 rw-p 00000000 00:00 0 
7f592ecb1000-7f592ecb4000 ---p 00000000 00:00 0 
7f592ecb4000-7f592efb2000 rw-p 00000000 00:00 0 
7f592efb2000-7f592efb5000 ---p 00000000 00:00 0 
7f592efb5000-7f592f2b3000 rw-p 00000000 00:00 0 
7f592f2b3000-7f592f2b6000 ---p 00000000 00:00 0 
7f592f2b6000-7f592f3b4000 rw-p 00000000 00:00 0 
7f592f3b4000-7f592f3b7000 ---p 00000000 00:00 0 
7f592f3b7000-7f592f4b5000 rw-p 00000000 00:00 0 
7f592f4b5000-7f592f4b8000 ---p 00000000 00:00 0 
7f592f4b8000-7f592f5b6000 rw-p 00000000 00:00 0 
7f592f5b6000-7f592f5b9000 ---p 00000000 00:00 0 
7f592f5b9000-7f592f6b7000 rw-p 00000000 00:00 0 
7f592f6b7000-7f592f6ba000 ---p 00000000 00:00 0 
7f592f6ba000-7f592f7b8000 rw-p 00000000 00:00 0 
7f592f7b8000-7f592f7bb000 ---p 00000000 00:00 0 
7f592f7bb000-7f592f8b9000 rw-p 00000000 00:00 0 
7f592f8b9000-7f592f8bc000 ---p 00000000 00:00 0 
7f592f8bc000-7f592f9ba000 rw-p 00000000 00:00 0 
7f592f9ba000-7f592f9bd000 ---p 00000000 00:00 0 
7f592f9bd000-7f592fabb000 rw-p 00000000 00:00 0 
7f592fabb000-7f592fabe000 ---p 00000000 00:00 0 
7f592fabe000-7f592fbbc000 rw-p 00000000 00:00 0 
7f592fbbc000-7f592fbcd000 r-xp 00000000 ca:01 256909                     /usr/lib/jvm/java-8-openjdk-amd64/jre/lib/amd64/libnio.so
7f592fbcd000-7f592fdcd000 ---p 00011000 ca:01 256909                     /usr/lib/jvm/java-8-openjdk-amd64/jre/lib/amd64/libnio.so
7f592fdcd000-7f592fdce000 r--p 00011000 ca:01 256909                     /usr/lib/jvm/java-8-openjdk-amd64/jre/lib/amd64/libnio.so
7f592fdce000-7f592fdcf000 rw-p 00012000 ca:01 256909                     /usr/lib/jvm/java-8-openjdk-amd64/jre/lib/amd64/libnio.so
7f592fdcf000-7f592ffcf000 rw-p 00000000 00:00 0 
7f592ffcf000-7f592ffd2000 ---p 00000000 00:00 0 
7f592ffd2000-7f59302d0000 rw-p 00000000 00:00 0 
7f59302d0000-7f59302e7000 r-xp 00000000 ca:01 1984                       /lib/x86_64-linux-gnu/libresolv-2.23.so
7f59302e7000-7f59304e7000 ---p 00017000 ca:01 1984                       /lib/x86_64-linux-gnu/libresolv-2.23.so
7f59304e7000-7f59304e8000 r--p 00017000 ca:01 1984                       /lib/x86_64-linux-gnu/libresolv-2.23.so
7f59304e8000-7f59304e9000 rw-p 00018000 ca:01 1984                       /lib/x86_64-linux-gnu/libresolv-2.23.so
7f59304e9000-7f59304eb000 rw-p 00000000 00:00 0 
7f59304eb000-7f59304f0000 r-xp 00000000 ca:01 1990                       /lib/x86_64-linux-gnu/libnss_dns-2.23.so
7f59304f0000-7f59306f0000 ---p 00005000 ca:01 1990                       /lib/x86_64-linux-gnu/libnss_dns-2.23.so
7f59306f0000-7f59306f1000 r--p 00005000 ca:01 1990                       /lib/x86_64-linux-gnu/libnss_dns-2.23.so
7f59306f1000-7f59306f2000 rw-p 00006000 ca:01 1990                       /lib/x86_64-linux-gnu/libnss_dns-2.23.so
7f59306f2000-7f59306f3000 r-xp 00000000 ca:01 256908                     /usr/lib/jvm/java-8-openjdk-amd64/jre/lib/amd64/libjaas_unix.so
7f59306f3000-7f59308f2000 ---p 00001000 ca:01 256908                     /usr/lib/jvm/java-8-openjdk-amd64/jre/lib/amd64/libjaas_unix.so
7f59308f2000-7f59308f3000 r--p 00000000 ca:01 256908                     /usr/lib/jvm/java-8-openjdk-amd64/jre/lib/amd64/libjaas_unix.so
7f59308f3000-7f59308f4000 rw-p 00001000 ca:01 256908                     /usr/lib/jvm/java-8-openjdk-amd64/jre/lib/amd64/libjaas_unix.so
7f59308f4000-7f59308f7000 ---p 00000000 00:00 0 
7f59308f7000-7f5930bf5000 rw-p 00000000 00:00 0 
7f5930bf5000-7f5930df5000 rw-p 00000000 00:00 0 
7f5930df5000-7f5930dfe000 r-xp 00000000 ca:01 256894                     /usr/lib/jvm/java-8-openjdk-amd64/jre/lib/amd64/libmanagement.so
7f5930dfe000-7f5930ffd000 ---p 00009000 ca:01 256894                     /usr/lib/jvm/java-8-openjdk-amd64/jre/lib/amd64/libmanagement.so
7f5930ffd000-7f5930ffe000 r--p 00008000 ca:01 256894                     /usr/lib/jvm/java-8-openjdk-amd64/jre/lib/amd64/libmanagement.so
7f5930ffe000-7f5930fff000 rw-p 00009000 ca:01 256894                     /usr/lib/jvm/java-8-openjdk-amd64/jre/lib/amd64/libmanagement.so
7f5930fff000-7f5934000000 rw-p 00000000 00:00 0 
7f5934000000-7f593530c000 rw-p 00000000 00:00 0 
7f593530c000-7f5938000000 ---p 00000000 00:00 0 
7f5938000000-7f5938354000 rw-p 00000000 00:00 0 
7f5938354000-7f593c000000 ---p 00000000 00:00 0 
7f593c000000-7f593c02b000 rw-p 00000000 00:00 0 
7f593c02b000-7f5940000000 ---p 00000000 00:00 0 
7f5940000000-7f59435e6000 rw-p 00000000 00:00 0 
7f59435e6000-7f5944000000 ---p 00000000 00:00 0 
7f5944000000-7f5944264000 rw-p 00000000 00:00 0 
7f5944264000-7f5948000000 ---p 00000000 00:00 0 
7f5948000000-7f594803a000 rw-p 00000000 00:00 0 
7f594803a000-7f594c000000 ---p 00000000 00:00 0 
7f594c000000-7f594c468000 rw-p 00000000 00:00 0 
7f594c468000-7f5950000000 ---p 00000000 00:00 0 
7f595008d000-7f5950090000 ---p 00000000 00:00 0 
7f5950090000-7f59500c6000 rw-p 00000000 00:00 0 
7f59500c6000-7f59500c9000 ---p 00000000 00:00 0 
7f59500c9000-7f59501c7000 rw-p 00000000 00:00 0 
7f59501c7000-7f59501ca000 ---p 00000000 00:00 0 
7f59501ca000-7f59502c8000 rw-p 00000000 00:00 0 
7f59502c8000-7f59502cb000 ---p 00000000 00:00 0 
7f59502cb000-7f59505c9000 rw-p 00000000 00:00 0 
7f59505c9000-7f59505e0000 r-xp 00000000 ca:01 256888                     /usr/lib/jvm/java-8-openjdk-amd64/jre/lib/amd64/libnet.so
7f59505e0000-7f59507df000 ---p 00017000 ca:01 256888                     /usr/lib/jvm/java-8-openjdk-amd64/jre/lib/amd64/libnet.so
7f59507df000-7f59507e0000 r--p 00016000 ca:01 256888                     /usr/lib/jvm/java-8-openjdk-amd64/jre/lib/amd64/libnet.so
7f59507e0000-7f59507e1000 rw-p 00017000 ca:01 256888                     /usr/lib/jvm/java-8-openjdk-amd64/jre/lib/amd64/libnet.so
7f59507e1000-7f59507e2000 r--s 00009000 ca:01 261845                     /home/ubuntu/spark-2.1.1-bin-hadoop2.7/jars/slf4j-api-1.7.16.jar
7f59507e2000-7f59507e3000 r--s 00004000 ca:01 261710                     /home/ubuntu/spark-2.1.1-bin-hadoop2.7/jars/jackson-jaxrs-1.9.13.jar
7f59507e3000-7f59507e5000 r--s 00012000 ca:01 261803                     /home/ubuntu/spark-2.1.1-bin-hadoop2.7/jars/api-util-1.0.0-M20.jar
7f59507e5000-7f59507ed000 r--s 00066000 ca:01 261732                     /home/ubuntu/spark-2.1.1-bin-hadoop2.7/jars/apache-log4j-extras-1.2.17.jar
7f59507ed000-7f59507ef000 r--s 00004000 ca:01 261587                     /home/ubuntu/spark-2.1.1-bin-hadoop2.7/jars/stax-api-1.0-2.jar
7f59507ef000-7f59507fd000 r--s 00078000 ca:01 261756                     /home/ubuntu/spark-2.1.1-bin-hadoop2.7/jars/spark-mesos_2.11-2.1.1.jar
7f595080d000-7f595080f000 r--s 00016000 ca:01 256882                     /usr/lib/jvm/java-8-openjdk-amd64/jre/lib/jce.jar
7f595080f000-7f5950814000 r--s 0009d000 ca:01 256862                     /usr/lib/jvm/java-8-openjdk-amd64/jre/lib/jsse.jar
7f5950814000-7f5950827000 r--s 00346000 ca:01 256864                     /usr/lib/jvm/java-8-openjdk-amd64/jre/lib/resources.jar
7f5950827000-7f595082a000 r--s 00015000 ca:01 261533                     /home/ubuntu/spark-2.1.1-bin-hadoop2.7/jars/javax.servlet-api-3.1.0.jar
7f595082a000-7f5950856000 r--s 001c9000 ca:01 261798                     /home/ubuntu/spark-2.1.1-bin-hadoop2.7/jars/shapeless_2.11-2.0.0.jar
7f5950856000-7f5950861000 r--s 000b0000 ca:01 261731                     /home/ubuntu/spark-2.1.1-bin-hadoop2.7/jars/jtransforms-2.4.0.jar
7f5950861000-7f5950867000 r--s 00043000 ca:01 261858                     /home/ubuntu/spark-2.1.1-bin-hadoop2.7/jars/commons-configuration-1.6.jar
7f5950867000-7f595086b000 r--s 00019000 ca:01 261784                     /home/ubuntu/spark-2.1.1-bin-hadoop2.7/jars/javax.ws.rs-api-2.0.1.jar
7f595086b000-7f595086d000 r--s 00009000 ca:01 261839                     /home/ubuntu/spark-2.1.1-bin-hadoop2.7/jars/commons-cli-1.2.jar
7f595086d000-7f5950877000 r--s 00095000 ca:01 261728                     /home/ubuntu/spark-2.1.1-bin-hadoop2.7/jars/scala-xml_2.11-1.0.2.jar
7f5950877000-7f595087c000 r--s 00031000 ca:01 261744                     /home/ubuntu/spark-2.1.1-bin-hadoop2.7/jars/parquet-hadoop-1.8.1.jar
7f595087c000-7f5950880000 r--s 00020000 ca:01 261720                     /home/ubuntu/spark-2.1.1-bin-hadoop2.7/jars/commons-digester-1.8.jar
7f5950880000-7f5950882000 r--s 00027000 ca:01 261790                     /home/ubuntu/spark-2.1.1-bin-hadoop2.7/jars/core-1.1.2.jar
7f5950882000-7f5950899000 r--s 00183000 ca:01 261753                     /home/ubuntu/spark-2.1.1-bin-hadoop2.7/jars/hadoop-yarn-common-2.7.3.jar
7f5950899000-7f595089a000 r--s 00004000 ca:01 261711                     /home/ubuntu/spark-2.1.1-bin-hadoop2.7/jars/eigenbase-properties-1.1.5.jar
7f595089a000-7f59508a0000 r--s 00044000 ca:01 261763                     /home/ubuntu/spark-2.1.1-bin-hadoop2.7/jars/antlr4-runtime-4.5.3.jar
7f59508a0000-7f59508a2000 r--s 0000b000 ca:01 261840                     /home/ubuntu/spark-2.1.1-bin-hadoop2.7/jars/chill-java-0.8.0.jar
7f59508a2000-7f59508ac000 r--s 00086000 ca:01 261718                     /home/ubuntu/spark-2.1.1-bin-hadoop2.7/jars/json4s-core_2.11-3.2.11.jar
7f59508ac000-7f59508ae000 r--s 0000f000 ca:01 261566                     /home/ubuntu/spark-2.1.1-bin-hadoop2.7/jars/activation-1.1.1.jar
7f59508ae000-7f59508b2000 r--s 00031000 ca:01 261583                     /home/ubuntu/spark-2.1.1-bin-hadoop2.7/jars/jline-2.12.1.jar
7f59508b2000-7f59508b8000 r--s 00028000 ca:01 261745                     /home/ubuntu/spark-2.1.1-bin-hadoop2.7/jars/curator-framework-2.6.0.jar
7f59508b8000-7f59508c5000 r--s 000b1000 ca:01 261545                     /home/ubuntu/spark-2.1.1-bin-hadoop2.7/jars/hadoop-mapreduce-client-common-2.7.3.jar
7f59508c5000-7f59508c7000 r--s 00009000 ca:01 261758                     /home/ubuntu/spark-2.1.1-bin-hadoop2.7/jars/jackson-module-paranamer-2.6.5.jar
7f59508c7000-7f59508f5000 r--s 00212000 ca:01 261712                     /home/ubuntu/spark-2.1.1-bin-hadoop2.7/jars/spark-network-common_2.11-2.1.1.jar
7f59508f5000-7f59508fd000 r--s 0006e000 ca:01 261765                     /home/ubuntu/spark-2.1.1-bin-hadoop2.7/jars/commons-lang3-3.5.jar
7f59508fd000-7f59508fe000 r--s 00009000 ca:01 261830                     /home/ubuntu/spark-2.1.1-bin-hadoop2.7/jars/hive-cli-1.2.1.spark2.jar
7f59508fe000-7f5950914000 r--s 001a4000 ca:01 261613                     /home/ubuntu/spark-2.1.1-bin-hadoop2.7/jars/datanucleus-rdbms-3.2.9.jar
7f5950914000-7f5950925000 r--s 0010d000 ca:01 261714                     /home/ubuntu/spark-2.1.1-bin-hadoop2.7/jars/jackson-databind-2.6.5.jar
7f5950925000-7f5950927000 r--s 0000a000 ca:01 261612                     /home/ubuntu/spark-2.1.1-bin-hadoop2.7/jars/spark-unsafe_2.11-2.1.1.jar
7f5950927000-7f595094b000 r--s 001cd000 ca:01 261855                     /home/ubuntu/spark-2.1.1-bin-hadoop2.7/jars/commons-math3-3.4.1.jar
7f595094b000-7f595094f000 r--s 0002a000 ca:01 261747                     /home/ubuntu/spark-2.1.1-bin-hadoop2.7/jars/commons-io-2.4.jar
7f595094f000-7f5950957000 r--s 00059000 ca:01 261611                     /home/ubuntu/spark-2.1.1-bin-hadoop2.7/jars/javolution-5.5.1.jar
7f5950957000-7f5950958000 r--s 00003000 ca:01 261568                     /home/ubuntu/spark-2.1.1-bin-hadoop2.7/jars/jta-1.1.jar
7f5950958000-7f595095b000 r--s 00009000 ca:01 261751                     /home/ubuntu/spark-2.1.1-bin-hadoop2.7/jars/jackson-annotations-2.6.5.jar
7f595095b000-7f59509cf000 r--s 00574000 ca:01 261739                     /home/ubuntu/spark-2.1.1-bin-hadoop2.7/jars/spark-mllib_2.11-2.1.1.jar
7f59509cf000-7f59509ea000 r--s 001d8000 ca:01 261572                     /home/ubuntu/spark-2.1.1-bin-hadoop2.7/jars/jets3t-0.9.3.jar
7f59509ea000-7f5950a75000 r--s 0069e000 ca:01 261713                     /home/ubuntu/spark-2.1.1-bin-hadoop2.7/jars/spark-catalyst_2.11-2.1.1.jar
7f5950a75000-7f5950a7a000 r--s 0002a000 ca:01 261576                     /home/ubuntu/spark-2.1.1-bin-hadoop2.7/jars/commons-beanutils-1.7.0.jar
7f5950a7a000-7f5950a7c000 r--s 00006000 ca:01 261588                     /home/ubuntu/spark-2.1.1-bin-hadoop2.7/jars/paranamer-2.3.jar
7f5950a7c000-7f5950a80000 r--s 0002c000 ca:01 261748                     /home/ubuntu/spark-2.1.1-bin-hadoop2.7/jars/avro-ipc-1.7.7.jar
7f5950a80000-7f5950a81000 r--s 00003000 ca:01 261594                     /home/ubuntu/spark-2.1.1-bin-hadoop2.7/jars/xmlenc-0.52.jar
7f5950a81000-7f5950a9e000 r--s 001d5000 ca:01 261860                     /home/ubuntu/spark-2.1.1-bin-hadoop2.7/jars/hadoop-yarn-api-2.7.3.jar
7f5950a9e000-7f5950a9f000 r--s 00004000 ca:01 261716                     /home/ubuntu/spark-2.1.1-bin-hadoop2.7/jars/opencsv-2.3.jar
7f5950a9f000-7f5950aa3000 r--s 00014000 ca:01 261856                     /home/ubuntu/spark-2.1.1-bin-hadoop2.7/jars/xz-1.0.jar
7f5950aa3000-7f5950aa6000 r--s 000fd000 ca:01 261604                     /home/ubuntu/spark-2.1.1-bin-hadoop2.7/jars/leveldbjni-all-1.8.jar
7f5950aa6000-7f5950aac000 r--s 00063000 ca:01 261849                     /home/ubuntu/spark-2.1.1-bin-hadoop2.7/jars/jodd-core-3.5.2.jar
7f5950aac000-7f5950ab0000 r--s 00030000 ca:01 261532                     /home/ubuntu/spark-2.1.1-bin-hadoop2.7/jars/commons-net-2.2.jar
7f5950ab0000-7f5950ab4000 r--s 00028000 ca:01 261608                     /home/ubuntu/spark-2.1.1-bin-hadoop2.7/jars/spark-mllib-local_2.11-2.1.1.jar
7f5950ab4000-7f5950abb000 r--s 0007d000 ca:01 261722                     /home/ubuntu/spark-2.1.1-bin-hadoop2.7/jars/jetty-6.1.26.jar
7f5950abb000-7f5950abe000 r--s 0002f000 ca:01 261546                     /home/ubuntu/spark-2.1.1-bin-hadoop2.7/jars/RoaringBitmap-0.5.11.jar
7f5950abe000-7f5950abf000 r--s 00004000 ca:01 261866                     /home/ubuntu/spark-2.1.1-bin-hadoop2.7/jars/osgi-resource-locator-1.0.1.jar
7f5950abf000-7f5950ae0000 r--s 0019b000 ca:01 261796                     /home/ubuntu/spark-2.1.1-bin-hadoop2.7/jars/spark-hive-thriftserver_2.11-2.1.1.jar
7f5950ae0000-7f5950ae5000 r--s 00041000 ca:01 261740                     /home/ubuntu/spark-2.1.1-bin-hadoop2.7/jars/commons-lang-2.6.jar
7f5950ae5000-7f5950ae7000 r--s 00020000 ca:01 261749                     /home/ubuntu/spark-2.1.1-bin-hadoop2.7/jars/hive-beeline-1.2.1.spark2.jar
7f5950ae7000-7f5950aee000 r--s 00049000 ca:01 261736                     /home/ubuntu/spark-2.1.1-bin-hadoop2.7/jars/httpcore-4.4.4.jar
7f5950aee000-7f5950af0000 r--s 00014000 ca:01 261717                     /home/ubuntu/spark-2.1.1-bin-hadoop2.7/jars/spire-macros_2.11-0.7.4.jar
7f5950af0000-7f5950af1000 r--s 00001000 ca:01 261621                     /home/ubuntu/spark-2.1.1-bin-hadoop2.7/jars/pmml-schema-1.2.15.jar
7f5950af1000-7f5950af5000 r--s 00028000 ca:01 261573                     /home/ubuntu/spark-2.1.1-bin-hadoop2.7/jars/jetty-util-6.1.26.jar
7f5950af5000-7f5950af8000 r--s 00006000 ca:01 261721                     /home/ubuntu/spark-2.1.1-bin-hadoop2.7/jars/jsr305-1.3.9.jar
7f5950af8000-7f5950aff000 r--s 0005d000 ca:01 261793                     /home/ubuntu/spark-2.1.1-bin-hadoop2.7/jars/mx4j-3.0.2.jar
7f5950aff000-7f5950b01000 r--s 0000e000 ca:01 261821                     /home/ubuntu/spark-2.1.1-bin-hadoop2.7/jars/guice-servlet-3.0.jar
7f5950b01000-7f5950b09000 r--s 0007b000 ca:01 261737                     /home/ubuntu/spark-2.1.1-bin-hadoop2.7/jars/protobuf-java-2.5.0.jar
7f5950b09000-7f5950b12000 r--s 00062000 ca:01 261580                     /home/ubuntu/spark-2.1.1-bin-hadoop2.7/jars/avro-1.7.7.jar
7f5950b12000-7f5950b14000 r--s 00003000 ca:01 261733                     /home/ubuntu/spark-2.1.1-bin-hadoop2.7/jars/jcl-over-slf4j-1.7.16.jar
7f5950b14000-7f5950be4000 r--s 00cf0000 ca:01 261540                     /home/ubuntu/spark-2.1.1-bin-hadoop2.7/jars/breeze_2.11-0.12.jar
7f5950be4000-7f5950be5000 r--s 00002000 ca:01 261619                     /home/ubuntu/spark-2.1.1-bin-hadoop2.7/jars/slf4j-log4j12-1.7.16.jar
7f5950be5000-7f5950be7000 r--s 00006000 ca:01 261578                     /home/ubuntu/spark-2.1.1-bin-hadoop2.7/jars/spark-sketch_2.11-2.1.1.jar
7f5950be7000-7f5950bec000 r--s 00068000 ca:01 261791                     /home/ubuntu/spark-2.1.1-bin-hadoop2.7/jars/antlr-2.7.7.jar
7f5950bec000-7f5950bee000 r--s 00000000 ca:01 261759                     /home/ubuntu/spark-2.1.1-bin-hadoop2.7/jars/aopalliance-1.0.jar
7f5950bee000-7f5950bf0000 r--s 00012000 ca:01 261730                     /home/ubuntu/spark-2.1.1-bin-hadoop2.7/jars/compress-lzf-1.0.3.jar
7f5950bf0000-7f5950bfd000 r--s 0009e000 ca:01 261822                     /home/ubuntu/spark-2.1.1-bin-hadoop2.7/jars/spark-graphx_2.11-2.1.1.jar
7f5950bfd000-7f5950c02000 r--s 00028000 ca:01 261841                     /home/ubuntu/spark-2.1.1-bin-hadoop2.7/jars/avro-mapred-1.7.7-hadoop2.jar
7f5950c02000-7f5950c18000 r--s 00124000 ca:01 261833                     /home/ubuntu/spark-2.1.1-bin-hadoop2.7/jars/ivy-2.4.0.jar
7f5950c18000-7f5950c20000 r--s 00078000 ca:01 261805                     /home/ubuntu/spark-2.1.1-bin-hadoop2.7/jars/mail-1.4.7.jar
7f5950c20000-7f5950c25000 r--s 0004e000 ca:01 261582                     /home/ubuntu/spark-2.1.1-bin-hadoop2.7/jars/datanucleus-api-jdo-3.2.6.jar
7f5950c25000-7f5950cfd000 r--s 00a88000 ca:01 261543                     /home/ubuntu/spark-2.1.1-bin-hadoop2.7/jars/spark-core_2.11-2.1.1.jar
7f5950cfd000-7f5950d15000 r--s 001b6000 ca:01 261569                     /home/ubuntu/spark-2.1.1-bin-hadoop2.7/jars/datanucleus-core-3.2.10.jar
7f5950d15000-7f5950d29000 r--s 000ec000 ca:01 261539                     /home/ubuntu/spark-2.1.1-bin-hadoop2.7/jars/parquet-jackson-1.8.1.jar
7f5950d29000-7f5950d2b000 r--s 0000e000 ca:01 261785                     /home/ubuntu/spark-2.1.1-bin-hadoop2.7/jars/hadoop-mapreduce-client-jobclient-2.7.3.jar
7f5950d2b000-7f5950d2d000 r--s 0000e000 ca:01 261536                     /home/ubuntu/spark-2.1.1-bin-hadoop2.7/jars/oro-2.0.8.jar
7f5950d2d000-7f5950d2f000 r--s 00003000 ca:01 261826                     /home/ubuntu/spark-2.1.1-bin-hadoop2.7/jars/JavaEWAH-0.3.2.jar
7f5950d2f000-7f5950d31000 r--s 0000f000 ca:01 261757                     /home/ubuntu/spark-2.1.1-bin-hadoop2.7/jars/spark-launcher_2.11-2.1.1.jar
7f5950d31000-7f5950d53000 r--s 00335000 ca:01 261750                     /home/ubuntu/spark-2.1.1-bin-hadoop2.7/jars/mesos-1.0.0-shaded-protobuf.jar
7f5950d53000-7f5950d54000 r--s 00001000 ca:01 261610                     /home/ubuntu/spark-2.1.1-bin-hadoop2.7/jars/minlog-1.3.0.jar
7f5950d54000-7f5950d57000 r--s 0001a000 ca:01 261834                     /home/ubuntu/spark-2.1.1-bin-hadoop2.7/jars/py4j-0.10.4.jar
7f5950d57000-7f5950d58000 r--s 00009000 ca:01 261601                     /home/ubuntu/spark-2.1.1-bin-hadoop2.7/jars/json4s-jackson_2.11-3.2.11.jar
7f5950d58000-7f5950d5a000 r--s 0000d000 ca:01 261725                     /home/ubuntu/spark-2.1.1-bin-hadoop2.7/jars/hadoop-yarn-server-web-proxy-2.7.3.jar
7f5950d5a000-7f5950dbd000 r--s 004de000 ca:01 261719                     /home/ubuntu/spark-2.1.1-bin-hadoop2.7/jars/hive-metastore-1.2.1.spark2.jar
7f5950dbd000-7f5950dc4000 r--s 00039000 ca:01 261727                     /home/ubuntu/spark-2.1.1-bin-hadoop2.7/jars/calcite-avatica-1.2.0-incubating.jar
7f5950dc4000-7f5950dcb000 r--s 0003f000 ca:01 261603                     /home/ubuntu/spark-2.1.1-bin-hadoop2.7/jars/commons-codec-1.10.jar
7f5950dcb000-7f5950dcd000 r--s 00100000 ca:01 261842                     /home/ubuntu/spark-2.1.1-bin-hadoop2.7/jars/snappy-java-1.1.2.6.jar
7f5950dcd000-7f5950dd1000 r--s 00029000 ca:01 261591                     /home/ubuntu/spark-2.1.1-bin-hadoop2.7/jars/hk2-locator-2.4.0-b34.jar
7f5950dd1000-7f5950dd4000 r--s 0000d000 ca:01 261742                     /home/ubuntu/spark-2.1.1-bin-hadoop2.7/jars/spark-network-shuffle_2.11-2.1.1.jar
7f5950dd4000-7f5950dd5000 r--s 00006000 ca:01 261788                     /home/ubuntu/spark-2.1.1-bin-hadoop2.7/jars/jackson-xc-1.9.13.jar
7f5950dd5000-7f5950deb000 r--s 000d1000 ca:01 261585                     /home/ubuntu/spark-2.1.1-bin-hadoop2.7/jars/parquet-column-1.8.1.jar
7f5950deb000-7f5950e10000 rw-p 00000000 00:00 0 
7f5950e10000-7f5950f1c000 r--s 00dba000 ca:01 261859                     /home/ubuntu/spark-2.1.1-bin-hadoop2.7/jars/scala-compiler-2.11.8.jar
7f5950f1c000-7f5950f1d000 r--s 00002000 ca:01 261764                     /home/ubuntu/spark-2.1.1-bin-hadoop2.7/jars/jpam-1.1.jar
7f5950f1d000-7f5950f2c000 r--s 0009f000 ca:01 261734                     /home/ubuntu/spark-2.1.1-bin-hadoop2.7/jars/guice-3.0.jar
7f5950f2c000-7f5950f45000 r--s 00150000 ca:01 261626                     /home/ubuntu/spark-2.1.1-bin-hadoop2.7/jars/htrace-core-3.1.0-incubating.jar
7f5950f45000-7f5950f5b000 r--s 000d3000 ca:01 261625                     /home/ubuntu/spark-2.1.1-bin-hadoop2.7/jars/jersey-server-2.22.2.jar
7f5950f5b000-7f5950f5d000 r--s 00008000 ca:01 261581                     /home/ubuntu/spark-2.1.1-bin-hadoop2.7/jars/parquet-common-1.8.1.jar
7f5950f5d000-7f5950f61000 r--s 0003c000 ca:01 261854                     /home/ubuntu/spark-2.1.1-bin-hadoop2.7/jars/jackson-core-2.6.5.jar
7f5950f61000-7f5950f6c000 r--s 00062000 ca:01 261729                     /home/ubuntu/spark-2.1.1-bin-hadoop2.7/jars/calcite-linq4j-1.2.0-incubating.jar
7f5950f6c000-7f5950fa2000 r--s 0031c000 ca:01 261565                     /home/ubuntu/spark-2.1.1-bin-hadoop2.7/jars/hadoop-common-2.7.3.jar
7f5950fa2000-7f5950fa6000 r--s 0001a000 ca:01 261579                     /home/ubuntu/spark-2.1.1-bin-hadoop2.7/jars/hk2-utils-2.4.0-b34.jar
7f5950fa6000-7f5950fb2000 r--s 000b6000 ca:01 261831                     /home/ubuntu/spark-2.1.1-bin-hadoop2.7/jars/zookeeper-3.4.6.jar
7f5950fb2000-7f5950fb8000 r--s 00040000 ca:01 261709                     /home/ubuntu/spark-2.1.1-bin-hadoop2.7/jars/parquet-encoding-1.8.1.jar
7f5950fb8000-7f5950fbd000 r--s 00036000 ca:01 261574                     /home/ubuntu/spark-2.1.1-bin-hadoop2.7/jars/commons-compress-1.4.1.jar
7f5950fbd000-7f5950fea000 r--s 001d4000 ca:01 261863                     /home/ubuntu/spark-2.1.1-bin-hadoop2.7/jars/spark-streaming_2.11-2.1.1.jar
7f5950fea000-7f5950fed000 r--s 00022000 ca:01 261806                     /home/ubuntu/spark-2.1.1-bin-hadoop2.7/jars/stringtemplate-3.2.1.jar
7f5950fed000-7f5950ff4000 r--s 00036000 ca:01 261624                     /home/ubuntu/spark-2.1.1-bin-hadoop2.7/jars/curator-recipes-2.6.0.jar
7f5950ff4000-7f5950ff8000 r--s 00029000 ca:01 261548                     /home/ubuntu/spark-2.1.1-bin-hadoop2.7/jars/breeze-macros_2.11-0.12.jar
7f5950ff8000-7f5950ffc000 r--s 00036000 ca:01 261851                     /home/ubuntu/spark-2.1.1-bin-hadoop2.7/jars/ST4-4.0.4.jar
7f5950ffc000-7f5951000000 r--s 00018000 ca:01 261584                     /home/ubuntu/spark-2.1.1-bin-hadoop2.7/jars/metrics-core-3.1.2.jar
7f5951000000-7f5954090000 rwxp 00000000 00:00 0 
7f5954090000-7f5960000000 ---p 00000000 00:00 0 
7f5960000000-7f5960d8f000 rw-p 00000000 00:00 0 
7f5960d8f000-7f5964000000 ---p 00000000 00:00 0 
7f5964000000-7f5964002000 r--s 00002000 ca:01 261606                     /home/ubuntu/spark-2.1.1-bin-hadoop2.7/jars/aopalliance-repackaged-2.4.0-b34.jar
7f5964002000-7f5964010000 r--s 000b1000 ca:01 261754                     /home/ubuntu/spark-2.1.1-bin-hadoop2.7/jars/jackson-mapper-asl-1.9.13.jar
7f5964010000-7f5964020000 r--s 000a0000 ca:01 261599                     /home/ubuntu/spark-2.1.1-bin-hadoop2.7/jars/spark-yarn_2.11-2.1.1.jar
7f5964020000-7f5964021000 r--s 00003000 ca:01 261590                     /home/ubuntu/spark-2.1.1-bin-hadoop2.7/jars/spark-tags_2.11-2.1.1.jar
7f5964021000-7f5964033000 r--s 00097000 ca:01 261804                     /home/ubuntu/spark-2.1.1-bin-hadoop2.7/jars/apacheds-kerberos-codec-2.0.0-M15.jar
7f5964033000-7f5964036000 r--s 00017000 ca:01 261800                     /home/ubuntu/spark-2.1.1-bin-hadoop2.7/jars/jaxb-api-2.2.2.jar
7f5964036000-7f5964038000 r--s 00009000 ca:01 261848                     /home/ubuntu/spark-2.1.1-bin-hadoop2.7/jars/objenesis-2.1.jar
7f5964038000-7f59640a3000 r--s 00784000 ca:01 261535                     /home/ubuntu/spark-2.1.1-bin-hadoop2.7/jars/hadoop-hdfs-2.7.3.jar
7f59640a3000-7f59640a5000 r--s 00010000 ca:01 261752                     /home/ubuntu/spark-2.1.1-bin-hadoop2.7/jars/jersey-media-jaxb-2.22.2.jar
7f59640a5000-7f59640b2000 r--s 00083000 ca:01 261598                     /home/ubuntu/spark-2.1.1-bin-hadoop2.7/jars/commons-collections-3.2.2.jar
7f59640b2000-7f59640b9000 r--s 00051000 ca:01 261542                     /home/ubuntu/spark-2.1.1-bin-hadoop2.7/jars/kryo-shaded-3.0.3.jar
7f59640b9000-7f59640f0000 r--s 00325000 ca:01 261802                     /home/ubuntu/spark-2.1.1-bin-hadoop2.7/jars/calcite-core-1.2.0-incubating.jar
7f59640f0000-7f59640f3000 r--s 00012000 ca:01 261602                     /home/ubuntu/spark-2.1.1-bin-hadoop2.7/jars/json4s-ast_2.11-3.2.11.jar
7f59640f3000-7f59640f5000 r--s 0000e000 ca:01 261794                     /home/ubuntu/spark-2.1.1-bin-hadoop2.7/jars/commons-logging-1.1.3.jar
7f59640f5000-7f596419e000 r--s 00a4f000 ca:01 261801                     /home/ubuntu/spark-2.1.1-bin-hadoop2.7/jars/hive-exec-1.2.1.spark2.jar
7f596419e000-7f596419f000 r--s 0000b000 ca:01 261631                     /home/ubuntu/spark-2.1.1-bin-hadoop2.7/jars/snappy-0.2.jar
7f596419f000-7f59641a2000 r--s 00028000 ca:01 261541                     /home/ubuntu/spark-2.1.1-bin-hadoop2.7/jars/stream-2.7.0.jar
7f59641a2000-7f59641d6000 r--s 00277000 ca:01 261592                     /home/ubuntu/spark-2.1.1-bin-hadoop2.7/jars/parquet-hadoop-bundle-1.6.0.jar
7f59641d6000-7f59641da000 r--s 0000c000 ca:01 261617                     /home/ubuntu/spark-2.1.1-bin-hadoop2.7/jars/validation-api-1.1.0.Final.jar
7f59641da000-7f5964203000 r--s 001ee000 ca:01 261862                     /home/ubuntu/spark-2.1.1-bin-hadoop2.7/jars/guava-14.0.1.jar
7f5964203000-7f5964210000 r--s 00071000 ca:01 261832                     /home/ubuntu/spark-2.1.1-bin-hadoop2.7/jars/jackson-module-scala_2.11-2.6.5.jar
7f5964210000-7f5964229000 r--s 00114000 ca:01 261577                     /home/ubuntu/spark-2.1.1-bin-hadoop2.7/jars/spark-hive_2.11-2.1.1.jar
7f5964229000-7f5964241000 r--s 00115000 ca:01 261824                     /home/ubuntu/spark-2.1.1-bin-hadoop2.7/jars/netty-3.8.0.Final.jar
7f5964241000-7f596429a000 r--s 00522000 ca:01 261865                     /home/ubuntu/spark-2.1.1-bin-hadoop2.7/jars/scala-library-2.11.8.jar
7f596429a000-7f59642a1000 r--s 00049000 ca:01 261852                     /home/ubuntu/spark-2.1.1-bin-hadoop2.7/jars/univocity-parsers-2.2.1.jar
7f59642a1000-7f59642ed000 r--s 00411000 ca:01 261857                     /home/ubuntu/spark-2.1.1-bin-hadoop2.7/jars/scala-reflect-2.11.8.jar
7f59642ed000-7f59642fb000 r--s 0009d000 ca:01 261614                     /home/ubuntu/spark-2.1.1-bin-hadoop2.7/jars/jersey-common-2.22.2.jar
7f59642fb000-7f5964305000 r--s 000aa000 ca:01 261762                     /home/ubuntu/spark-2.1.1-bin-hadoop2.7/jars/janino-3.0.0.jar
7f5964305000-7f5964306000 r--s 00008000 ca:01 261844                     /home/ubuntu/spark-2.1.1-bin-hadoop2.7/jars/commons-compiler-3.0.0.jar
7f5964306000-7f596430f000 r--s 00097000 ca:01 261837                     /home/ubuntu/spark-2.1.1-bin-hadoop2.7/jars/pmml-model-1.2.15.jar
7f596430f000-7f5964311000 r--s 00005000 ca:01 261741                     /home/ubuntu/spark-2.1.1-bin-hadoop2.7/jars/stax-api-1.0.1.jar
7f5964311000-7f5964315000 r--s 00035000 ca:01 261597                     /home/ubuntu/spark-2.1.1-bin-hadoop2.7/jars/jackson-core-asl-1.9.13.jar
7f5964315000-7f5964318000 r--s 00019000 ca:01 261530                     /home/ubuntu/spark-2.1.1-bin-hadoop2.7/jars/bonecp-0.8.0.RELEASE.jar
7f5964318000-7f596431a000 r--s 00038000 ca:01 261789                     /home/ubuntu/spark-2.1.1-bin-hadoop2.7/jars/lz4-1.3.0.jar
7f596431a000-7f5964333000 r--s 00164000 ca:01 261738                     /home/ubuntu/spark-2.1.1-bin-hadoop2.7/jars/hadoop-mapreduce-client-core-2.7.3.jar
7f5964333000-7f5964336000 r--s 00026000 ca:01 261792                     /home/ubuntu/spark-2.1.1-bin-hadoop2.7/jars/hadoop-yarn-client-2.7.3.jar
7f5964336000-7f5964338000 r--s 00017000 ca:01 261607                     /home/ubuntu/spark-2.1.1-bin-hadoop2.7/jars/hive-jdbc-1.2.1.spark2.jar
7f5964338000-7f59643b9000 r--s 005d9000 ca:01 261746                     /home/ubuntu/spark-2.1.1-bin-hadoop2.7/jars/spark-sql_2.11-2.1.1.jar
7f59643b9000-7f59643ba000 r--s 00006000 ca:01 261755                     /home/ubuntu/spark-2.1.1-bin-hadoop2.7/jars/hadoop-client-2.7.3.jar
7f59643ba000-7f59643c1000 r--s 00058000 ca:01 261609                     /home/ubuntu/spark-2.1.1-bin-hadoop2.7/jars/hadoop-yarn-server-common-2.7.3.jar
7f59643c1000-7f59643c2000 r--s 0000a000 ca:01 261616                     /home/ubuntu/spark-2.1.1-bin-hadoop2.7/jars/apacheds-i18n-2.0.0-M15.jar
7f59643c2000-7f59643c3000 r--s 00000000 ca:01 261600                     /home/ubuntu/spark-2.1.1-bin-hadoop2.7/jars/javax.inject-1.jar
7f59643c3000-7f59643c9000 r--s 00045000 ca:01 261605                     /home/ubuntu/spark-2.1.1-bin-hadoop2.7/jars/commons-httpclient-3.1.jar
7f59643c9000-7f59643d6000 r--s 000a7000 ca:01 261627                     /home/ubuntu/spark-2.1.1-bin-hadoop2.7/jars/httpclient-4.5.2.jar
7f59643d6000-7f59643d8000 r--s 0001f000 ca:01 261825                     /home/ubuntu/spark-2.1.1-bin-hadoop2.7/jars/commons-crypto-1.0.0.jar
7f59643d8000-7f59643dd000 r--s 0002a000 ca:01 261735                     /home/ubuntu/spark-2.1.1-bin-hadoop2.7/jars/gson-2.2.4.jar
7f59643dd000-7f596441d000 r--s 00277000 ca:01 261767                     /home/ubuntu/spark-2.1.1-bin-hadoop2.7/jars/bcprov-jdk15on-1.51.jar
7f596441d000-7f5964420000 r--s 00016000 ca:01 261593                     /home/ubuntu/spark-2.1.1-bin-hadoop2.7/jars/jsp-api-2.1.jar
7f5964420000-7f5964421000 r--s 00001000 ca:01 261838                     /home/ubuntu/spark-2.1.1-bin-hadoop2.7/jars/javax.inject-2.4.0-b34.jar
7f5964421000-7f5964422000 r--s 00002000 ca:01 261586                     /home/ubuntu/spark-2.1.1-bin-hadoop2.7/jars/java-xmlbuilder-1.0.jar
7f5964422000-7f5964424000 r--s 00015000 ca:01 261547                     /home/ubuntu/spark-2.1.1-bin-hadoop2.7/jars/hadoop-auth-2.7.3.jar
7f5964424000-7f5964428000 r--s 0002f000 ca:01 261795                     /home/ubuntu/spark-2.1.1-bin-hadoop2.7/jars/commons-beanutils-core-1.8.0.jar
7f5964428000-7f5964457000 r--s 002e5000 ca:01 261846                     /home/ubuntu/spark-2.1.1-bin-hadoop2.7/jars/derby-10.12.1.1.jar
7f5964457000-7f5964459000 r--s 00008000 ca:01 261544                     /home/ubuntu/spark-2.1.1-bin-hadoop2.7/jars/metrics-jvm-3.1.2.jar
7f5964459000-7f596445c000 r--s 00015000 ca:01 261723                     /home/ubuntu/spark-2.1.1-bin-hadoop2.7/jars/pyrolite-4.13.jar
7f596445c000-7f596445e000 r--s 0000e000 ca:01 261760                     /home/ubuntu/spark-2.1.1-bin-hadoop2.7/jars/spark-repl_2.11-2.1.1.jar
7f596445e000-7f5964467000 r--s 0006f000 ca:01 261724                     /home/ubuntu/spark-2.1.1-bin-hadoop2.7/jars/log4j-1.2.17.jar
7f5964467000-7f596446b000 r--s 00025000 ca:01 261850                     /home/ubuntu/spark-2.1.1-bin-hadoop2.7/jars/jersey-client-2.22.2.jar
7f596446b000-7f5964472000 r--s 00058000 ca:01 261589                     /home/ubuntu/spark-2.1.1-bin-hadoop2.7/jars/parquet-format-2.3.0-incubating.jar
7f5964472000-7f5964474000 r--s 00003000 ca:01 261615                     /home/ubuntu/spark-2.1.1-bin-hadoop2.7/jars/api-asn1-api-1.0.0-M20.jar
7f5964474000-7f596447e000 r--s 0007b000 ca:01 261847                     /home/ubuntu/spark-2.1.1-bin-hadoop2.7/jars/hadoop-mapreduce-client-app-2.7.3.jar
7f596447e000-7f5964481000 r--s 0000e000 ca:01 261575                     /home/ubuntu/spark-2.1.1-bin-hadoop2.7/jars/jersey-container-servlet-core-2.22.2.jar
7f5964481000-7f5964485000 r--s 00025000 ca:01 261538                     /home/ubuntu/spark-2.1.1-bin-hadoop2.7/jars/antlr-runtime-3.4.jar
7f5964485000-7f5964496000 r--s 00089000 ca:01 261623                     /home/ubuntu/spark-2.1.1-bin-hadoop2.7/jars/joda-time-2.9.3.jar
7f5964496000-7f5964498000 r--s 00005000 ca:01 261743                     /home/ubuntu/spark-2.1.1-bin-hadoop2.7/jars/javax.annotation-api-1.2.jar
7f5964498000-7f596449d000 r--s 00032000 ca:01 261864                     /home/ubuntu/spark-2.1.1-bin-hadoop2.7/jars/chill_2.11-0.8.0.jar
7f596449d000-7f59644a8000 r--s 0005d000 ca:01 261853                     /home/ubuntu/spark-2.1.1-bin-hadoop2.7/jars/scala-parser-combinators_2.11-1.0.4.jar
7f59644a8000-7f59644ba000 r--s 00112000 ca:01 261835                     /home/ubuntu/spark-2.1.1-bin-hadoop2.7/jars/arpack_combined_all-0.1.jar
7f59644ba000-7f59644d2000 r--s 000d6000 ca:01 261571                     /home/ubuntu/spark-2.1.1-bin-hadoop2.7/jars/jersey-guava-2.22.2.jar
7f59644d2000-7f59644d8000 r--s 0002c000 ca:01 261828                     /home/ubuntu/spark-2.1.1-bin-hadoop2.7/jars/jdo-api-3.0.1.jar
7f59644d8000-7f59644df000 r--s 00046000 ca:01 261797                     /home/ubuntu/spark-2.1.1-bin-hadoop2.7/jars/libfb303-0.9.3.jar
7f59644df000-7f59644e1000 r--s 00010000 ca:01 261622                     /home/ubuntu/spark-2.1.1-bin-hadoop2.7/jars/hadoop-mapreduce-client-shuffle-2.7.3.jar
7f59644e1000-7f59644e3000 r--s 00000000 ca:01 261836                     /home/ubuntu/spark-2.1.1-bin-hadoop2.7/jars/jul-to-slf4j-1.7.16.jar
7f59644e3000-7f59644e6000 r--s 00014000 ca:01 261761                     /home/ubuntu/spark-2.1.1-bin-hadoop2.7/jars/super-csv-2.2.0.jar
7f59644e6000-7f59644f8000 r--s 000b3000 ca:01 261829                     /home/ubuntu/spark-2.1.1-bin-hadoop2.7/jars/scalap-2.11.8.jar
7f59644f8000-7f59644fa000 r--s 00003000 ca:01 261843                     /home/ubuntu/spark-2.1.1-bin-hadoop2.7/jars/base64-2.3.8.jar
7f59644fa000-7f59644fc000 r--s 00003000 ca:01 261570                     /home/ubuntu/spark-2.1.1-bin-hadoop2.7/jars/jersey-container-servlet-2.22.2.jar
7f59644fc000-7f5964506000 r--s 000a5000 ca:01 261766                     /home/ubuntu/spark-2.1.1-bin-hadoop2.7/jars/javassist-3.18.1-GA.jar
7f5964506000-7f5964507000 r--s 00009000 ca:01 261534                     /home/ubuntu/spark-2.1.1-bin-hadoop2.7/jars/hadoop-annotations-2.7.3.jar
7f5964507000-7f596451f000 r--s 00115000 ca:01 261537                     /home/ubuntu/spark-2.1.1-bin-hadoop2.7/jars/xercesImpl-2.9.1.jar
7f596451f000-7f5964522000 r--s 00021000 ca:01 261596                     /home/ubuntu/spark-2.1.1-bin-hadoop2.7/jars/xbean-asm5-shaded-4.4.jar
7f5964522000-7f5964525000 r--s 00025000 ca:01 261618                     /home/ubuntu/spark-2.1.1-bin-hadoop2.7/jars/commons-dbcp-1.4.jar
7f5964525000-7f596454c000 r--s 0020f000 ca:01 261726                     /home/ubuntu/spark-2.1.1-bin-hadoop2.7/jars/netty-all-4.0.42.Final.jar
7f596454c000-7f596454f000 r--s 00015000 ca:01 261620                     /home/ubuntu/spark-2.1.1-bin-hadoop2.7/jars/commons-pool-1.5.4.jar
7f596454f000-7f59645a4000 r--s 0069c000 ca:01 261595                     /home/ubuntu/spark-2.1.1-bin-hadoop2.7/jars/spire_2.11-0.7.4.jar
7f59645a4000-7f59645a6000 r--s 00004000 ca:01 261787                     /home/ubuntu/spark-2.1.1-bin-hadoop2.7/jars/metrics-graphite-3.1.2.jar
7f59645a6000-7f59645a7000 r--s 00003000 ca:01 261827                     /home/ubuntu/spark-2.1.1-bin-hadoop2.7/jars/metrics-json-3.1.2.jar
7f59645a7000-7f59645ac000 r--s 00027000 ca:01 261861                     /home/ubuntu/spark-2.1.1-bin-hadoop2.7/jars/hk2-api-2.4.0-b34.jar
7f59645ac000-7f59645b2000 r--s 00034000 ca:01 261799                     /home/ubuntu/spark-2.1.1-bin-hadoop2.7/jars/libthrift-0.9.3.jar
7f59645b2000-7f59645cd000 r--s 001d6000 ca:01 256870                     /usr/lib/jvm/java-8-openjdk-amd64/jre/lib/ext/nashorn.jar
7f59645cd000-7f59645e8000 r--s 00394000 ca:01 256871                     /usr/lib/jvm/java-8-openjdk-amd64/jre/lib/ext/cldrdata.jar
7f59645e8000-7f59645e9000 ---p 00000000 00:00 0 
7f59645e9000-7f59646e9000 rw-p 00000000 00:00 0 
7f59646e9000-7f59646ec000 ---p 00000000 00:00 0 
7f59646ec000-7f59647ea000 rw-p 00000000 00:00 0 
7f59647ea000-7f59647ed000 ---p 00000000 00:00 0 
7f59647ed000-7f59648eb000 rw-p 00000000 00:00 0 
7f59648eb000-7f59648ee000 ---p 00000000 00:00 0 
7f59648ee000-7f59649ec000 rw-p 00000000 00:00 0 
7f59649ec000-7f59649ef000 ---p 00000000 00:00 0 
7f59649ef000-7f5964aed000 rw-p 00000000 00:00 0 
7f5964aed000-7f5964c85000 r--p 00000000 ca:01 29052                      /usr/lib/locale/locale-archive
7f5964c85000-7f5964c88000 ---p 00000000 00:00 0 
7f5964c88000-7f5964d86000 rw-p 00000000 00:00 0 
7f5964d86000-7f5964d89000 ---p 00000000 00:00 0 
7f5964d89000-7f5964e87000 rw-p 00000000 00:00 0 
7f5964e87000-7f5964e88000 ---p 00000000 00:00 0 
7f5964e88000-7f5964f88000 rw-p 00000000 00:00 0 
7f5964f88000-7f5965157000 r--s 03c32000 ca:01 256863                     /usr/lib/jvm/java-8-openjdk-amd64/jre/lib/rt.jar
7f5965157000-7f59659cd000 rw-p 00000000 00:00 0 
7f59659cd000-7f5965a18000 rw-p 00000000 00:00 0 
7f5965a18000-7f5965b23000 ---p 00000000 00:00 0 
7f5965b23000-7f5965b45000 rw-p 00000000 00:00 0 
7f5965b45000-7f5965bcd000 ---p 00000000 00:00 0 
7f5965bcd000-7f5965c19000 rw-p 00000000 00:00 0 
7f5965c19000-7f5965d23000 ---p 00000000 00:00 0 
7f5965d23000-7f5965de7000 rw-p 00000000 00:00 0 
7f5965de7000-7f59660e4000 ---p 00000000 00:00 0 
7f59660e4000-7f59660ec000 r-xp 00000000 ca:01 256902                     /usr/lib/jvm/java-8-openjdk-amd64/jre/lib/amd64/libzip.so
7f59660ec000-7f59662eb000 ---p 00008000 ca:01 256902                     /usr/lib/jvm/java-8-openjdk-amd64/jre/lib/amd64/libzip.so
7f59662eb000-7f59662ec000 r--p 00007000 ca:01 256902                     /usr/lib/jvm/java-8-openjdk-amd64/jre/lib/amd64/libzip.so
7f59662ec000-7f59662ed000 rw-p 00008000 ca:01 256902                     /usr/lib/jvm/java-8-openjdk-amd64/jre/lib/amd64/libzip.so
7f59662ed000-7f59662f8000 r-xp 00000000 ca:01 1993                       /lib/x86_64-linux-gnu/libnss_files-2.23.so
7f59662f8000-7f59664f7000 ---p 0000b000 ca:01 1993                       /lib/x86_64-linux-gnu/libnss_files-2.23.so
7f59664f7000-7f59664f8000 r--p 0000a000 ca:01 1993                       /lib/x86_64-linux-gnu/libnss_files-2.23.so
7f59664f8000-7f59664f9000 rw-p 0000b000 ca:01 1993                       /lib/x86_64-linux-gnu/libnss_files-2.23.so
7f59664f9000-7f59664ff000 rw-p 00000000 00:00 0 
7f59664ff000-7f596650a000 r-xp 00000000 ca:01 1997                       /lib/x86_64-linux-gnu/libnss_nis-2.23.so
7f596650a000-7f5966709000 ---p 0000b000 ca:01 1997                       /lib/x86_64-linux-gnu/libnss_nis-2.23.so
7f5966709000-7f596670a000 r--p 0000a000 ca:01 1997                       /lib/x86_64-linux-gnu/libnss_nis-2.23.so
7f596670a000-7f596670b000 rw-p 0000b000 ca:01 1997                       /lib/x86_64-linux-gnu/libnss_nis-2.23.so
7f596670b000-7f5966721000 r-xp 00000000 ca:01 1977                       /lib/x86_64-linux-gnu/libnsl-2.23.so
7f5966721000-7f5966920000 ---p 00016000 ca:01 1977                       /lib/x86_64-linux-gnu/libnsl-2.23.so
7f5966920000-7f5966921000 r--p 00015000 ca:01 1977                       /lib/x86_64-linux-gnu/libnsl-2.23.so
7f5966921000-7f5966922000 rw-p 00016000 ca:01 1977                       /lib/x86_64-linux-gnu/libnsl-2.23.so
7f5966922000-7f5966924000 rw-p 00000000 00:00 0 
7f5966924000-7f596692c000 r-xp 00000000 ca:01 1988                       /lib/x86_64-linux-gnu/libnss_compat-2.23.so
7f596692c000-7f5966b2b000 ---p 00008000 ca:01 1988                       /lib/x86_64-linux-gnu/libnss_compat-2.23.so
7f5966b2b000-7f5966b2c000 r--p 00007000 ca:01 1988                       /lib/x86_64-linux-gnu/libnss_compat-2.23.so
7f5966b2c000-7f5966b2d000 rw-p 00008000 ca:01 1988                       /lib/x86_64-linux-gnu/libnss_compat-2.23.so
7f5966b2d000-7f5966b5a000 r-xp 00000000 ca:01 256919                     /usr/lib/jvm/java-8-openjdk-amd64/jre/lib/amd64/libjava.so
7f5966b5a000-7f5966d59000 ---p 0002d000 ca:01 256919                     /usr/lib/jvm/java-8-openjdk-amd64/jre/lib/amd64/libjava.so
7f5966d59000-7f5966d5a000 r--p 0002c000 ca:01 256919                     /usr/lib/jvm/java-8-openjdk-amd64/jre/lib/amd64/libjava.so
7f5966d5a000-7f5966d5c000 rw-p 0002d000 ca:01 256919                     /usr/lib/jvm/java-8-openjdk-amd64/jre/lib/amd64/libjava.so
7f5966d5c000-7f5966d6b000 r-xp 00000000 ca:01 256907                     /usr/lib/jvm/java-8-openjdk-amd64/jre/lib/amd64/libverify.so
7f5966d6b000-7f5966f6a000 ---p 0000f000 ca:01 256907                     /usr/lib/jvm/java-8-openjdk-amd64/jre/lib/amd64/libverify.so
7f5966f6a000-7f5966f6c000 r--p 0000e000 ca:01 256907                     /usr/lib/jvm/java-8-openjdk-amd64/jre/lib/amd64/libverify.so
7f5966f6c000-7f5966f6d000 rw-p 00010000 ca:01 256907                     /usr/lib/jvm/java-8-openjdk-amd64/jre/lib/amd64/libverify.so
7f5966f6d000-7f5966f74000 r-xp 00000000 ca:01 1998                       /lib/x86_64-linux-gnu/librt-2.23.so
7f5966f74000-7f5967173000 ---p 00007000 ca:01 1998                       /lib/x86_64-linux-gnu/librt-2.23.so
7f5967173000-7f5967174000 r--p 00006000 ca:01 1998                       /lib/x86_64-linux-gnu/librt-2.23.so
7f5967174000-7f5967175000 rw-p 00007000 ca:01 1998                       /lib/x86_64-linux-gnu/librt-2.23.so
7f5967175000-7f596718b000 r-xp 00000000 ca:01 1975                       /lib/x86_64-linux-gnu/libgcc_s.so.1
7f596718b000-7f596738a000 ---p 00016000 ca:01 1975                       /lib/x86_64-linux-gnu/libgcc_s.so.1
7f596738a000-7f596738b000 rw-p 00015000 ca:01 1975                       /lib/x86_64-linux-gnu/libgcc_s.so.1
7f596738b000-7f5967493000 r-xp 00000000 ca:01 1976                       /lib/x86_64-linux-gnu/libm-2.23.so
7f5967493000-7f5967692000 ---p 00108000 ca:01 1976                       /lib/x86_64-linux-gnu/libm-2.23.so
7f5967692000-7f5967693000 r--p 00107000 ca:01 1976                       /lib/x86_64-linux-gnu/libm-2.23.so
7f5967693000-7f5967694000 rw-p 00108000 ca:01 1976                       /lib/x86_64-linux-gnu/libm-2.23.so
7f5967694000-7f5967806000 r-xp 00000000 ca:01 7979                       /usr/lib/x86_64-linux-gnu/libstdc++.so.6.0.21
7f5967806000-7f5967a06000 ---p 00172000 ca:01 7979                       /usr/lib/x86_64-linux-gnu/libstdc++.so.6.0.21
7f5967a06000-7f5967a10000 r--p 00172000 ca:01 7979                       /usr/lib/x86_64-linux-gnu/libstdc++.so.6.0.21
7f5967a10000-7f5967a12000 rw-p 0017c000 ca:01 7979                       /usr/lib/x86_64-linux-gnu/libstdc++.so.6.0.21
7f5967a12000-7f5967a16000 rw-p 00000000 00:00 0 
7f5967a16000-7f5968673000 r-xp 00000000 ca:01 256884                     /usr/lib/jvm/java-8-openjdk-amd64/jre/lib/amd64/server/libjvm.so
7f5968673000-7f5968873000 ---p 00c5d000 ca:01 256884                     /usr/lib/jvm/java-8-openjdk-amd64/jre/lib/amd64/server/libjvm.so
7f5968873000-7f5968907000 r--p 00c5d000 ca:01 256884                     /usr/lib/jvm/java-8-openjdk-amd64/jre/lib/amd64/server/libjvm.so
7f5968907000-7f5968930000 rw-p 00cf1000 ca:01 256884                     /usr/lib/jvm/java-8-openjdk-amd64/jre/lib/amd64/server/libjvm.so
7f5968930000-7f5968960000 rw-p 00000000 00:00 0 
7f5968960000-7f5968978000 r-xp 00000000 ca:01 1979                       /lib/x86_64-linux-gnu/libpthread-2.23.so
7f5968978000-7f5968b77000 ---p 00018000 ca:01 1979                       /lib/x86_64-linux-gnu/libpthread-2.23.so
7f5968b77000-7f5968b78000 r--p 00017000 ca:01 1979                       /lib/x86_64-linux-gnu/libpthread-2.23.so
7f5968b78000-7f5968b79000 rw-p 00018000 ca:01 1979                       /lib/x86_64-linux-gnu/libpthread-2.23.so
7f5968b79000-7f5968b7d000 rw-p 00000000 00:00 0 
7f5968b7d000-7f5968b80000 r-xp 00000000 ca:01 1982                       /lib/x86_64-linux-gnu/libdl-2.23.so
7f5968b80000-7f5968d7f000 ---p 00003000 ca:01 1982                       /lib/x86_64-linux-gnu/libdl-2.23.so
7f5968d7f000-7f5968d80000 r--p 00002000 ca:01 1982                       /lib/x86_64-linux-gnu/libdl-2.23.so
7f5968d80000-7f5968d81000 rw-p 00003000 ca:01 1982                       /lib/x86_64-linux-gnu/libdl-2.23.so
7f5968d81000-7f5968d9a000 r-xp 00000000 ca:01 2129                       /lib/x86_64-linux-gnu/libz.so.1.2.8
7f5968d9a000-7f5968f99000 ---p 00019000 ca:01 2129                       /lib/x86_64-linux-gnu/libz.so.1.2.8
7f5968f99000-7f5968f9a000 r--p 00018000 ca:01 2129                       /lib/x86_64-linux-gnu/libz.so.1.2.8
7f5968f9a000-7f5968f9b000 rw-p 00019000 ca:01 2129                       /lib/x86_64-linux-gnu/libz.so.1.2.8
7f5968f9b000-7f596915b000 r-xp 00000000 ca:01 1980                       /lib/x86_64-linux-gnu/libc-2.23.so
7f596915b000-7f596935b000 ---p 001c0000 ca:01 1980                       /lib/x86_64-linux-gnu/libc-2.23.so
7f596935b000-7f596935f000 r--p 001c0000 ca:01 1980                       /lib/x86_64-linux-gnu/libc-2.23.so
7f596935f000-7f5969361000 rw-p 001c4000 ca:01 1980                       /lib/x86_64-linux-gnu/libc-2.23.so
7f5969361000-7f5969365000 rw-p 00000000 00:00 0 
7f5969365000-7f5969372000 r-xp 00000000 ca:01 256904                     /usr/lib/jvm/java-8-openjdk-amd64/jre/lib/amd64/jli/libjli.so
7f5969372000-7f5969572000 ---p 0000d000 ca:01 256904                     /usr/lib/jvm/java-8-openjdk-amd64/jre/lib/amd64/jli/libjli.so
7f5969572000-7f5969573000 r--p 0000d000 ca:01 256904                     /usr/lib/jvm/java-8-openjdk-amd64/jre/lib/amd64/jli/libjli.so
7f5969573000-7f5969574000 rw-p 0000e000 ca:01 256904                     /usr/lib/jvm/java-8-openjdk-amd64/jre/lib/amd64/jli/libjli.so
7f5969574000-7f596959a000 r-xp 00000000 ca:01 1978                       /lib/x86_64-linux-gnu/ld-2.23.so
7f596959a000-7f596959c000 r--s 0000f000 ca:01 261715                     /home/ubuntu/spark-2.1.1-bin-hadoop2.7/jars/curator-client-2.6.0.jar
7f596959c000-7f596959f000 r--s 0000f000 ca:01 256869                     /usr/lib/jvm/java-8-openjdk-amd64/jre/lib/ext/icedtea-sound.jar
7f596959f000-7f59695a2000 r--s 00038000 ca:01 256872                     /usr/lib/jvm/java-8-openjdk-amd64/jre/lib/ext/sunpkcs11.jar
7f59695a2000-7f59695a8000 r--s 0003b000 ca:01 256877                     /usr/lib/jvm/java-8-openjdk-amd64/jre/lib/ext/sunjce_provider.jar
7f59695a8000-7f59695b2000 r--s 00116000 ca:01 256876                     /usr/lib/jvm/java-8-openjdk-amd64/jre/lib/ext/localedata.jar
7f59695b2000-7f5969683000 rw-p 00000000 00:00 0 
7f5969683000-7f596968b000 rw-s 00000000 ca:01 256217                     /tmp/hsperfdata_ubuntu/18205
7f596968b000-7f596968e000 ---p 00000000 00:00 0 
7f596968e000-7f5969790000 rw-p 00000000 00:00 0 
7f5969790000-7f5969791000 r--s 00010000 ca:01 256874                     /usr/lib/jvm/java-8-openjdk-amd64/jre/lib/ext/zipfs.jar
7f5969791000-7f5969792000 r--s 0000a000 ca:01 256879                     /usr/lib/jvm/java-8-openjdk-amd64/jre/lib/ext/jaccess.jar
7f5969792000-7f5969794000 r--s 00001000 ca:01 256873                     /usr/lib/jvm/java-8-openjdk-amd64/jre/lib/ext/dnsns.jar
7f5969794000-7f5969796000 r--s 00008000 ca:01 256878                     /usr/lib/jvm/java-8-openjdk-amd64/jre/lib/ext/sunec.jar
7f5969796000-7f5969797000 rw-p 00000000 00:00 0 
7f5969797000-7f5969798000 ---p 00000000 00:00 0 
7f5969798000-7f5969799000 rw-p 00000000 00:00 0 
7f5969799000-7f596979a000 r--p 00025000 ca:01 1978                       /lib/x86_64-linux-gnu/ld-2.23.so
7f596979a000-7f596979b000 rw-p 00026000 ca:01 1978                       /lib/x86_64-linux-gnu/ld-2.23.so
7f596979b000-7f596979c000 rw-p 00000000 00:00 0 
7ffc5bfe1000-7ffc5c002000 rw-p 00000000 00:00 0                          [stack]
7ffc5c0ba000-7ffc5c0bd000 r--p 00000000 00:00 0                          [vvar]
7ffc5c0bd000-7ffc5c0bf000 r-xp 00000000 00:00 0                          [vdso]
ffffffffff600000-ffffffffff601000 r-xp 00000000 00:00 0                  [vsyscall]

VM Arguments:
jvm_args: -Xmx1g 
java_command: org.apache.spark.deploy.SparkSubmit --conf spark.app.name=Wine Quality Analysis pyspark-shell
java_class_path (initial): /home/ubuntu/spark-2.1.1-bin-hadoop2.7/conf/:/home/ubuntu/spark-2.1.1-bin-hadoop2.7/jars/libthrift-0.9.3.jar:/home/ubuntu/spark-2.1.1-bin-hadoop2.7/jars/curator-client-2.6.0.jar:/home/ubuntu/spark-2.1.1-bin-hadoop2.7/jars/hk2-api-2.4.0-b34.jar:/home/ubuntu/spark-2.1.1-bin-hadoop2.7/jars/metrics-json-3.1.2.jar:/home/ubuntu/spark-2.1.1-bin-hadoop2.7/jars/metrics-graphite-3.1.2.jar:/home/ubuntu/spark-2.1.1-bin-hadoop2.7/jars/spire_2.11-0.7.4.jar:/home/ubuntu/spark-2.1.1-bin-hadoop2.7/jars/commons-pool-1.5.4.jar:/home/ubuntu/spark-2.1.1-bin-hadoop2.7/jars/netty-all-4.0.42.Final.jar:/home/ubuntu/spark-2.1.1-bin-hadoop2.7/jars/commons-dbcp-1.4.jar:/home/ubuntu/spark-2.1.1-bin-hadoop2.7/jars/xbean-asm5-shaded-4.4.jar:/home/ubuntu/spark-2.1.1-bin-hadoop2.7/jars/xercesImpl-2.9.1.jar:/home/ubuntu/spark-2.1.1-bin-hadoop2.7/jars/hadoop-annotations-2.7.3.jar:/home/ubuntu/spark-2.1.1-bin-hadoop2.7/jars/javassist-3.18.1-GA.jar:/home/ubuntu/spark-2.1.1-bin-hadoop2.7/jars/jersey-container-servlet-2.22.2.jar:/home/ubuntu/spark-2.1.1-bin-hadoop2.7/jars/base64-2.3.8.jar:/home/ubuntu/spark-2.1.1-bin-hadoop2.7/jars/scalap-2.11.8.jar:/home/ubuntu/spark-2.1.1-bin-hadoop2.7/jars/super-csv-2.2.0.jar:/home/ubuntu/spark-2.1.1-bin-hadoop2.7/jars/jul-to-slf4j-1.7.16.jar:/home/ubuntu/spark-2.1.1-bin-hadoop2.7/jars/hadoop-mapreduce-client-shuffle-2.7.3.jar:/home/ubuntu/spark-2.1.1-bin-hadoop2.7/jars/libfb303-0.9.3.jar:/home/ubuntu/spark-2.1.1-bin-hadoop2.7/jars/jdo-api-3.0.1.jar:/home/ubuntu/spark-2.1.1-bin-hadoop2.7/jars/jersey-guava-2.22.2.jar:/home/ubuntu/spark-2.1.1-bin-hadoop2.7/jars/arpack_combined_all-0.1.jar:/home/ubuntu/spark-2.1.1-bin-hadoop2.7/jars/scala-parser-combinators_2.11-1.0.4.jar:/home/ubuntu/spark-2.1.1-bin-hadoop2.7/jars/chill_2.11-0.8.0.jar:/home/ubuntu/spark-2.1.1-bin-hadoop2.7/jars/javax.annotation-api-1.2.jar:/home/ubuntu/spark-2.1.1-bin-hadoop2.7/jars/joda-time-2.9.3.jar:/home/ubuntu/spark-2.1.1-bin-hadoop2.7/jars/antlr-runtime-3.4.jar:/home/u
Launcher Type: SUN_STANDARD

Environment Variables:
PATH=/home/ubuntu/.local/bin:/home/ubuntu/bin:/home/ubuntu/.local/bin:/usr/local/sbin:/usr/local/bin:/usr/sbin:/usr/bin:/sbin:/bin:/usr/games:/usr/local/games:/snap/bin
SHELL=/bin/bash

Signal Handlers:
SIGSEGV: [libjvm.so+0xa71a30], sa_mask[0]=11111111011111111101111111111110, sa_flags=SA_RESTART|SA_SIGINFO
SIGBUS: [libjvm.so+0xa71a30], sa_mask[0]=11111111011111111101111111111110, sa_flags=SA_RESTART|SA_SIGINFO
SIGFPE: [libjvm.so+0x8b8f40], sa_mask[0]=11111111011111111101111111111110, sa_flags=SA_RESTART|SA_SIGINFO
SIGPIPE: [libjvm.so+0x8b8f40], sa_mask[0]=11111111011111111101111111111110, sa_flags=SA_RESTART|SA_SIGINFO
SIGXFSZ: [libjvm.so+0x8b8f40], sa_mask[0]=11111111011111111101111111111110, sa_flags=SA_RESTART|SA_SIGINFO
SIGILL: [libjvm.so+0x8b8f40], sa_mask[0]=11111111011111111101111111111110, sa_flags=SA_RESTART|SA_SIGINFO
SIGUSR1: SIG_DFL, sa_mask[0]=00000000000000000000000000000000, sa_flags=none
SIGUSR2: [libjvm.so+0x8b8df0], sa_mask[0]=00000000000000000000000000000000, sa_flags=SA_RESTART|SA_SIGINFO
SIGHUP: [libjvm.so+0x8b92c0], sa_mask[0]=11111111011111111101111111111110, sa_flags=SA_RESTART|SA_SIGINFO
SIGINT: SIG_IGN, sa_mask[0]=00000000000000000000000000000000, sa_flags=none
SIGTERM: [libjvm.so+0x8b92c0], sa_mask[0]=11111111011111111101111111111110, sa_flags=SA_RESTART|SA_SIGINFO
SIGQUIT: [libjvm.so+0x8b92c0], sa_mask[0]=11111111011111111101111111111110, sa_flags=SA_RESTART|SA_SIGINFO


---------------  S Y S T E M  ---------------

OS:DISTRIB_ID=Ubuntu
DISTRIB_RELEASE=16.04
DISTRIB_CODENAME=xenial
DISTRIB_DESCRIPTION="Ubuntu 16.04.4 LTS"

uname:Linux 4.4.0-1065-aws #75-Ubuntu SMP Fri Aug 10 11:14:32 UTC 2018 x86_64
libc:glibc 2.23 NPTL 2.23 
rlimit: STACK 8192k, CORE 0k, NPROC 3900, NOFILE 1048576, AS infinity
load average:2.12 1.82 2.40

/proc/meminfo:
MemTotal:        1014500 kB
MemFree:           60224 kB
MemAvailable:        772 kB
Buffers:             360 kB
Cached:            17000 kB
SwapCached:            0 kB
Active:           877968 kB
Inactive:          13808 kB
Active(anon):     877272 kB
Inactive(anon):    10328 kB
Active(file):        696 kB
Inactive(file):     3480 kB
Unevictable:        3652 kB
Mlocked:            3652 kB
SwapTotal:             0 kB
SwapFree:              0 kB
Dirty:                68 kB
Writeback:             0 kB
AnonPages:        878136 kB
Mapped:             5372 kB
Shmem:             10692 kB
Slab:              36440 kB
SReclaimable:      19740 kB
SUnreclaim:        16700 kB
KernelStack:        3536 kB
PageTables:         5392 kB
NFS_Unstable:          0 kB
Bounce:                0 kB
WritebackTmp:          0 kB
CommitLimit:      507248 kB
Committed_AS:    1314764 kB
VmallocTotal:   34359738367 kB
VmallocUsed:           0 kB
VmallocChunk:          0 kB
HardwareCorrupted:     0 kB
AnonHugePages:    188416 kB
CmaTotal:              0 kB
CmaFree:               0 kB
HugePages_Total:       0
HugePages_Free:        0
HugePages_Rsvd:        0
HugePages_Surp:        0
Hugepagesize:       2048 kB
DirectMap4k:       51200 kB
DirectMap2M:      997376 kB


CPU:total 1 (initial active 1) (1 cores per cpu, 1 threads per core) family 6 model 63 stepping 2, cmov, cx8, fxsr, mmx, sse, sse2, sse3, ssse3, sse4.1, sse4.2, popcnt, avx, avx2, aes, clmul, erms, lzcnt, tsc, bmi1, bmi2

/proc/cpuinfo:
processor	: 0
vendor_id	: GenuineIntel
cpu family	: 6
model		: 63
model name	: Intel(R) Xeon(R) CPU E5-2676 v3 @ 2.40GHz
stepping	: 2
microcode	: 0x3c
cpu MHz		: 2400.026
cache size	: 30720 KB
physical id	: 0
siblings	: 1
core id		: 0
cpu cores	: 1
apicid		: 0
initial apicid	: 0
fpu		: yes
fpu_exception	: yes
cpuid level	: 13
wp		: yes
flags		: fpu vme de pse tsc msr pae mce cx8 apic sep mtrr pge mca cmov pat pse36 clflush mmx fxsr sse sse2 ht syscall nx rdtscp lm constant_tsc rep_good nopl xtopology eagerfpu pni pclmulqdq ssse3 fma cx16 pcid sse4_1 sse4_2 x2apic movbe popcnt tsc_deadline_timer aes xsave avx f16c rdrand hypervisor lahf_lm abm invpcid_single kaiser fsgsbase bmi1 avx2 smep bmi2 erms invpcid xsaveopt
bugs		: cpu_meltdown spectre_v1 spectre_v2 spec_store_bypass l1tf
bogomips	: 4800.05
clflush size	: 64
cache_alignment	: 64
address sizes	: 46 bits physical, 48 bits virtual
power management:



Memory: 4k page, physical 1014500k(60224k free), swap 0k(0k free)

vm_info: OpenJDK 64-Bit Server VM (25.181-b13) for linux-amd64 JRE (1.8.0_181-8u181-b13-0ubuntu0.16.04.1-b13), built on Jul 30 2018 21:06:27 by "buildd" with gcc 5.4.0 20160609

time: Mon Oct 15 01:31:23 2018
elapsed time: 364 seconds (0d 0h 6m 4s)

