#
# There is insufficient memory for the Java Runtime Environment to continue.
# Native memory allocation (mmap) failed to map 16781312 bytes for committing reserved memory.
# Possible reasons:
#   The system is out of physical RAM or swap space
#   In 32 bit mode, the process size limit was hit
# Possible solutions:
#   Reduce memory load on the system
#   Increase physical memory or swap space
#   Check if swap backing store is full
#   Use 64 bit Java on a 64 bit OS
#   Decrease Java heap size (-Xmx/-Xms)
#   Decrease number of Java threads
#   Decrease Java thread stack sizes (-Xss)
#   Set larger code cache with -XX:ReservedCodeCacheSize=
# This output file may be truncated or incomplete.
#
#  Out of Memory Error (os_linux.cpp:2643), pid=16031, tid=0x00007f4e785ba700
#
# JRE version: OpenJDK Runtime Environment (8.0_181-b13) (build 1.8.0_181-8u181-b13-0ubuntu0.16.04.1-b13)
# Java VM: OpenJDK 64-Bit Server VM (25.181-b13 mixed mode linux-amd64 compressed oops)
# Failed to write core dump. Core dumps have been disabled. To enable core dumping, try "ulimit -c unlimited" before starting Java again
#

---------------  T H R E A D  ---------------

Current thread (0x00007f4e88075800):  VMThread [stack: 0x00007f4e784ba000,0x00007f4e785bb000] [id=16045]

Stack: [0x00007f4e784ba000,0x00007f4e785bb000],  sp=0x00007f4e785b9070,  free space=1020k
Native frames: (J=compiled Java code, j=interpreted, Vv=VM code, C=native code)
V  [libjvm.so+0xa70edb]
V  [libjvm.so+0x4c893c]
V  [libjvm.so+0x8bda08]
V  [libjvm.so+0x8b7d9e]
V  [libjvm.so+0xa6d7c4]
V  [libjvm.so+0x5cdd5d]
V  [libjvm.so+0x5cecbc]
V  [libjvm.so+0x5bbac6]
V  [libjvm.so+0x4d064c]
V  [libjvm.so+0x61adef]
V  [libjvm.so+0x992a43]
V  [libjvm.so+0x4cd3c2]
V  [libjvm.so+0x5ba150]
V  [libjvm.so+0x4cef88]
V  [libjvm.so+0x5bb0d8]
V  [libjvm.so+0x45029f]
V  [libjvm.so+0xa71fe1]
V  [libjvm.so+0xa77d27]
V  [libjvm.so+0xa75427]
V  [libjvm.so+0xa768af]
V  [libjvm.so+0xa76da1]
V  [libjvm.so+0x8bae12]

VM_Operation (0x00007f4e6871d4f0): GenCollectForAllocation, mode: safepoint, requested by thread 0x00007f4e5c51f000


---------------  P R O C E S S  ---------------

Java Threads: ( => current thread )
  0x00007f4e7417b800 JavaThread "Executor task launch worker for task 1124" daemon [_thread_blocked, id=16134, stack(0x00007f4e50881000,0x00007f4e50982000)]
  0x00007f4e6c03d000 JavaThread "Executor task launch worker for task 1126" daemon [_thread_blocked, id=16124, stack(0x00007f4e50780000,0x00007f4e50881000)]
  0x00007f4e74165000 JavaThread "Executor task launch worker for task 1105" daemon [_thread_blocked, id=16122, stack(0x00007f4e50982000,0x00007f4e50a83000)]
  0x00007f4e6400a800 JavaThread "block-manager-slave-async-thread-pool-5" daemon [_thread_blocked, id=16120, stack(0x00007f4e50b84000,0x00007f4e50c85000)]
  0x00007f4e74169800 JavaThread "block-manager-slave-async-thread-pool-4" daemon [_thread_blocked, id=16119, stack(0x00007f4e50c85000,0x00007f4e50d86000)]
  0x00007f4e64008000 JavaThread "block-manager-slave-async-thread-pool-3" daemon [_thread_blocked, id=16118, stack(0x00007f4e50d86000,0x00007f4e50e87000)]
  0x00007f4e60911000 JavaThread "Thread-18" [_thread_in_native, id=16117, stack(0x00007f4e51287000,0x00007f4e51388000)]
  0x00007f4e6c03a800 JavaThread "task-result-getter-3" daemon [_thread_blocked, id=16099, stack(0x00007f4e51b88000,0x00007f4e51c89000)]
  0x00007f4e740ce800 JavaThread "task-result-getter-2" daemon [_thread_blocked, id=16098, stack(0x00007f4e52889000,0x00007f4e5298a000)]
  0x00007f4e64004800 JavaThread "block-manager-slave-async-thread-pool-1" daemon [_thread_blocked, id=16096, stack(0x00007f4e52a8b000,0x00007f4e52b8c000)]
  0x00007f4e6c038800 JavaThread "block-manager-ask-thread-pool-0" daemon [_thread_blocked, id=16095, stack(0x00007f4e52b8c000,0x00007f4e52c8d000)]
  0x00007f4e740bb800 JavaThread "task-result-getter-1" daemon [_thread_blocked, id=16093, stack(0x00007f4e52d8e000,0x00007f4e52e8f000)]
  0x00007f4e6c02f000 JavaThread "task-result-getter-0" daemon [_thread_blocked, id=16092, stack(0x00007f4e5308f000,0x00007f4e53190000)]
  0x00007f4e5d9a4000 JavaThread "org.apache.hadoop.fs.FileSystem$Statistics$StatisticsDataReferenceCleaner" daemon [_thread_blocked, id=16090, stack(0x00007f4e5379d000,0x00007f4e5389e000)]
  0x00007f4e5caee000 JavaThread "SparkListenerBus" daemon [_thread_blocked, id=16088, stack(0x00007f4e580f2000,0x00007f4e581f3000)]
  0x00007f4e5caa6000 JavaThread "context-cleaner-periodic-gc" daemon [_thread_blocked, id=16087, stack(0x00007f4e581f3000,0x00007f4e582f4000)]
  0x00007f4e5caa4800 JavaThread "Spark Context Cleaner" daemon [_thread_blocked, id=16086, stack(0x00007f4e582f4000,0x00007f4e583f5000)]
  0x00007f4e5c57f800 JavaThread "shuffle-server-5-1" daemon [_thread_blocked, id=16085, stack(0x00007f4e585f5000,0x00007f4e586f6000)]
  0x00007f4e5c57b000 JavaThread "driver-heartbeater" daemon [_thread_blocked, id=16084, stack(0x00007f4e586f6000,0x00007f4e587f7000)]
  0x00007f4e5c575000 JavaThread "dag-scheduler-event-loop" daemon [_thread_blocked, id=16083, stack(0x00007f4e587f7000,0x00007f4e588f8000)]
  0x0000000001387800 JavaThread "netty-rpc-env-timeout" daemon [_thread_blocked, id=16082, stack(0x00007f4e588f8000,0x00007f4e589f9000)]
  0x00007f4e5c678000 JavaThread "Timer-0" daemon [_thread_blocked, id=16081, stack(0x00007f4e589f9000,0x00007f4e58afa000)]
  0x00007f4e74072800 JavaThread "heartbeat-receiver-event-loop-thread" daemon [_thread_blocked, id=16080, stack(0x00007f4e58afa000,0x00007f4e58bfb000)]
  0x00007f4e5c736000 JavaThread "SparkUI-37" daemon [_thread_blocked, id=16079, stack(0x00007f4e58bfb000,0x00007f4e58cfc000)]
  0x00007f4e5c734000 JavaThread "SparkUI-36" daemon [_thread_blocked, id=16078, stack(0x00007f4e58cfc000,0x00007f4e58dfd000)]
  0x00007f4e5c732800 JavaThread "SparkUI-35" daemon [_thread_blocked, id=16077, stack(0x00007f4e58dfd000,0x00007f4e58efe000)]
  0x00007f4e5c61e800 JavaThread "SparkUI-34" daemon [_thread_blocked, id=16076, stack(0x00007f4e58efe000,0x00007f4e58fff000)]
  0x00007f4e5c61c800 JavaThread "SparkUI-33" daemon [_thread_blocked, id=16075, stack(0x00007f4e6801a000,0x00007f4e6811b000)]
  0x00007f4e5c61b000 JavaThread "SparkUI-32" daemon [_thread_blocked, id=16074, stack(0x00007f4e6811b000,0x00007f4e6821c000)]
  0x00007f4e5c619000 JavaThread "SparkUI-31-acceptor-0@619024fa-Spark@6f57d6b8{HTTP/1.1}{0.0.0.0:4040}" daemon [_thread_in_native, id=16073, stack(0x00007f4e6821c000,0x00007f4e6831d000)]
  0x00007f4e5c618800 JavaThread "SparkUI-30-selector-ServerConnectorManager@3ad05238/0" daemon [_thread_in_native, id=16072, stack(0x00007f4e6831d000,0x00007f4e6841e000)]
  0x00007f4e5c51f000 JavaThread "refresh progress" daemon [_thread_blocked, id=16070, stack(0x00007f4e6861e000,0x00007f4e6871f000)]
  0x00007f4e5c501000 JavaThread "map-output-dispatcher-7" daemon [_thread_blocked, id=16069, stack(0x00007f4e6891f000,0x00007f4e68a20000)]
  0x00007f4e5c4ad000 JavaThread "map-output-dispatcher-6" daemon [_thread_blocked, id=16068, stack(0x00007f4e68a20000,0x00007f4e68b21000)]
  0x00007f4e5c500000 JavaThread "map-output-dispatcher-5" daemon [_thread_blocked, id=16067, stack(0x00007f4e68b21000,0x00007f4e68c22000)]
  0x00007f4e5c533000 JavaThread "map-output-dispatcher-4" daemon [_thread_blocked, id=16066, stack(0x00007f4e68c22000,0x00007f4e68d23000)]
  0x00007f4e5c531800 JavaThread "map-output-dispatcher-3" daemon [_thread_blocked, id=16065, stack(0x00007f4e68d23000,0x00007f4e68e24000)]
  0x00007f4e5c530000 JavaThread "map-output-dispatcher-2" daemon [_thread_blocked, id=16064, stack(0x00007f4e68e24000,0x00007f4e68f25000)]
  0x00007f4e5c52e800 JavaThread "map-output-dispatcher-1" daemon [_thread_blocked, id=16063, stack(0x00007f4e68f25000,0x00007f4e69026000)]
  0x00007f4e5c52e000 JavaThread "map-output-dispatcher-0" daemon [_thread_blocked, id=16062, stack(0x00007f4e69026000,0x00007f4e69127000)]
  0x00007f4e5c48d800 JavaThread "rpc-server-3-1" daemon [_thread_blocked, id=16061, stack(0x00007f4e69127000,0x00007f4e69228000)]
  0x00007f4e5c43a000 JavaThread "dispatcher-event-loop-1" daemon [_thread_blocked, id=16060, stack(0x00007f4e6963b000,0x00007f4e6973c000)]
  0x00007f4e5c437800 JavaThread "dispatcher-event-loop-0" daemon [_thread_blocked, id=16059, stack(0x00007f4e6a001000,0x00007f4e6a102000)]
  0x00007f4e6035a800 JavaThread "Thread-2" [_thread_blocked, id=16055, stack(0x00007f4e6a745000,0x00007f4e6a846000)]
  0x00007f4e88dad000 JavaThread "Thread-1" [_thread_in_native, id=16054, stack(0x00007f4e6a846000,0x00007f4e6a947000)]
  0x00007f4e88d9d800 JavaThread "pool-1-thread-1" [_thread_blocked, id=16053, stack(0x00007f4e6a947000,0x00007f4e6aa48000)]
  0x00007f4e880bb000 JavaThread "Service Thread" daemon [_thread_blocked, id=16051, stack(0x00007f4e6bcfd000,0x00007f4e6bdfe000)]
  0x00007f4e880b7800 JavaThread "C1 CompilerThread1" daemon [_thread_blocked, id=16050, stack(0x00007f4e6bdfe000,0x00007f4e6beff000)]
  0x00007f4e880b5800 JavaThread "C2 CompilerThread0" daemon [_thread_blocked, id=16049, stack(0x00007f4e6beff000,0x00007f4e6c000000)]
  0x00007f4e880b4000 JavaThread "Signal Dispatcher" daemon [_thread_blocked, id=16048, stack(0x00007f4e7801f000,0x00007f4e78120000)]
  0x00007f4e88082000 JavaThread "Finalizer" daemon [_thread_blocked, id=16047, stack(0x00007f4e782b8000,0x00007f4e783b9000)]
  0x00007f4e8807d000 JavaThread "Reference Handler" daemon [_thread_blocked, id=16046, stack(0x00007f4e783b9000,0x00007f4e784ba000)]
  0x00007f4e88011800 JavaThread "main" [_thread_in_native, id=16044, stack(0x00007f4e8fce0000,0x00007f4e8fde1000)]

Other Threads:
=>0x00007f4e88075800 VMThread [stack: 0x00007f4e784ba000,0x00007f4e785bb000] [id=16045]
  0x00007f4e880bd800 WatcherThread [stack: 0x00007f4e6bbfc000,0x00007f4e6bcfd000] [id=16052]

VM state:at safepoint (normal execution)

VM Mutex/Monitor currently owned by a thread:  ([mutex/lock_event])
[0x00007f4e8800dc60] Threads_lock - owner thread: 0x00007f4e88075800
[0x00007f4e8800e160] Heap_lock - owner thread: 0x00007f4e5c51f000

Heap:
 def new generation   total 48128K, used 43911K [0x00000000c0000000, 0x00000000c3430000, 0x00000000d5550000)
  eden space 42816K, 100% used [0x00000000c0000000, 0x00000000c29d0000, 0x00000000c29d0000)
  from space 5312K,  20% used [0x00000000c29d0000, 0x00000000c2ae1ed8, 0x00000000c2f00000)
  to   space 5312K,   9% used [0x00000000c2f00000, 0x00000000c2f7ba70, 0x00000000c3430000)
 tenured generation   total 106800K, used 96845K [0x00000000d5550000, 0x00000000dbd9c000, 0x0000000100000000)
   the space 106800K,  90% used [0x00000000d5550000, 0x00000000db3e37a0, 0x00000000db3e3800, 0x00000000dbd9c000)
 Metaspace       used 75679K, capacity 77636K, committed 77784K, reserved 1116160K
  class space    used 10540K, capacity 10849K, committed 10968K, reserved 1048576K

Card table byte_map: [0x00007f4e8c178000,0x00007f4e8c379000] byte_map_base: 0x00007f4e8bb78000

Polling page: 0x00007f4e8fdec000

CodeCache: size=245760Kb used=34564Kb max_used=35070Kb free=211195Kb
 bounds [0x00007f4e79000000, 0x00007f4e7b280000, 0x00007f4e88000000]
 total_blobs=12345 nmethods=11731 adapters=525
 compilation: enabled

Compilation events (10 events):
Event: 257.195 Thread 0x00007f4e880b7800 nmethod 14641 0x00007f4e7a1a5d50 code [0x00007f4e7a1a5f20, 0x00007f4e7a1a62e8]
Event: 257.195 Thread 0x00007f4e880b7800 14643       2       org.apache.spark.unsafe.array.ByteArrayMethods::arrayEquals (191 bytes)
Event: 257.196 Thread 0x00007f4e880b7800 nmethod 14643 0x00007f4e7a332e90 code [0x00007f4e7a333020, 0x00007f4e7a3334d0]
Event: 257.196 Thread 0x00007f4e880b7800 14642       2       java.util.concurrent.locks.AbstractQueuedSynchronizer::tryAcquireSharedNanos (37 bytes)
Event: 257.196 Thread 0x00007f4e880b7800 nmethod 14642 0x00007f4e793e1350 code [0x00007f4e793e14e0, 0x00007f4e793e1770]
Event: 257.206 Thread 0x00007f4e880b5800 nmethod 14599 0x00007f4e79bf09d0 code [0x00007f4e79bf0b20, 0x00007f4e79bf0c18]
Event: 257.206 Thread 0x00007f4e880b5800 14598       4       scala.collection.immutable.HashMap::get (12 bytes)
Event: 257.317 Thread 0x00007f4e880b7800 14648       3       org.apache.spark.unsafe.array.ByteArrayMethods::arrayEquals (191 bytes)
Event: 259.150 Thread 0x00007f4e880b7800 nmethod 14648 0x00007f4e7a2bbed0 code [0x00007f4e7a2bc0a0, 0x00007f4e7a2bc950]
Event: 259.175 Thread 0x00007f4e880b7800 14650   !   2       io.netty.channel.nio.NioEventLoop::select (331 bytes)

GC Heap History (10 events):
Event: 256.114 GC heap after
Heap after GC invocations=335 (full 10):
 def new generation   total 48128K, used 0K [0x00000000c0000000, 0x00000000c3430000, 0x00000000d5550000)
  eden space 42816K,   0% used [0x00000000c0000000, 0x00000000c0000000, 0x00000000c29d0000)
  from space 5312K,   0% used [0x00000000c29d0000, 0x00000000c29d0000, 0x00000000c2f00000)
  to   space 5312K,   0% used [0x00000000c2f00000, 0x00000000c2f00000, 0x00000000c3430000)
 tenured generation   total 106800K, used 64077K [0x00000000d5550000, 0x00000000dbd9c000, 0x0000000100000000)
   the space 106800K,  59% used [0x00000000d5550000, 0x00000000d93e3780, 0x00000000d93e3800, 0x00000000dbd9c000)
 Metaspace       used 75544K, capacity 77460K, committed 77784K, reserved 1116160K
  class space    used 10532K, capacity 10839K, committed 10968K, reserved 1048576K
}
Event: 256.235 GC heap before
{Heap before GC invocations=335 (full 10):
 def new generation   total 48128K, used 42816K [0x00000000c0000000, 0x00000000c3430000, 0x00000000d5550000)
  eden space 42816K, 100% used [0x00000000c0000000, 0x00000000c29d0000, 0x00000000c29d0000)
  from space 5312K,   0% used [0x00000000c29d0000, 0x00000000c29d0000, 0x00000000c2f00000)
  to   space 5312K,   0% used [0x00000000c2f00000, 0x00000000c2f00000, 0x00000000c3430000)
 tenured generation   total 106800K, used 64077K [0x00000000d5550000, 0x00000000dbd9c000, 0x0000000100000000)
   the space 106800K,  59% used [0x00000000d5550000, 0x00000000d93e3780, 0x00000000d93e3800, 0x00000000dbd9c000)
 Metaspace       used 75571K, capacity 77468K, committed 77784K, reserved 1116160K
  class space    used 10532K, capacity 10839K, committed 10968K, reserved 1048576K
Event: 256.357 GC heap after
Heap after GC invocations=336 (full 10):
 def new generation   total 48128K, used 241K [0x00000000c0000000, 0x00000000c3430000, 0x00000000d5550000)
  eden space 42816K,   0% used [0x00000000c0000000, 0x00000000c0000000, 0x00000000c29d0000)
  from space 5312K,   4% used [0x00000000c2f00000, 0x00000000c2f3c6a8, 0x00000000c3430000)
  to   space 5312K,   0% used [0x00000000c29d0000, 0x00000000c29d0000, 0x00000000c2f00000)
 tenured generation   total 106800K, used 96845K [0x00000000d5550000, 0x00000000dbd9c000, 0x0000000100000000)
   the space 106800K,  90% used [0x00000000d5550000, 0x00000000db3e37a0, 0x00000000db3e3800, 0x00000000dbd9c000)
 Metaspace       used 75571K, capacity 77468K, committed 77784K, reserved 1116160K
  class space    used 10532K, capacity 10839K, committed 10968K, reserved 1048576K
}
Event: 256.458 GC heap before
{Heap before GC invocations=336 (full 10):
 def new generation   total 48128K, used 40934K [0x00000000c0000000, 0x00000000c3430000, 0x00000000d5550000)
  eden space 42816K,  95% used [0x00000000c0000000, 0x00000000c27bd238, 0x00000000c29d0000)
  from space 5312K,   4% used [0x00000000c2f00000, 0x00000000c2f3c6a8, 0x00000000c3430000)
  to   space 5312K,   0% used [0x00000000c29d0000, 0x00000000c29d0000, 0x00000000c2f00000)
 tenured generation   total 106800K, used 96845K [0x00000000d5550000, 0x00000000dbd9c000, 0x0000000100000000)
   the space 106800K,  90% used [0x00000000d5550000, 0x00000000db3e37a0, 0x00000000db3e3800, 0x00000000dbd9c000)
 Metaspace       used 75572K, capacity 77468K, committed 77784K, reserved 1116160K
  class space    used 10532K, capacity 10839K, committed 10968K, reserved 1048576K
Event: 256.462 GC heap after
Heap after GC invocations=337 (full 10):
 def new generation   total 48128K, used 200K [0x00000000c0000000, 0x00000000c3430000, 0x00000000d5550000)
  eden space 42816K,   0% used [0x00000000c0000000, 0x00000000c0000000, 0x00000000c29d0000)
  from space 5312K,   3% used [0x00000000c29d0000, 0x00000000c2a02160, 0x00000000c2f00000)
  to   space 5312K,   0% used [0x00000000c2f00000, 0x00000000c2f00000, 0x00000000c3430000)
 tenured generation   total 106800K, used 96845K [0x00000000d5550000, 0x00000000dbd9c000, 0x0000000100000000)
   the space 106800K,  90% used [0x00000000d5550000, 0x00000000db3e37a0, 0x00000000db3e3800, 0x00000000dbd9c000)
 Metaspace       used 75572K, capacity 77468K, committed 77784K, reserved 1116160K
  class space    used 10532K, capacity 10839K, committed 10968K, reserved 1048576K
}
Event: 256.951 GC heap before
{Heap before GC invocations=337 (full 10):
 def new generation   total 48128K, used 39706K [0x00000000c0000000, 0x00000000c3430000, 0x00000000d5550000)
  eden space 42816K,  92% used [0x00000000c0000000, 0x00000000c26947a8, 0x00000000c29d0000)
  from space 5312K,   3% used [0x00000000c29d0000, 0x00000000c2a02160, 0x00000000c2f00000)
  to   space 5312K,   0% used [0x00000000c2f00000, 0x00000000c2f00000, 0x00000000c3430000)
 tenured generation   total 106800K, used 96845K [0x00000000d5550000, 0x00000000dbd9c000, 0x0000000100000000)
   the space 106800K,  90% used [0x00000000d5550000, 0x00000000db3e37a0, 0x00000000db3e3800, 0x00000000dbd9c000)
 Metaspace       used 75646K, capacity 77566K, committed 77784K, reserved 1116160K
  class space    used 10538K, capacity 10848K, committed 10968K, reserved 1048576K
Event: 256.957 GC heap after
Heap after GC invocations=338 (full 10):
 def new generation   total 48128K, used 830K [0x00000000c0000000, 0x00000000c3430000, 0x00000000d5550000)
  eden space 42816K,   0% used [0x00000000c0000000, 0x00000000c0000000, 0x00000000c29d0000)
  from space 5312K,  15% used [0x00000000c2f00000, 0x00000000c2fcfb28, 0x00000000c3430000)
  to   space 5312K,   0% used [0x00000000c29d0000, 0x00000000c29d0000, 0x00000000c2f00000)
 tenured generation   total 106800K, used 96845K [0x00000000d5550000, 0x00000000dbd9c000, 0x0000000100000000)
   the space 106800K,  90% used [0x00000000d5550000, 0x00000000db3e37a0, 0x00000000db3e3800, 0x00000000dbd9c000)
 Metaspace       used 75646K, capacity 77566K, committed 77784K, reserved 1116160K
  class space    used 10538K, capacity 10848K, committed 10968K, reserved 1048576K
}
Event: 257.106 GC heap before
{Heap before GC invocations=338 (full 10):
 def new generation   total 48128K, used 38861K [0x00000000c0000000, 0x00000000c3430000, 0x00000000d5550000)
  eden space 42816K,  88% used [0x00000000c0000000, 0x00000000c2523cb0, 0x00000000c29d0000)
  from space 5312K,  15% used [0x00000000c2f00000, 0x00000000c2fcfb28, 0x00000000c3430000)
  to   space 5312K,   0% used [0x00000000c29d0000, 0x00000000c29d0000, 0x00000000c2f00000)
 tenured generation   total 106800K, used 96845K [0x00000000d5550000, 0x00000000dbd9c000, 0x0000000100000000)
   the space 106800K,  90% used [0x00000000d5550000, 0x00000000db3e37a0, 0x00000000db3e3800, 0x00000000dbd9c000)
 Metaspace       used 75668K, capacity 77630K, committed 77784K, reserved 1116160K
  class space    used 10539K, capacity 10848K, committed 10968K, reserved 1048576K
Event: 257.156 GC heap after
Heap after GC invocations=339 (full 10):
 def new generation   total 48128K, used 1095K [0x00000000c0000000, 0x00000000c3430000, 0x00000000d5550000)
  eden space 42816K,   0% used [0x00000000c0000000, 0x00000000c0000000, 0x00000000c29d0000)
  from space 5312K,  20% used [0x00000000c29d0000, 0x00000000c2ae1ed8, 0x00000000c2f00000)
  to   space 5312K,   0% used [0x00000000c2f00000, 0x00000000c2f00000, 0x00000000c3430000)
 tenured generation   total 106800K, used 96845K [0x00000000d5550000, 0x00000000dbd9c000, 0x0000000100000000)
   the space 106800K,  90% used [0x00000000d5550000, 0x00000000db3e37a0, 0x00000000db3e3800, 0x00000000dbd9c000)
 Metaspace       used 75668K, capacity 77630K, committed 77784K, reserved 1116160K
  class space    used 10539K, capacity 10848K, committed 10968K, reserved 1048576K
}
Event: 259.470 GC heap before
{Heap before GC invocations=339 (full 10):
 def new generation   total 48128K, used 43911K [0x00000000c0000000, 0x00000000c3430000, 0x00000000d5550000)
  eden space 42816K, 100% used [0x00000000c0000000, 0x00000000c29d0000, 0x00000000c29d0000)
  from space 5312K,  20% used [0x00000000c29d0000, 0x00000000c2ae1ed8, 0x00000000c2f00000)
  to   space 5312K,   0% used [0x00000000c2f00000, 0x00000000c2f00000, 0x00000000c3430000)
 tenured generation   total 106800K, used 96845K [0x00000000d5550000, 0x00000000dbd9c000, 0x0000000100000000)
   the space 106800K,  90% used [0x00000000d5550000, 0x00000000db3e37a0, 0x00000000db3e3800, 0x00000000dbd9c000)
 Metaspace       used 75679K, capacity 77636K, committed 77784K, reserved 1116160K
  class space    used 10540K, capacity 10849K, committed 10968K, reserved 1048576K

Deoptimization events (10 events):
Event: 255.822 Thread 0x00007f4e6035a800 Uncommon trap: reason=array_check action=maybe_recompile pc=0x00007f4e7a3f2b04 method=java.util.TimSort.binarySort([Ljava/lang/Object;IIILjava/util/Comparator;)V @ 193
Event: 255.907 Thread 0x00007f4e6c03d000 Uncommon trap: reason=unstable_if action=reinterpret pc=0x00007f4e7a9cacbc method=org.codehaus.janino.UnitCompiler.pushConstant(Lorg/codehaus/janino/Java$Locatable;Ljava/lang/Object;)Lorg/codehaus/janino/IClass; @ 22
Event: 256.464 Thread 0x00007f4e5c575000 Uncommon trap: reason=class_check action=maybe_recompile pc=0x00007f4e7b213b28 method=scala.collection.mutable.ArrayBuilder$.make(Lscala/reflect/ClassTag;)Lscala/collection/mutable/ArrayBuilder; @ 5
Event: 256.468 Thread 0x00007f4e5c575000 Uncommon trap: reason=class_check action=maybe_recompile pc=0x00007f4e7b213b28 method=scala.collection.mutable.ArrayBuilder$.make(Lscala/reflect/ClassTag;)Lscala/collection/mutable/ArrayBuilder; @ 5
Event: 256.469 Thread 0x00007f4e5c575000 Uncommon trap: reason=class_check action=maybe_recompile pc=0x00007f4e7b213b28 method=scala.collection.mutable.ArrayBuilder$.make(Lscala/reflect/ClassTag;)Lscala/collection/mutable/ArrayBuilder; @ 5
Event: 256.571 Thread 0x00007f4e6035a800 Uncommon trap: reason=class_check action=maybe_recompile pc=0x00007f4e7b213b28 method=scala.collection.mutable.ArrayBuilder$.make(Lscala/reflect/ClassTag;)Lscala/collection/mutable/ArrayBuilder; @ 5
Event: 256.734 Thread 0x00007f4e6035a800 Uncommon trap: reason=speculate_class_check action=maybe_recompile pc=0x00007f4e79b5f5e0 method=org.codehaus.janino.Java$Atom.toRvalueOrCompileException()Lorg/codehaus/janino/Java$Rvalue; @ 1
Event: 256.763 Thread 0x00007f4e6035a800 Uncommon trap: reason=class_check action=maybe_recompile pc=0x00007f4e7acdb54c method=org.codehaus.janino.IClass.isAssignableFrom(Lorg/codehaus/janino/IClass;)Z @ 82
Event: 256.764 Thread 0x00007f4e6035a800 Uncommon trap: reason=class_check action=maybe_recompile pc=0x00007f4e7acdb54c method=org.codehaus.janino.IClass.isAssignableFrom(Lorg/codehaus/janino/IClass;)Z @ 82
Event: 257.190 Thread 0x00007f4e7417b800 Uncommon trap: reason=unstable_if action=reinterpret pc=0x00007f4e7b203480 method=org.apache.spark.unsafe.array.ByteArrayMethods.arrayEquals(Ljava/lang/Object;JLjava/lang/Object;JJ)Z @ 15

Classes redefined (0 events):
No events

Internal exceptions (10 events):
Event: 250.109 Thread 0x00007f4e5cc5f000 Implicit null exception at 0x00007f4e79ce2dc4 to 0x00007f4e79ce983d
Event: 250.109 Thread 0x00007f4e5cc5f000 Implicit null exception at 0x00007f4e79ee0e18 to 0x00007f4e79ee28ad
Event: 255.812 Thread 0x00007f4e6035a800 Exception <a 'java/lang/NoSuchMethodError': <clinit>> (0x00000000c0884e00) thrown at [/build/openjdk-8-pREaNj/openjdk-8-8u181-b13/src/hotspot/src/share/vm/prims/jni.cpp, line 1613]
Event: 255.822 Thread 0x00007f4e6035a800 Exception <a 'java/lang/NoSuchMethodError': <clinit>> (0x00000000c0ae4148) thrown at [/build/openjdk-8-pREaNj/openjdk-8-8u181-b13/src/hotspot/src/share/vm/prims/jni.cpp, line 1613]
Event: 255.823 Thread 0x00007f4e6035a800 Exception <a 'java/lang/NoSuchMethodError': <clinit>> (0x00000000c0b0f558) thrown at [/build/openjdk-8-pREaNj/openjdk-8-8u181-b13/src/hotspot/src/share/vm/prims/jni.cpp, line 1613]
Event: 255.823 Thread 0x00007f4e6035a800 Exception <a 'java/lang/NoSuchMethodError': <clinit>> (0x00000000c0b16130) thrown at [/build/openjdk-8-pREaNj/openjdk-8-8u181-b13/src/hotspot/src/share/vm/prims/jni.cpp, line 1613]
Event: 255.825 Thread 0x00007f4e6035a800 Exception <a 'java/lang/NoSuchMethodError': <clinit>> (0x00000000c0b309a0) thrown at [/build/openjdk-8-pREaNj/openjdk-8-8u181-b13/src/hotspot/src/share/vm/prims/jni.cpp, line 1613]
Event: 255.825 Thread 0x00007f4e6035a800 Exception <a 'java/lang/NoSuchMethodError': <clinit>> (0x00000000c0b38a78) thrown at [/build/openjdk-8-pREaNj/openjdk-8-8u181-b13/src/hotspot/src/share/vm/prims/jni.cpp, line 1613]
Event: 255.826 Thread 0x00007f4e6035a800 Exception <a 'java/lang/NoSuchMethodError': <clinit>> (0x00000000c0b63ad0) thrown at [/build/openjdk-8-pREaNj/openjdk-8-8u181-b13/src/hotspot/src/share/vm/prims/jni.cpp, line 1613]
Event: 255.827 Thread 0x00007f4e6035a800 Exception <a 'java/lang/NoSuchMethodError': <clinit>> (0x00000000c0b76408) thrown at [/build/openjdk-8-pREaNj/openjdk-8-8u181-b13/src/hotspot/src/share/vm/prims/jni.cpp, line 1613]

Events (10 events):
Event: 257.093 Executing VM operation: RevokeBias
Event: 257.093 Executing VM operation: RevokeBias done
Event: 257.093 Executing VM operation: RevokeBias
Event: 257.093 Executing VM operation: RevokeBias done
Event: 257.106 Executing VM operation: GenCollectForAllocation
Event: 257.163 Executing VM operation: GenCollectForAllocation done
Event: 257.190 Thread 0x00007f4e7417b800 Uncommon trap: trap_request=0xffffff65 fr.pc=0x00007f4e7b203480
Event: 257.190 Thread 0x00007f4e7417b800 DEOPT PACKING pc=0x00007f4e7b203480 sp=0x00007f4e5097f540
Event: 257.193 Thread 0x00007f4e7417b800 DEOPT UNPACKING pc=0x00007f4e7904547a sp=0x00007f4e5097f4e0 mode 2
Event: 259.391 Executing VM operation: GenCollectForAllocation


Dynamic libraries:
00400000-00401000 r-xp 00000000 ca:01 256949                             /usr/lib/jvm/java-8-openjdk-amd64/jre/bin/java
00600000-00601000 r--p 00000000 ca:01 256949                             /usr/lib/jvm/java-8-openjdk-amd64/jre/bin/java
00601000-00602000 rw-p 00001000 ca:01 256949                             /usr/lib/jvm/java-8-openjdk-amd64/jre/bin/java
01364000-015c3000 rw-p 00000000 00:00 0                                  [heap]
c0000000-c3430000 rw-p 00000000 00:00 0 
c3430000-d5550000 ---p 00000000 00:00 0 
d5550000-dbd9c000 rw-p 00000000 00:00 0 
dcd9d000-100000000 ---p 00000000 00:00 0 
100000000-100ab6000 rw-p 00000000 00:00 0 
100ab6000-140000000 ---p 00000000 00:00 0 
7f4e5007f000-7f4e501bf000 rw-p 00000000 00:00 0 
7f4e501bf000-7f4e5027f000 ---p 00000000 00:00 0 
7f4e5027f000-7f4e5047f000 rw-p 00000000 00:00 0 
7f4e5047f000-7f4e50482000 ---p 00000000 00:00 0 
7f4e50482000-7f4e50780000 rw-p 00000000 00:00 0 
7f4e50780000-7f4e50783000 ---p 00000000 00:00 0 
7f4e50783000-7f4e50881000 rw-p 00000000 00:00 0 
7f4e50881000-7f4e50884000 ---p 00000000 00:00 0 
7f4e50884000-7f4e50982000 rw-p 00000000 00:00 0 
7f4e50982000-7f4e50985000 ---p 00000000 00:00 0 
7f4e50985000-7f4e50a83000 rw-p 00000000 00:00 0 
7f4e50a83000-7f4e50a86000 ---p 00000000 00:00 0 
7f4e50a86000-7f4e50b84000 rw-p 00000000 00:00 0 
7f4e50b84000-7f4e50b87000 ---p 00000000 00:00 0 
7f4e50b87000-7f4e50c85000 rw-p 00000000 00:00 0 
7f4e50c85000-7f4e50c88000 ---p 00000000 00:00 0 
7f4e50c88000-7f4e50d86000 rw-p 00000000 00:00 0 
7f4e50d86000-7f4e50d89000 ---p 00000000 00:00 0 
7f4e50d89000-7f4e51087000 rw-p 00000000 00:00 0 
7f4e51087000-7f4e51287000 rw-p 00000000 00:00 0 
7f4e51287000-7f4e5128a000 ---p 00000000 00:00 0 
7f4e5128a000-7f4e51588000 rw-p 00000000 00:00 0 
7f4e51588000-7f4e51788000 rw-p 00000000 00:00 0 
7f4e51788000-7f4e51988000 rw-p 00000000 00:00 0 
7f4e51988000-7f4e51b88000 rw-p 00000000 00:00 0 
7f4e51b88000-7f4e51b8b000 ---p 00000000 00:00 0 
7f4e51b8b000-7f4e51e89000 rw-p 00000000 00:00 0 
7f4e51e89000-7f4e52089000 rw-p 00000000 00:00 0 
7f4e52089000-7f4e52289000 rw-p 00000000 00:00 0 
7f4e52289000-7f4e52489000 rw-p 00000000 00:00 0 
7f4e52489000-7f4e52689000 rw-p 00000000 00:00 0 
7f4e52689000-7f4e52889000 rw-p 00000000 00:00 0 
7f4e52889000-7f4e5288c000 ---p 00000000 00:00 0 
7f4e5288c000-7f4e5298a000 rw-p 00000000 00:00 0 
7f4e5298a000-7f4e5298d000 ---p 00000000 00:00 0 
7f4e5298d000-7f4e52a8b000 rw-p 00000000 00:00 0 
7f4e52a8b000-7f4e52a8e000 ---p 00000000 00:00 0 
7f4e52a8e000-7f4e52b8c000 rw-p 00000000 00:00 0 
7f4e52b8c000-7f4e52b8f000 ---p 00000000 00:00 0 
7f4e52b8f000-7f4e52c8d000 rw-p 00000000 00:00 0 
7f4e52c8d000-7f4e52c90000 ---p 00000000 00:00 0 
7f4e52c90000-7f4e52d8e000 rw-p 00000000 00:00 0 
7f4e52d8e000-7f4e52d91000 ---p 00000000 00:00 0 
7f4e52d91000-7f4e5308f000 rw-p 00000000 00:00 0 
7f4e5308f000-7f4e53092000 ---p 00000000 00:00 0 
7f4e53092000-7f4e53390000 rw-p 00000000 00:00 0 
7f4e53390000-7f4e5339d000 r-xp 00000000 ca:01 5467                       /tmp/liblz4-java3666461389148615888.so
7f4e5339d000-7f4e5359c000 ---p 0000d000 ca:01 5467                       /tmp/liblz4-java3666461389148615888.so
7f4e5359c000-7f4e5359d000 rw-p 0000c000 ca:01 5467                       /tmp/liblz4-java3666461389148615888.so
7f4e5359d000-7f4e5379d000 rw-p 00000000 00:00 0 
7f4e5379d000-7f4e537a0000 ---p 00000000 00:00 0 
7f4e537a0000-7f4e5389e000 rw-p 00000000 00:00 0 
7f4e538ff000-7f4e53902000 ---p 00000000 00:00 0 
7f4e53902000-7f4e53c00000 rw-p 00000000 00:00 0 
7f4e53c00000-7f4e53e00000 rw-p 00000000 00:00 0 
7f4e53e00000-7f4e54000000 rw-p 00000000 00:00 0 
7f4e54000000-7f4e5431d000 rw-p 00000000 00:00 0 
7f4e5431d000-7f4e58000000 ---p 00000000 00:00 0 
7f4e580f2000-7f4e580f5000 ---p 00000000 00:00 0 
7f4e580f5000-7f4e581f3000 rw-p 00000000 00:00 0 
7f4e581f3000-7f4e581f6000 ---p 00000000 00:00 0 
7f4e581f6000-7f4e582f4000 rw-p 00000000 00:00 0 
7f4e582f4000-7f4e582f7000 ---p 00000000 00:00 0 
7f4e582f7000-7f4e585f5000 rw-p 00000000 00:00 0 
7f4e585f5000-7f4e585f8000 ---p 00000000 00:00 0 
7f4e585f8000-7f4e586f6000 rw-p 00000000 00:00 0 
7f4e586f6000-7f4e586f9000 ---p 00000000 00:00 0 
7f4e586f9000-7f4e587f7000 rw-p 00000000 00:00 0 
7f4e587f7000-7f4e587fa000 ---p 00000000 00:00 0 
7f4e587fa000-7f4e588f8000 rw-p 00000000 00:00 0 
7f4e588f8000-7f4e588fb000 ---p 00000000 00:00 0 
7f4e588fb000-7f4e589f9000 rw-p 00000000 00:00 0 
7f4e589f9000-7f4e589fc000 ---p 00000000 00:00 0 
7f4e589fc000-7f4e58afa000 rw-p 00000000 00:00 0 
7f4e58afa000-7f4e58afd000 ---p 00000000 00:00 0 
7f4e58afd000-7f4e58bfb000 rw-p 00000000 00:00 0 
7f4e58bfb000-7f4e58bfe000 ---p 00000000 00:00 0 
7f4e58bfe000-7f4e58cfc000 rw-p 00000000 00:00 0 
7f4e58cfc000-7f4e58cff000 ---p 00000000 00:00 0 
7f4e58cff000-7f4e58dfd000 rw-p 00000000 00:00 0 
7f4e58dfd000-7f4e58e00000 ---p 00000000 00:00 0 
7f4e58e00000-7f4e58efe000 rw-p 00000000 00:00 0 
7f4e58efe000-7f4e58f01000 ---p 00000000 00:00 0 
7f4e58f01000-7f4e5c000000 rw-p 00000000 00:00 0 
7f4e5c000000-7f4e5f424000 rw-p 00000000 00:00 0 
7f4e5f424000-7f4e60000000 ---p 00000000 00:00 0 
7f4e60000000-7f4e61590000 rw-p 00000000 00:00 0 
7f4e61590000-7f4e64000000 ---p 00000000 00:00 0 
7f4e64000000-7f4e6402b000 rw-p 00000000 00:00 0 
7f4e6402b000-7f4e68000000 ---p 00000000 00:00 0 
7f4e6801a000-7f4e6801d000 ---p 00000000 00:00 0 
7f4e6801d000-7f4e6811b000 rw-p 00000000 00:00 0 
7f4e6811b000-7f4e6811e000 ---p 00000000 00:00 0 
7f4e6811e000-7f4e6821c000 rw-p 00000000 00:00 0 
7f4e6821c000-7f4e6821f000 ---p 00000000 00:00 0 
7f4e6821f000-7f4e6831d000 rw-p 00000000 00:00 0 
7f4e6831d000-7f4e68320000 ---p 00000000 00:00 0 
7f4e68320000-7f4e6861e000 rw-p 00000000 00:00 0 
7f4e6861e000-7f4e68621000 ---p 00000000 00:00 0 
7f4e68621000-7f4e6891f000 rw-p 00000000 00:00 0 
7f4e6891f000-7f4e68922000 ---p 00000000 00:00 0 
7f4e68922000-7f4e68a20000 rw-p 00000000 00:00 0 
7f4e68a20000-7f4e68a23000 ---p 00000000 00:00 0 
7f4e68a23000-7f4e68b21000 rw-p 00000000 00:00 0 
7f4e68b21000-7f4e68b24000 ---p 00000000 00:00 0 
7f4e68b24000-7f4e68c22000 rw-p 00000000 00:00 0 
7f4e68c22000-7f4e68c25000 ---p 00000000 00:00 0 
7f4e68c25000-7f4e68d23000 rw-p 00000000 00:00 0 
7f4e68d23000-7f4e68d26000 ---p 00000000 00:00 0 
7f4e68d26000-7f4e68e24000 rw-p 00000000 00:00 0 
7f4e68e24000-7f4e68e27000 ---p 00000000 00:00 0 
7f4e68e27000-7f4e68f25000 rw-p 00000000 00:00 0 
7f4e68f25000-7f4e68f28000 ---p 00000000 00:00 0 
7f4e68f28000-7f4e69026000 rw-p 00000000 00:00 0 
7f4e69026000-7f4e69029000 ---p 00000000 00:00 0 
7f4e69029000-7f4e69127000 rw-p 00000000 00:00 0 
7f4e69127000-7f4e6912a000 ---p 00000000 00:00 0 
7f4e6912a000-7f4e69228000 rw-p 00000000 00:00 0 
7f4e69228000-7f4e69239000 r-xp 00000000 ca:01 256909                     /usr/lib/jvm/java-8-openjdk-amd64/jre/lib/amd64/libnio.so
7f4e69239000-7f4e69439000 ---p 00011000 ca:01 256909                     /usr/lib/jvm/java-8-openjdk-amd64/jre/lib/amd64/libnio.so
7f4e69439000-7f4e6943a000 r--p 00011000 ca:01 256909                     /usr/lib/jvm/java-8-openjdk-amd64/jre/lib/amd64/libnio.so
7f4e6943a000-7f4e6943b000 rw-p 00012000 ca:01 256909                     /usr/lib/jvm/java-8-openjdk-amd64/jre/lib/amd64/libnio.so
7f4e6943b000-7f4e6963b000 rw-p 00000000 00:00 0 
7f4e6963b000-7f4e6963e000 ---p 00000000 00:00 0 
7f4e6963e000-7f4e6993c000 rw-p 00000000 00:00 0 
7f4e6993c000-7f4e69953000 r-xp 00000000 ca:01 1984                       /lib/x86_64-linux-gnu/libresolv-2.23.so
7f4e69953000-7f4e69b53000 ---p 00017000 ca:01 1984                       /lib/x86_64-linux-gnu/libresolv-2.23.so
7f4e69b53000-7f4e69b54000 r--p 00017000 ca:01 1984                       /lib/x86_64-linux-gnu/libresolv-2.23.so
7f4e69b54000-7f4e69b55000 rw-p 00018000 ca:01 1984                       /lib/x86_64-linux-gnu/libresolv-2.23.so
7f4e69b55000-7f4e69b57000 rw-p 00000000 00:00 0 
7f4e69b57000-7f4e69b5c000 r-xp 00000000 ca:01 1990                       /lib/x86_64-linux-gnu/libnss_dns-2.23.so
7f4e69b5c000-7f4e69d5c000 ---p 00005000 ca:01 1990                       /lib/x86_64-linux-gnu/libnss_dns-2.23.so
7f4e69d5c000-7f4e69d5d000 r--p 00005000 ca:01 1990                       /lib/x86_64-linux-gnu/libnss_dns-2.23.so
7f4e69d5d000-7f4e69d5e000 rw-p 00006000 ca:01 1990                       /lib/x86_64-linux-gnu/libnss_dns-2.23.so
7f4e69de5000-7f4e69de7000 r--s 00016000 ca:01 256882                     /usr/lib/jvm/java-8-openjdk-amd64/jre/lib/jce.jar
7f4e69de7000-7f4e69dec000 r--s 0009d000 ca:01 256862                     /usr/lib/jvm/java-8-openjdk-amd64/jre/lib/jsse.jar
7f4e69dec000-7f4e69dff000 r--s 00346000 ca:01 256864                     /usr/lib/jvm/java-8-openjdk-amd64/jre/lib/resources.jar
7f4e69dff000-7f4e69e00000 r-xp 00000000 ca:01 256908                     /usr/lib/jvm/java-8-openjdk-amd64/jre/lib/amd64/libjaas_unix.so
7f4e69e00000-7f4e69fff000 ---p 00001000 ca:01 256908                     /usr/lib/jvm/java-8-openjdk-amd64/jre/lib/amd64/libjaas_unix.so
7f4e69fff000-7f4e6a000000 r--p 00000000 ca:01 256908                     /usr/lib/jvm/java-8-openjdk-amd64/jre/lib/amd64/libjaas_unix.so
7f4e6a000000-7f4e6a001000 rw-p 00001000 ca:01 256908                     /usr/lib/jvm/java-8-openjdk-amd64/jre/lib/amd64/libjaas_unix.so
7f4e6a001000-7f4e6a004000 ---p 00000000 00:00 0 
7f4e6a004000-7f4e6a102000 rw-p 00000000 00:00 0 
7f4e6a102000-7f4e6a105000 ---p 00000000 00:00 0 
7f4e6a105000-7f4e6a33b000 rw-p 00000000 00:00 0 
7f4e6a33b000-7f4e6a53b000 rw-p 00000000 00:00 0 
7f4e6a53b000-7f4e6a544000 r-xp 00000000 ca:01 256894                     /usr/lib/jvm/java-8-openjdk-amd64/jre/lib/amd64/libmanagement.so
7f4e6a544000-7f4e6a743000 ---p 00009000 ca:01 256894                     /usr/lib/jvm/java-8-openjdk-amd64/jre/lib/amd64/libmanagement.so
7f4e6a743000-7f4e6a744000 r--p 00008000 ca:01 256894                     /usr/lib/jvm/java-8-openjdk-amd64/jre/lib/amd64/libmanagement.so
7f4e6a744000-7f4e6a745000 rw-p 00009000 ca:01 256894                     /usr/lib/jvm/java-8-openjdk-amd64/jre/lib/amd64/libmanagement.so
7f4e6a745000-7f4e6a748000 ---p 00000000 00:00 0 
7f4e6a748000-7f4e6a846000 rw-p 00000000 00:00 0 
7f4e6a846000-7f4e6a849000 ---p 00000000 00:00 0 
7f4e6a849000-7f4e6a947000 rw-p 00000000 00:00 0 
7f4e6a947000-7f4e6a94a000 ---p 00000000 00:00 0 
7f4e6a94a000-7f4e6ac48000 rw-p 00000000 00:00 0 
7f4e6ac48000-7f4e6ac5f000 r-xp 00000000 ca:01 256888                     /usr/lib/jvm/java-8-openjdk-amd64/jre/lib/amd64/libnet.so
7f4e6ac5f000-7f4e6ae5e000 ---p 00017000 ca:01 256888                     /usr/lib/jvm/java-8-openjdk-amd64/jre/lib/amd64/libnet.so
7f4e6ae5e000-7f4e6ae5f000 r--p 00016000 ca:01 256888                     /usr/lib/jvm/java-8-openjdk-amd64/jre/lib/amd64/libnet.so
7f4e6ae5f000-7f4e6ae60000 rw-p 00017000 ca:01 256888                     /usr/lib/jvm/java-8-openjdk-amd64/jre/lib/amd64/libnet.so
7f4e6ae60000-7f4e6ae63000 r--s 00015000 ca:01 261533                     /home/ubuntu/spark-2.1.1-bin-hadoop2.7/jars/javax.servlet-api-3.1.0.jar
7f4e6ae63000-7f4e6ae8f000 r--s 001c9000 ca:01 261798                     /home/ubuntu/spark-2.1.1-bin-hadoop2.7/jars/shapeless_2.11-2.0.0.jar
7f4e6ae8f000-7f4e6ae9a000 r--s 000b0000 ca:01 261731                     /home/ubuntu/spark-2.1.1-bin-hadoop2.7/jars/jtransforms-2.4.0.jar
7f4e6ae9a000-7f4e6aea0000 r--s 00043000 ca:01 261858                     /home/ubuntu/spark-2.1.1-bin-hadoop2.7/jars/commons-configuration-1.6.jar
7f4e6aea0000-7f4e6aea4000 r--s 00019000 ca:01 261784                     /home/ubuntu/spark-2.1.1-bin-hadoop2.7/jars/javax.ws.rs-api-2.0.1.jar
7f4e6aea4000-7f4e6aea6000 r--s 00009000 ca:01 261839                     /home/ubuntu/spark-2.1.1-bin-hadoop2.7/jars/commons-cli-1.2.jar
7f4e6aea6000-7f4e6aeb0000 r--s 00095000 ca:01 261728                     /home/ubuntu/spark-2.1.1-bin-hadoop2.7/jars/scala-xml_2.11-1.0.2.jar
7f4e6aeb0000-7f4e6aeb5000 r--s 00031000 ca:01 261744                     /home/ubuntu/spark-2.1.1-bin-hadoop2.7/jars/parquet-hadoop-1.8.1.jar
7f4e6aeb5000-7f4e6aeb9000 r--s 00020000 ca:01 261720                     /home/ubuntu/spark-2.1.1-bin-hadoop2.7/jars/commons-digester-1.8.jar
7f4e6aeb9000-7f4e6aebb000 r--s 00027000 ca:01 261790                     /home/ubuntu/spark-2.1.1-bin-hadoop2.7/jars/core-1.1.2.jar
7f4e6aebb000-7f4e6aed2000 r--s 00183000 ca:01 261753                     /home/ubuntu/spark-2.1.1-bin-hadoop2.7/jars/hadoop-yarn-common-2.7.3.jar
7f4e6aed2000-7f4e6aed3000 r--s 00004000 ca:01 261711                     /home/ubuntu/spark-2.1.1-bin-hadoop2.7/jars/eigenbase-properties-1.1.5.jar
7f4e6aed3000-7f4e6aed9000 r--s 00044000 ca:01 261763                     /home/ubuntu/spark-2.1.1-bin-hadoop2.7/jars/antlr4-runtime-4.5.3.jar
7f4e6aed9000-7f4e6aedb000 r--s 0000b000 ca:01 261840                     /home/ubuntu/spark-2.1.1-bin-hadoop2.7/jars/chill-java-0.8.0.jar
7f4e6aedb000-7f4e6aee5000 r--s 00086000 ca:01 261718                     /home/ubuntu/spark-2.1.1-bin-hadoop2.7/jars/json4s-core_2.11-3.2.11.jar
7f4e6aee5000-7f4e6aee7000 r--s 0000f000 ca:01 261566                     /home/ubuntu/spark-2.1.1-bin-hadoop2.7/jars/activation-1.1.1.jar
7f4e6aee7000-7f4e6aeeb000 r--s 00031000 ca:01 261583                     /home/ubuntu/spark-2.1.1-bin-hadoop2.7/jars/jline-2.12.1.jar
7f4e6aeeb000-7f4e6aef1000 r--s 00028000 ca:01 261745                     /home/ubuntu/spark-2.1.1-bin-hadoop2.7/jars/curator-framework-2.6.0.jar
7f4e6aef1000-7f4e6aefe000 r--s 000b1000 ca:01 261545                     /home/ubuntu/spark-2.1.1-bin-hadoop2.7/jars/hadoop-mapreduce-client-common-2.7.3.jar
7f4e6aefe000-7f4e6af00000 r--s 00009000 ca:01 261758                     /home/ubuntu/spark-2.1.1-bin-hadoop2.7/jars/jackson-module-paranamer-2.6.5.jar
7f4e6af00000-7f4e6af01000 r--s 00009000 ca:01 261845                     /home/ubuntu/spark-2.1.1-bin-hadoop2.7/jars/slf4j-api-1.7.16.jar
7f4e6af01000-7f4e6af02000 r--s 00004000 ca:01 261710                     /home/ubuntu/spark-2.1.1-bin-hadoop2.7/jars/jackson-jaxrs-1.9.13.jar
7f4e6af02000-7f4e6af04000 r--s 00012000 ca:01 261803                     /home/ubuntu/spark-2.1.1-bin-hadoop2.7/jars/api-util-1.0.0-M20.jar
7f4e6af04000-7f4e6af0c000 r--s 00066000 ca:01 261732                     /home/ubuntu/spark-2.1.1-bin-hadoop2.7/jars/apache-log4j-extras-1.2.17.jar
7f4e6af0c000-7f4e6af0e000 r--s 00004000 ca:01 261587                     /home/ubuntu/spark-2.1.1-bin-hadoop2.7/jars/stax-api-1.0-2.jar
7f4e6af0e000-7f4e6af1c000 r--s 00078000 ca:01 261756                     /home/ubuntu/spark-2.1.1-bin-hadoop2.7/jars/spark-mesos_2.11-2.1.1.jar
7f4e6af1c000-7f4e6af4a000 r--s 00212000 ca:01 261712                     /home/ubuntu/spark-2.1.1-bin-hadoop2.7/jars/spark-network-common_2.11-2.1.1.jar
7f4e6af4a000-7f4e6af52000 r--s 0006e000 ca:01 261765                     /home/ubuntu/spark-2.1.1-bin-hadoop2.7/jars/commons-lang3-3.5.jar
7f4e6af52000-7f4e6af53000 r--s 00009000 ca:01 261830                     /home/ubuntu/spark-2.1.1-bin-hadoop2.7/jars/hive-cli-1.2.1.spark2.jar
7f4e6af53000-7f4e6af69000 r--s 001a4000 ca:01 261613                     /home/ubuntu/spark-2.1.1-bin-hadoop2.7/jars/datanucleus-rdbms-3.2.9.jar
7f4e6af69000-7f4e6af7a000 r--s 0010d000 ca:01 261714                     /home/ubuntu/spark-2.1.1-bin-hadoop2.7/jars/jackson-databind-2.6.5.jar
7f4e6af7a000-7f4e6af7c000 r--s 0000a000 ca:01 261612                     /home/ubuntu/spark-2.1.1-bin-hadoop2.7/jars/spark-unsafe_2.11-2.1.1.jar
7f4e6af7c000-7f4e6afa0000 r--s 001cd000 ca:01 261855                     /home/ubuntu/spark-2.1.1-bin-hadoop2.7/jars/commons-math3-3.4.1.jar
7f4e6afa0000-7f4e6afa4000 r--s 0002a000 ca:01 261747                     /home/ubuntu/spark-2.1.1-bin-hadoop2.7/jars/commons-io-2.4.jar
7f4e6afa4000-7f4e6afac000 r--s 00059000 ca:01 261611                     /home/ubuntu/spark-2.1.1-bin-hadoop2.7/jars/javolution-5.5.1.jar
7f4e6afac000-7f4e6afad000 r--s 00003000 ca:01 261568                     /home/ubuntu/spark-2.1.1-bin-hadoop2.7/jars/jta-1.1.jar
7f4e6afad000-7f4e6afb0000 r--s 00009000 ca:01 261751                     /home/ubuntu/spark-2.1.1-bin-hadoop2.7/jars/jackson-annotations-2.6.5.jar
7f4e6afb0000-7f4e6b024000 r--s 00574000 ca:01 261739                     /home/ubuntu/spark-2.1.1-bin-hadoop2.7/jars/spark-mllib_2.11-2.1.1.jar
7f4e6b024000-7f4e6b03f000 r--s 001d8000 ca:01 261572                     /home/ubuntu/spark-2.1.1-bin-hadoop2.7/jars/jets3t-0.9.3.jar
7f4e6b03f000-7f4e6b0ca000 r--s 0069e000 ca:01 261713                     /home/ubuntu/spark-2.1.1-bin-hadoop2.7/jars/spark-catalyst_2.11-2.1.1.jar
7f4e6b0ca000-7f4e6b0cf000 r--s 0002a000 ca:01 261576                     /home/ubuntu/spark-2.1.1-bin-hadoop2.7/jars/commons-beanutils-1.7.0.jar
7f4e6b0cf000-7f4e6b0d1000 r--s 00006000 ca:01 261588                     /home/ubuntu/spark-2.1.1-bin-hadoop2.7/jars/paranamer-2.3.jar
7f4e6b0d1000-7f4e6b0d5000 r--s 0002c000 ca:01 261748                     /home/ubuntu/spark-2.1.1-bin-hadoop2.7/jars/avro-ipc-1.7.7.jar
7f4e6b0d5000-7f4e6b0d6000 r--s 00003000 ca:01 261594                     /home/ubuntu/spark-2.1.1-bin-hadoop2.7/jars/xmlenc-0.52.jar
7f4e6b0d6000-7f4e6b0f3000 r--s 001d5000 ca:01 261860                     /home/ubuntu/spark-2.1.1-bin-hadoop2.7/jars/hadoop-yarn-api-2.7.3.jar
7f4e6b0f3000-7f4e6b0f4000 r--s 00004000 ca:01 261716                     /home/ubuntu/spark-2.1.1-bin-hadoop2.7/jars/opencsv-2.3.jar
7f4e6b0f4000-7f4e6b0f8000 r--s 00014000 ca:01 261856                     /home/ubuntu/spark-2.1.1-bin-hadoop2.7/jars/xz-1.0.jar
7f4e6b0f8000-7f4e6b0fb000 r--s 000fd000 ca:01 261604                     /home/ubuntu/spark-2.1.1-bin-hadoop2.7/jars/leveldbjni-all-1.8.jar
7f4e6b0fb000-7f4e6b101000 r--s 00063000 ca:01 261849                     /home/ubuntu/spark-2.1.1-bin-hadoop2.7/jars/jodd-core-3.5.2.jar
7f4e6b101000-7f4e6b105000 r--s 00030000 ca:01 261532                     /home/ubuntu/spark-2.1.1-bin-hadoop2.7/jars/commons-net-2.2.jar
7f4e6b105000-7f4e6b109000 r--s 00028000 ca:01 261608                     /home/ubuntu/spark-2.1.1-bin-hadoop2.7/jars/spark-mllib-local_2.11-2.1.1.jar
7f4e6b109000-7f4e6b110000 r--s 0007d000 ca:01 261722                     /home/ubuntu/spark-2.1.1-bin-hadoop2.7/jars/jetty-6.1.26.jar
7f4e6b110000-7f4e6b113000 r--s 0002f000 ca:01 261546                     /home/ubuntu/spark-2.1.1-bin-hadoop2.7/jars/RoaringBitmap-0.5.11.jar
7f4e6b113000-7f4e6b114000 r--s 00004000 ca:01 261866                     /home/ubuntu/spark-2.1.1-bin-hadoop2.7/jars/osgi-resource-locator-1.0.1.jar
7f4e6b114000-7f4e6b135000 r--s 0019b000 ca:01 261796                     /home/ubuntu/spark-2.1.1-bin-hadoop2.7/jars/spark-hive-thriftserver_2.11-2.1.1.jar
7f4e6b135000-7f4e6b13a000 r--s 00041000 ca:01 261740                     /home/ubuntu/spark-2.1.1-bin-hadoop2.7/jars/commons-lang-2.6.jar
7f4e6b13a000-7f4e6b13c000 r--s 00020000 ca:01 261749                     /home/ubuntu/spark-2.1.1-bin-hadoop2.7/jars/hive-beeline-1.2.1.spark2.jar
7f4e6b13c000-7f4e6b143000 r--s 00049000 ca:01 261736                     /home/ubuntu/spark-2.1.1-bin-hadoop2.7/jars/httpcore-4.4.4.jar
7f4e6b143000-7f4e6b145000 r--s 00014000 ca:01 261717                     /home/ubuntu/spark-2.1.1-bin-hadoop2.7/jars/spire-macros_2.11-0.7.4.jar
7f4e6b145000-7f4e6b146000 r--s 00001000 ca:01 261621                     /home/ubuntu/spark-2.1.1-bin-hadoop2.7/jars/pmml-schema-1.2.15.jar
7f4e6b146000-7f4e6b14a000 r--s 00028000 ca:01 261573                     /home/ubuntu/spark-2.1.1-bin-hadoop2.7/jars/jetty-util-6.1.26.jar
7f4e6b14a000-7f4e6b14d000 r--s 00006000 ca:01 261721                     /home/ubuntu/spark-2.1.1-bin-hadoop2.7/jars/jsr305-1.3.9.jar
7f4e6b14d000-7f4e6b154000 r--s 0005d000 ca:01 261793                     /home/ubuntu/spark-2.1.1-bin-hadoop2.7/jars/mx4j-3.0.2.jar
7f4e6b154000-7f4e6b156000 r--s 0000e000 ca:01 261821                     /home/ubuntu/spark-2.1.1-bin-hadoop2.7/jars/guice-servlet-3.0.jar
7f4e6b156000-7f4e6b15e000 r--s 0007b000 ca:01 261737                     /home/ubuntu/spark-2.1.1-bin-hadoop2.7/jars/protobuf-java-2.5.0.jar
7f4e6b15e000-7f4e6b167000 r--s 00062000 ca:01 261580                     /home/ubuntu/spark-2.1.1-bin-hadoop2.7/jars/avro-1.7.7.jar
7f4e6b167000-7f4e6b169000 r--s 00003000 ca:01 261733                     /home/ubuntu/spark-2.1.1-bin-hadoop2.7/jars/jcl-over-slf4j-1.7.16.jar
7f4e6b169000-7f4e6b239000 r--s 00cf0000 ca:01 261540                     /home/ubuntu/spark-2.1.1-bin-hadoop2.7/jars/breeze_2.11-0.12.jar
7f4e6b239000-7f4e6b23a000 r--s 00002000 ca:01 261619                     /home/ubuntu/spark-2.1.1-bin-hadoop2.7/jars/slf4j-log4j12-1.7.16.jar
7f4e6b23a000-7f4e6b23c000 r--s 00006000 ca:01 261578                     /home/ubuntu/spark-2.1.1-bin-hadoop2.7/jars/spark-sketch_2.11-2.1.1.jar
7f4e6b23c000-7f4e6b241000 r--s 00068000 ca:01 261791                     /home/ubuntu/spark-2.1.1-bin-hadoop2.7/jars/antlr-2.7.7.jar
7f4e6b241000-7f4e6b243000 r--s 00000000 ca:01 261759                     /home/ubuntu/spark-2.1.1-bin-hadoop2.7/jars/aopalliance-1.0.jar
7f4e6b243000-7f4e6b245000 r--s 00012000 ca:01 261730                     /home/ubuntu/spark-2.1.1-bin-hadoop2.7/jars/compress-lzf-1.0.3.jar
7f4e6b245000-7f4e6b252000 r--s 0009e000 ca:01 261822                     /home/ubuntu/spark-2.1.1-bin-hadoop2.7/jars/spark-graphx_2.11-2.1.1.jar
7f4e6b252000-7f4e6b257000 r--s 00028000 ca:01 261841                     /home/ubuntu/spark-2.1.1-bin-hadoop2.7/jars/avro-mapred-1.7.7-hadoop2.jar
7f4e6b257000-7f4e6b26d000 r--s 00124000 ca:01 261833                     /home/ubuntu/spark-2.1.1-bin-hadoop2.7/jars/ivy-2.4.0.jar
7f4e6b26d000-7f4e6b275000 r--s 00078000 ca:01 261805                     /home/ubuntu/spark-2.1.1-bin-hadoop2.7/jars/mail-1.4.7.jar
7f4e6b275000-7f4e6b27a000 r--s 0004e000 ca:01 261582                     /home/ubuntu/spark-2.1.1-bin-hadoop2.7/jars/datanucleus-api-jdo-3.2.6.jar
7f4e6b27a000-7f4e6b352000 r--s 00a88000 ca:01 261543                     /home/ubuntu/spark-2.1.1-bin-hadoop2.7/jars/spark-core_2.11-2.1.1.jar
7f4e6b352000-7f4e6b36a000 r--s 001b6000 ca:01 261569                     /home/ubuntu/spark-2.1.1-bin-hadoop2.7/jars/datanucleus-core-3.2.10.jar
7f4e6b36a000-7f4e6b37e000 r--s 000ec000 ca:01 261539                     /home/ubuntu/spark-2.1.1-bin-hadoop2.7/jars/parquet-jackson-1.8.1.jar
7f4e6b37e000-7f4e6b380000 r--s 0000e000 ca:01 261785                     /home/ubuntu/spark-2.1.1-bin-hadoop2.7/jars/hadoop-mapreduce-client-jobclient-2.7.3.jar
7f4e6b380000-7f4e6b382000 r--s 0000e000 ca:01 261536                     /home/ubuntu/spark-2.1.1-bin-hadoop2.7/jars/oro-2.0.8.jar
7f4e6b382000-7f4e6b384000 r--s 00003000 ca:01 261826                     /home/ubuntu/spark-2.1.1-bin-hadoop2.7/jars/JavaEWAH-0.3.2.jar
7f4e6b384000-7f4e6b386000 r--s 0000f000 ca:01 261757                     /home/ubuntu/spark-2.1.1-bin-hadoop2.7/jars/spark-launcher_2.11-2.1.1.jar
7f4e6b386000-7f4e6b3a8000 r--s 00335000 ca:01 261750                     /home/ubuntu/spark-2.1.1-bin-hadoop2.7/jars/mesos-1.0.0-shaded-protobuf.jar
7f4e6b3a8000-7f4e6b3a9000 r--s 00001000 ca:01 261610                     /home/ubuntu/spark-2.1.1-bin-hadoop2.7/jars/minlog-1.3.0.jar
7f4e6b3a9000-7f4e6b3ac000 r--s 0001a000 ca:01 261834                     /home/ubuntu/spark-2.1.1-bin-hadoop2.7/jars/py4j-0.10.4.jar
7f4e6b3ac000-7f4e6b3ad000 r--s 00009000 ca:01 261601                     /home/ubuntu/spark-2.1.1-bin-hadoop2.7/jars/json4s-jackson_2.11-3.2.11.jar
7f4e6b3ad000-7f4e6b3af000 r--s 0000d000 ca:01 261725                     /home/ubuntu/spark-2.1.1-bin-hadoop2.7/jars/hadoop-yarn-server-web-proxy-2.7.3.jar
7f4e6b3af000-7f4e6b412000 r--s 004de000 ca:01 261719                     /home/ubuntu/spark-2.1.1-bin-hadoop2.7/jars/hive-metastore-1.2.1.spark2.jar
7f4e6b412000-7f4e6b419000 r--s 00039000 ca:01 261727                     /home/ubuntu/spark-2.1.1-bin-hadoop2.7/jars/calcite-avatica-1.2.0-incubating.jar
7f4e6b419000-7f4e6b420000 r--s 0003f000 ca:01 261603                     /home/ubuntu/spark-2.1.1-bin-hadoop2.7/jars/commons-codec-1.10.jar
7f4e6b420000-7f4e6b422000 r--s 00100000 ca:01 261842                     /home/ubuntu/spark-2.1.1-bin-hadoop2.7/jars/snappy-java-1.1.2.6.jar
7f4e6b422000-7f4e6b426000 r--s 00029000 ca:01 261591                     /home/ubuntu/spark-2.1.1-bin-hadoop2.7/jars/hk2-locator-2.4.0-b34.jar
7f4e6b426000-7f4e6b429000 r--s 0000d000 ca:01 261742                     /home/ubuntu/spark-2.1.1-bin-hadoop2.7/jars/spark-network-shuffle_2.11-2.1.1.jar
7f4e6b429000-7f4e6b42a000 r--s 00006000 ca:01 261788                     /home/ubuntu/spark-2.1.1-bin-hadoop2.7/jars/jackson-xc-1.9.13.jar
7f4e6b42a000-7f4e6b440000 r--s 000d1000 ca:01 261585                     /home/ubuntu/spark-2.1.1-bin-hadoop2.7/jars/parquet-column-1.8.1.jar
7f4e6b440000-7f4e6b465000 rw-p 00000000 00:00 0 
7f4e6b465000-7f4e6b571000 r--s 00dba000 ca:01 261859                     /home/ubuntu/spark-2.1.1-bin-hadoop2.7/jars/scala-compiler-2.11.8.jar
7f4e6b571000-7f4e6b572000 r--s 00002000 ca:01 261764                     /home/ubuntu/spark-2.1.1-bin-hadoop2.7/jars/jpam-1.1.jar
7f4e6b572000-7f4e6b581000 r--s 0009f000 ca:01 261734                     /home/ubuntu/spark-2.1.1-bin-hadoop2.7/jars/guice-3.0.jar
7f4e6b581000-7f4e6b59a000 r--s 00150000 ca:01 261626                     /home/ubuntu/spark-2.1.1-bin-hadoop2.7/jars/htrace-core-3.1.0-incubating.jar
7f4e6b59a000-7f4e6b5b0000 r--s 000d3000 ca:01 261625                     /home/ubuntu/spark-2.1.1-bin-hadoop2.7/jars/jersey-server-2.22.2.jar
7f4e6b5b0000-7f4e6b5b2000 r--s 00008000 ca:01 261581                     /home/ubuntu/spark-2.1.1-bin-hadoop2.7/jars/parquet-common-1.8.1.jar
7f4e6b5b2000-7f4e6b5b4000 r--s 00002000 ca:01 261606                     /home/ubuntu/spark-2.1.1-bin-hadoop2.7/jars/aopalliance-repackaged-2.4.0-b34.jar
7f4e6b5b4000-7f4e6b5b8000 r--s 0003c000 ca:01 261854                     /home/ubuntu/spark-2.1.1-bin-hadoop2.7/jars/jackson-core-2.6.5.jar
7f4e6b5b8000-7f4e6b5c3000 r--s 00062000 ca:01 261729                     /home/ubuntu/spark-2.1.1-bin-hadoop2.7/jars/calcite-linq4j-1.2.0-incubating.jar
7f4e6b5c3000-7f4e6b5f9000 r--s 0031c000 ca:01 261565                     /home/ubuntu/spark-2.1.1-bin-hadoop2.7/jars/hadoop-common-2.7.3.jar
7f4e6b5f9000-7f4e6b5fd000 r--s 0001a000 ca:01 261579                     /home/ubuntu/spark-2.1.1-bin-hadoop2.7/jars/hk2-utils-2.4.0-b34.jar
7f4e6b5fd000-7f4e6b609000 r--s 000b6000 ca:01 261831                     /home/ubuntu/spark-2.1.1-bin-hadoop2.7/jars/zookeeper-3.4.6.jar
7f4e6b609000-7f4e6b60f000 r--s 00040000 ca:01 261709                     /home/ubuntu/spark-2.1.1-bin-hadoop2.7/jars/parquet-encoding-1.8.1.jar
7f4e6b60f000-7f4e6b614000 r--s 00036000 ca:01 261574                     /home/ubuntu/spark-2.1.1-bin-hadoop2.7/jars/commons-compress-1.4.1.jar
7f4e6b614000-7f4e6b641000 r--s 001d4000 ca:01 261863                     /home/ubuntu/spark-2.1.1-bin-hadoop2.7/jars/spark-streaming_2.11-2.1.1.jar
7f4e6b641000-7f4e6b644000 r--s 00022000 ca:01 261806                     /home/ubuntu/spark-2.1.1-bin-hadoop2.7/jars/stringtemplate-3.2.1.jar
7f4e6b644000-7f4e6b64b000 r--s 00036000 ca:01 261624                     /home/ubuntu/spark-2.1.1-bin-hadoop2.7/jars/curator-recipes-2.6.0.jar
7f4e6b64b000-7f4e6b64f000 r--s 00029000 ca:01 261548                     /home/ubuntu/spark-2.1.1-bin-hadoop2.7/jars/breeze-macros_2.11-0.12.jar
7f4e6b64f000-7f4e6b653000 r--s 00036000 ca:01 261851                     /home/ubuntu/spark-2.1.1-bin-hadoop2.7/jars/ST4-4.0.4.jar
7f4e6b653000-7f4e6b657000 r--s 00018000 ca:01 261584                     /home/ubuntu/spark-2.1.1-bin-hadoop2.7/jars/metrics-core-3.1.2.jar
7f4e6b657000-7f4e6b665000 r--s 000b1000 ca:01 261754                     /home/ubuntu/spark-2.1.1-bin-hadoop2.7/jars/jackson-mapper-asl-1.9.13.jar
7f4e6b665000-7f4e6b675000 r--s 000a0000 ca:01 261599                     /home/ubuntu/spark-2.1.1-bin-hadoop2.7/jars/spark-yarn_2.11-2.1.1.jar
7f4e6b675000-7f4e6b676000 r--s 00003000 ca:01 261590                     /home/ubuntu/spark-2.1.1-bin-hadoop2.7/jars/spark-tags_2.11-2.1.1.jar
7f4e6b676000-7f4e6b688000 r--s 00097000 ca:01 261804                     /home/ubuntu/spark-2.1.1-bin-hadoop2.7/jars/apacheds-kerberos-codec-2.0.0-M15.jar
7f4e6b688000-7f4e6b68b000 r--s 00017000 ca:01 261800                     /home/ubuntu/spark-2.1.1-bin-hadoop2.7/jars/jaxb-api-2.2.2.jar
7f4e6b68b000-7f4e6b68d000 r--s 00009000 ca:01 261848                     /home/ubuntu/spark-2.1.1-bin-hadoop2.7/jars/objenesis-2.1.jar
7f4e6b68d000-7f4e6b6f8000 r--s 00784000 ca:01 261535                     /home/ubuntu/spark-2.1.1-bin-hadoop2.7/jars/hadoop-hdfs-2.7.3.jar
7f4e6b6f8000-7f4e6b6fa000 r--s 00010000 ca:01 261752                     /home/ubuntu/spark-2.1.1-bin-hadoop2.7/jars/jersey-media-jaxb-2.22.2.jar
7f4e6b6fa000-7f4e6b707000 r--s 00083000 ca:01 261598                     /home/ubuntu/spark-2.1.1-bin-hadoop2.7/jars/commons-collections-3.2.2.jar
7f4e6b707000-7f4e6b70e000 r--s 00051000 ca:01 261542                     /home/ubuntu/spark-2.1.1-bin-hadoop2.7/jars/kryo-shaded-3.0.3.jar
7f4e6b70e000-7f4e6b745000 r--s 00325000 ca:01 261802                     /home/ubuntu/spark-2.1.1-bin-hadoop2.7/jars/calcite-core-1.2.0-incubating.jar
7f4e6b745000-7f4e6b748000 r--s 00012000 ca:01 261602                     /home/ubuntu/spark-2.1.1-bin-hadoop2.7/jars/json4s-ast_2.11-3.2.11.jar
7f4e6b748000-7f4e6b74a000 r--s 0000e000 ca:01 261794                     /home/ubuntu/spark-2.1.1-bin-hadoop2.7/jars/commons-logging-1.1.3.jar
7f4e6b74a000-7f4e6b7f3000 r--s 00a4f000 ca:01 261801                     /home/ubuntu/spark-2.1.1-bin-hadoop2.7/jars/hive-exec-1.2.1.spark2.jar
7f4e6b7f3000-7f4e6b7f4000 r--s 0000b000 ca:01 261631                     /home/ubuntu/spark-2.1.1-bin-hadoop2.7/jars/snappy-0.2.jar
7f4e6b7f4000-7f4e6b7f7000 r--s 00028000 ca:01 261541                     /home/ubuntu/spark-2.1.1-bin-hadoop2.7/jars/stream-2.7.0.jar
7f4e6b7f7000-7f4e6b82b000 r--s 00277000 ca:01 261592                     /home/ubuntu/spark-2.1.1-bin-hadoop2.7/jars/parquet-hadoop-bundle-1.6.0.jar
7f4e6b82b000-7f4e6b82f000 r--s 0000c000 ca:01 261617                     /home/ubuntu/spark-2.1.1-bin-hadoop2.7/jars/validation-api-1.1.0.Final.jar
7f4e6b82f000-7f4e6b858000 r--s 001ee000 ca:01 261862                     /home/ubuntu/spark-2.1.1-bin-hadoop2.7/jars/guava-14.0.1.jar
7f4e6b858000-7f4e6b865000 r--s 00071000 ca:01 261832                     /home/ubuntu/spark-2.1.1-bin-hadoop2.7/jars/jackson-module-scala_2.11-2.6.5.jar
7f4e6b865000-7f4e6b87e000 r--s 00114000 ca:01 261577                     /home/ubuntu/spark-2.1.1-bin-hadoop2.7/jars/spark-hive_2.11-2.1.1.jar
7f4e6b87e000-7f4e6b896000 r--s 00115000 ca:01 261824                     /home/ubuntu/spark-2.1.1-bin-hadoop2.7/jars/netty-3.8.0.Final.jar
7f4e6b896000-7f4e6b8ef000 r--s 00522000 ca:01 261865                     /home/ubuntu/spark-2.1.1-bin-hadoop2.7/jars/scala-library-2.11.8.jar
7f4e6b8ef000-7f4e6b8f6000 r--s 00049000 ca:01 261852                     /home/ubuntu/spark-2.1.1-bin-hadoop2.7/jars/univocity-parsers-2.2.1.jar
7f4e6b8f6000-7f4e6b942000 r--s 00411000 ca:01 261857                     /home/ubuntu/spark-2.1.1-bin-hadoop2.7/jars/scala-reflect-2.11.8.jar
7f4e6b942000-7f4e6b950000 r--s 0009d000 ca:01 261614                     /home/ubuntu/spark-2.1.1-bin-hadoop2.7/jars/jersey-common-2.22.2.jar
7f4e6b950000-7f4e6b95a000 r--s 000aa000 ca:01 261762                     /home/ubuntu/spark-2.1.1-bin-hadoop2.7/jars/janino-3.0.0.jar
7f4e6b95a000-7f4e6b95b000 r--s 00008000 ca:01 261844                     /home/ubuntu/spark-2.1.1-bin-hadoop2.7/jars/commons-compiler-3.0.0.jar
7f4e6b95b000-7f4e6b964000 r--s 00097000 ca:01 261837                     /home/ubuntu/spark-2.1.1-bin-hadoop2.7/jars/pmml-model-1.2.15.jar
7f4e6b964000-7f4e6b966000 r--s 00005000 ca:01 261741                     /home/ubuntu/spark-2.1.1-bin-hadoop2.7/jars/stax-api-1.0.1.jar
7f4e6b966000-7f4e6b96a000 r--s 00035000 ca:01 261597                     /home/ubuntu/spark-2.1.1-bin-hadoop2.7/jars/jackson-core-asl-1.9.13.jar
7f4e6b96a000-7f4e6b96d000 r--s 00019000 ca:01 261530                     /home/ubuntu/spark-2.1.1-bin-hadoop2.7/jars/bonecp-0.8.0.RELEASE.jar
7f4e6b96d000-7f4e6b96f000 r--s 00038000 ca:01 261789                     /home/ubuntu/spark-2.1.1-bin-hadoop2.7/jars/lz4-1.3.0.jar
7f4e6b96f000-7f4e6b988000 r--s 00164000 ca:01 261738                     /home/ubuntu/spark-2.1.1-bin-hadoop2.7/jars/hadoop-mapreduce-client-core-2.7.3.jar
7f4e6b988000-7f4e6b98b000 r--s 00026000 ca:01 261792                     /home/ubuntu/spark-2.1.1-bin-hadoop2.7/jars/hadoop-yarn-client-2.7.3.jar
7f4e6b98b000-7f4e6b98d000 r--s 00017000 ca:01 261607                     /home/ubuntu/spark-2.1.1-bin-hadoop2.7/jars/hive-jdbc-1.2.1.spark2.jar
7f4e6b98d000-7f4e6ba0e000 r--s 005d9000 ca:01 261746                     /home/ubuntu/spark-2.1.1-bin-hadoop2.7/jars/spark-sql_2.11-2.1.1.jar
7f4e6ba0e000-7f4e6ba0f000 r--s 00006000 ca:01 261755                     /home/ubuntu/spark-2.1.1-bin-hadoop2.7/jars/hadoop-client-2.7.3.jar
7f4e6ba0f000-7f4e6ba16000 r--s 00058000 ca:01 261609                     /home/ubuntu/spark-2.1.1-bin-hadoop2.7/jars/hadoop-yarn-server-common-2.7.3.jar
7f4e6ba16000-7f4e6ba17000 r--s 0000a000 ca:01 261616                     /home/ubuntu/spark-2.1.1-bin-hadoop2.7/jars/apacheds-i18n-2.0.0-M15.jar
7f4e6ba17000-7f4e6ba18000 r--s 00000000 ca:01 261600                     /home/ubuntu/spark-2.1.1-bin-hadoop2.7/jars/javax.inject-1.jar
7f4e6ba18000-7f4e6ba1e000 r--s 00045000 ca:01 261605                     /home/ubuntu/spark-2.1.1-bin-hadoop2.7/jars/commons-httpclient-3.1.jar
7f4e6ba1e000-7f4e6ba2b000 r--s 000a7000 ca:01 261627                     /home/ubuntu/spark-2.1.1-bin-hadoop2.7/jars/httpclient-4.5.2.jar
7f4e6ba2b000-7f4e6ba2d000 r--s 0001f000 ca:01 261825                     /home/ubuntu/spark-2.1.1-bin-hadoop2.7/jars/commons-crypto-1.0.0.jar
7f4e6ba2d000-7f4e6ba32000 r--s 0002a000 ca:01 261735                     /home/ubuntu/spark-2.1.1-bin-hadoop2.7/jars/gson-2.2.4.jar
7f4e6ba32000-7f4e6ba72000 r--s 00277000 ca:01 261767                     /home/ubuntu/spark-2.1.1-bin-hadoop2.7/jars/bcprov-jdk15on-1.51.jar
7f4e6ba72000-7f4e6ba75000 r--s 00016000 ca:01 261593                     /home/ubuntu/spark-2.1.1-bin-hadoop2.7/jars/jsp-api-2.1.jar
7f4e6ba75000-7f4e6ba76000 r--s 00001000 ca:01 261838                     /home/ubuntu/spark-2.1.1-bin-hadoop2.7/jars/javax.inject-2.4.0-b34.jar
7f4e6ba76000-7f4e6ba78000 r--s 00015000 ca:01 261547                     /home/ubuntu/spark-2.1.1-bin-hadoop2.7/jars/hadoop-auth-2.7.3.jar
7f4e6ba78000-7f4e6ba7c000 r--s 0002f000 ca:01 261795                     /home/ubuntu/spark-2.1.1-bin-hadoop2.7/jars/commons-beanutils-core-1.8.0.jar
7f4e6ba7c000-7f4e6baab000 r--s 002e5000 ca:01 261846                     /home/ubuntu/spark-2.1.1-bin-hadoop2.7/jars/derby-10.12.1.1.jar
7f4e6baab000-7f4e6baad000 r--s 00008000 ca:01 261544                     /home/ubuntu/spark-2.1.1-bin-hadoop2.7/jars/metrics-jvm-3.1.2.jar
7f4e6baad000-7f4e6bab0000 r--s 00015000 ca:01 261723                     /home/ubuntu/spark-2.1.1-bin-hadoop2.7/jars/pyrolite-4.13.jar
7f4e6bab0000-7f4e6bab2000 r--s 0000e000 ca:01 261760                     /home/ubuntu/spark-2.1.1-bin-hadoop2.7/jars/spark-repl_2.11-2.1.1.jar
7f4e6bab2000-7f4e6babb000 r--s 0006f000 ca:01 261724                     /home/ubuntu/spark-2.1.1-bin-hadoop2.7/jars/log4j-1.2.17.jar
7f4e6babb000-7f4e6babf000 r--s 00025000 ca:01 261850                     /home/ubuntu/spark-2.1.1-bin-hadoop2.7/jars/jersey-client-2.22.2.jar
7f4e6babf000-7f4e6bac6000 r--s 00058000 ca:01 261589                     /home/ubuntu/spark-2.1.1-bin-hadoop2.7/jars/parquet-format-2.3.0-incubating.jar
7f4e6bac6000-7f4e6bac8000 r--s 00003000 ca:01 261615                     /home/ubuntu/spark-2.1.1-bin-hadoop2.7/jars/api-asn1-api-1.0.0-M20.jar
7f4e6bac8000-7f4e6bad2000 r--s 0007b000 ca:01 261847                     /home/ubuntu/spark-2.1.1-bin-hadoop2.7/jars/hadoop-mapreduce-client-app-2.7.3.jar
7f4e6bad2000-7f4e6bad5000 r--s 0000e000 ca:01 261575                     /home/ubuntu/spark-2.1.1-bin-hadoop2.7/jars/jersey-container-servlet-core-2.22.2.jar
7f4e6bad5000-7f4e6bad9000 r--s 00025000 ca:01 261538                     /home/ubuntu/spark-2.1.1-bin-hadoop2.7/jars/antlr-runtime-3.4.jar
7f4e6bad9000-7f4e6baea000 r--s 00089000 ca:01 261623                     /home/ubuntu/spark-2.1.1-bin-hadoop2.7/jars/joda-time-2.9.3.jar
7f4e6baea000-7f4e6baec000 r--s 00005000 ca:01 261743                     /home/ubuntu/spark-2.1.1-bin-hadoop2.7/jars/javax.annotation-api-1.2.jar
7f4e6baec000-7f4e6baf1000 r--s 00032000 ca:01 261864                     /home/ubuntu/spark-2.1.1-bin-hadoop2.7/jars/chill_2.11-0.8.0.jar
7f4e6baf1000-7f4e6bafc000 r--s 0005d000 ca:01 261853                     /home/ubuntu/spark-2.1.1-bin-hadoop2.7/jars/scala-parser-combinators_2.11-1.0.4.jar
7f4e6bafc000-7f4e6bb0e000 r--s 00112000 ca:01 261835                     /home/ubuntu/spark-2.1.1-bin-hadoop2.7/jars/arpack_combined_all-0.1.jar
7f4e6bb0e000-7f4e6bb26000 r--s 000d6000 ca:01 261571                     /home/ubuntu/spark-2.1.1-bin-hadoop2.7/jars/jersey-guava-2.22.2.jar
7f4e6bb26000-7f4e6bb2c000 r--s 0002c000 ca:01 261828                     /home/ubuntu/spark-2.1.1-bin-hadoop2.7/jars/jdo-api-3.0.1.jar
7f4e6bb2c000-7f4e6bb33000 r--s 00046000 ca:01 261797                     /home/ubuntu/spark-2.1.1-bin-hadoop2.7/jars/libfb303-0.9.3.jar
7f4e6bb33000-7f4e6bb35000 r--s 00010000 ca:01 261622                     /home/ubuntu/spark-2.1.1-bin-hadoop2.7/jars/hadoop-mapreduce-client-shuffle-2.7.3.jar
7f4e6bb35000-7f4e6bb37000 r--s 00000000 ca:01 261836                     /home/ubuntu/spark-2.1.1-bin-hadoop2.7/jars/jul-to-slf4j-1.7.16.jar
7f4e6bb37000-7f4e6bb3a000 r--s 00014000 ca:01 261761                     /home/ubuntu/spark-2.1.1-bin-hadoop2.7/jars/super-csv-2.2.0.jar
7f4e6bb3a000-7f4e6bb4c000 r--s 000b3000 ca:01 261829                     /home/ubuntu/spark-2.1.1-bin-hadoop2.7/jars/scalap-2.11.8.jar
7f4e6bb4c000-7f4e6bb4e000 r--s 00003000 ca:01 261843                     /home/ubuntu/spark-2.1.1-bin-hadoop2.7/jars/base64-2.3.8.jar
7f4e6bb4e000-7f4e6bb50000 r--s 00003000 ca:01 261570                     /home/ubuntu/spark-2.1.1-bin-hadoop2.7/jars/jersey-container-servlet-2.22.2.jar
7f4e6bb50000-7f4e6bb5a000 r--s 000a5000 ca:01 261766                     /home/ubuntu/spark-2.1.1-bin-hadoop2.7/jars/javassist-3.18.1-GA.jar
7f4e6bb5a000-7f4e6bb72000 r--s 00115000 ca:01 261537                     /home/ubuntu/spark-2.1.1-bin-hadoop2.7/jars/xercesImpl-2.9.1.jar
7f4e6bb72000-7f4e6bb75000 r--s 00021000 ca:01 261596                     /home/ubuntu/spark-2.1.1-bin-hadoop2.7/jars/xbean-asm5-shaded-4.4.jar
7f4e6bb75000-7f4e6bb78000 r--s 00025000 ca:01 261618                     /home/ubuntu/spark-2.1.1-bin-hadoop2.7/jars/commons-dbcp-1.4.jar
7f4e6bb78000-7f4e6bb9f000 r--s 0020f000 ca:01 261726                     /home/ubuntu/spark-2.1.1-bin-hadoop2.7/jars/netty-all-4.0.42.Final.jar
7f4e6bb9f000-7f4e6bba2000 r--s 00015000 ca:01 261620                     /home/ubuntu/spark-2.1.1-bin-hadoop2.7/jars/commons-pool-1.5.4.jar
7f4e6bba2000-7f4e6bbf7000 r--s 0069c000 ca:01 261595                     /home/ubuntu/spark-2.1.1-bin-hadoop2.7/jars/spire_2.11-0.7.4.jar
7f4e6bbf7000-7f4e6bbfc000 r--s 00027000 ca:01 261861                     /home/ubuntu/spark-2.1.1-bin-hadoop2.7/jars/hk2-api-2.4.0-b34.jar
7f4e6bbfc000-7f4e6bbfd000 ---p 00000000 00:00 0 
7f4e6bbfd000-7f4e6bcfd000 rw-p 00000000 00:00 0 
7f4e6bcfd000-7f4e6bd00000 ---p 00000000 00:00 0 
7f4e6bd00000-7f4e6bdfe000 rw-p 00000000 00:00 0 
7f4e6bdfe000-7f4e6be01000 ---p 00000000 00:00 0 
7f4e6be01000-7f4e6beff000 rw-p 00000000 00:00 0 
7f4e6beff000-7f4e6bf02000 ---p 00000000 00:00 0 
7f4e6bf02000-7f4e6c000000 rw-p 00000000 00:00 0 
7f4e6c000000-7f4e6c05e000 rw-p 00000000 00:00 0 
7f4e6c05e000-7f4e70000000 ---p 00000000 00:00 0 
7f4e70000000-7f4e70023000 rw-p 00000000 00:00 0 
7f4e70023000-7f4e74000000 ---p 00000000 00:00 0 
7f4e74000000-7f4e74423000 rw-p 00000000 00:00 0 
7f4e74423000-7f4e78000000 ---p 00000000 00:00 0 
7f4e78000000-7f4e78001000 r--s 00002000 ca:01 261586                     /home/ubuntu/spark-2.1.1-bin-hadoop2.7/jars/java-xmlbuilder-1.0.jar
7f4e78001000-7f4e78002000 r--s 00009000 ca:01 261534                     /home/ubuntu/spark-2.1.1-bin-hadoop2.7/jars/hadoop-annotations-2.7.3.jar
7f4e78002000-7f4e78004000 r--s 00004000 ca:01 261787                     /home/ubuntu/spark-2.1.1-bin-hadoop2.7/jars/metrics-graphite-3.1.2.jar
7f4e78004000-7f4e7801f000 r--s 001d6000 ca:01 256870                     /usr/lib/jvm/java-8-openjdk-amd64/jre/lib/ext/nashorn.jar
7f4e7801f000-7f4e78022000 ---p 00000000 00:00 0 
7f4e78022000-7f4e78120000 rw-p 00000000 00:00 0 
7f4e78120000-7f4e782b8000 r--p 00000000 ca:01 29052                      /usr/lib/locale/locale-archive
7f4e782b8000-7f4e782bb000 ---p 00000000 00:00 0 
7f4e782bb000-7f4e783b9000 rw-p 00000000 00:00 0 
7f4e783b9000-7f4e783bc000 ---p 00000000 00:00 0 
7f4e783bc000-7f4e784ba000 rw-p 00000000 00:00 0 
7f4e784ba000-7f4e784bb000 ---p 00000000 00:00 0 
7f4e784bb000-7f4e785bb000 rw-p 00000000 00:00 0 
7f4e785bb000-7f4e7878a000 r--s 03c32000 ca:01 256863                     /usr/lib/jvm/java-8-openjdk-amd64/jre/lib/rt.jar
7f4e7878a000-7f4e79000000 rw-p 00000000 00:00 0 
7f4e79000000-7f4e7b280000 rwxp 00000000 00:00 0 
7f4e7b280000-7f4e88000000 ---p 00000000 00:00 0 
7f4e88000000-7f4e88dc9000 rw-p 00000000 00:00 0 
7f4e88dc9000-7f4e8c000000 ---p 00000000 00:00 0 
7f4e8c000000-7f4e8c001000 r--s 00003000 ca:01 261827                     /home/ubuntu/spark-2.1.1-bin-hadoop2.7/jars/metrics-json-3.1.2.jar
7f4e8c001000-7f4e8c007000 r--s 00034000 ca:01 261799                     /home/ubuntu/spark-2.1.1-bin-hadoop2.7/jars/libthrift-0.9.3.jar
7f4e8c007000-7f4e8c022000 r--s 00394000 ca:01 256871                     /usr/lib/jvm/java-8-openjdk-amd64/jre/lib/ext/cldrdata.jar
7f4e8c022000-7f4e8c057000 rw-p 00000000 00:00 0 
7f4e8c057000-7f4e8c178000 ---p 00000000 00:00 0 
7f4e8c178000-7f4e8c193000 rw-p 00000000 00:00 0 
7f4e8c193000-7f4e8c222000 ---p 00000000 00:00 0 
7f4e8c222000-7f4e8c257000 rw-p 00000000 00:00 0 
7f4e8c257000-7f4e8c378000 ---p 00000000 00:00 0 
7f4e8c378000-7f4e8c403000 rw-p 00000000 00:00 0 
7f4e8c403000-7f4e8c739000 ---p 00000000 00:00 0 
7f4e8c739000-7f4e8c741000 r-xp 00000000 ca:01 256902                     /usr/lib/jvm/java-8-openjdk-amd64/jre/lib/amd64/libzip.so
7f4e8c741000-7f4e8c940000 ---p 00008000 ca:01 256902                     /usr/lib/jvm/java-8-openjdk-amd64/jre/lib/amd64/libzip.so
7f4e8c940000-7f4e8c941000 r--p 00007000 ca:01 256902                     /usr/lib/jvm/java-8-openjdk-amd64/jre/lib/amd64/libzip.so
7f4e8c941000-7f4e8c942000 rw-p 00008000 ca:01 256902                     /usr/lib/jvm/java-8-openjdk-amd64/jre/lib/amd64/libzip.so
7f4e8c942000-7f4e8c94d000 r-xp 00000000 ca:01 1993                       /lib/x86_64-linux-gnu/libnss_files-2.23.so
7f4e8c94d000-7f4e8cb4c000 ---p 0000b000 ca:01 1993                       /lib/x86_64-linux-gnu/libnss_files-2.23.so
7f4e8cb4c000-7f4e8cb4d000 r--p 0000a000 ca:01 1993                       /lib/x86_64-linux-gnu/libnss_files-2.23.so
7f4e8cb4d000-7f4e8cb4e000 rw-p 0000b000 ca:01 1993                       /lib/x86_64-linux-gnu/libnss_files-2.23.so
7f4e8cb4e000-7f4e8cb54000 rw-p 00000000 00:00 0 
7f4e8cb54000-7f4e8cb5f000 r-xp 00000000 ca:01 1997                       /lib/x86_64-linux-gnu/libnss_nis-2.23.so
7f4e8cb5f000-7f4e8cd5e000 ---p 0000b000 ca:01 1997                       /lib/x86_64-linux-gnu/libnss_nis-2.23.so
7f4e8cd5e000-7f4e8cd5f000 r--p 0000a000 ca:01 1997                       /lib/x86_64-linux-gnu/libnss_nis-2.23.so
7f4e8cd5f000-7f4e8cd60000 rw-p 0000b000 ca:01 1997                       /lib/x86_64-linux-gnu/libnss_nis-2.23.so
7f4e8cd60000-7f4e8cd76000 r-xp 00000000 ca:01 1977                       /lib/x86_64-linux-gnu/libnsl-2.23.so
7f4e8cd76000-7f4e8cf75000 ---p 00016000 ca:01 1977                       /lib/x86_64-linux-gnu/libnsl-2.23.so
7f4e8cf75000-7f4e8cf76000 r--p 00015000 ca:01 1977                       /lib/x86_64-linux-gnu/libnsl-2.23.so
7f4e8cf76000-7f4e8cf77000 rw-p 00016000 ca:01 1977                       /lib/x86_64-linux-gnu/libnsl-2.23.so
7f4e8cf77000-7f4e8cf79000 rw-p 00000000 00:00 0 
7f4e8cf79000-7f4e8cf81000 r-xp 00000000 ca:01 1988                       /lib/x86_64-linux-gnu/libnss_compat-2.23.so
7f4e8cf81000-7f4e8d180000 ---p 00008000 ca:01 1988                       /lib/x86_64-linux-gnu/libnss_compat-2.23.so
7f4e8d180000-7f4e8d181000 r--p 00007000 ca:01 1988                       /lib/x86_64-linux-gnu/libnss_compat-2.23.so
7f4e8d181000-7f4e8d182000 rw-p 00008000 ca:01 1988                       /lib/x86_64-linux-gnu/libnss_compat-2.23.so
7f4e8d182000-7f4e8d1af000 r-xp 00000000 ca:01 256919                     /usr/lib/jvm/java-8-openjdk-amd64/jre/lib/amd64/libjava.so
7f4e8d1af000-7f4e8d3ae000 ---p 0002d000 ca:01 256919                     /usr/lib/jvm/java-8-openjdk-amd64/jre/lib/amd64/libjava.so
7f4e8d3ae000-7f4e8d3af000 r--p 0002c000 ca:01 256919                     /usr/lib/jvm/java-8-openjdk-amd64/jre/lib/amd64/libjava.so
7f4e8d3af000-7f4e8d3b1000 rw-p 0002d000 ca:01 256919                     /usr/lib/jvm/java-8-openjdk-amd64/jre/lib/amd64/libjava.so
7f4e8d3b1000-7f4e8d3c0000 r-xp 00000000 ca:01 256907                     /usr/lib/jvm/java-8-openjdk-amd64/jre/lib/amd64/libverify.so
7f4e8d3c0000-7f4e8d5bf000 ---p 0000f000 ca:01 256907                     /usr/lib/jvm/java-8-openjdk-amd64/jre/lib/amd64/libverify.so
7f4e8d5bf000-7f4e8d5c1000 r--p 0000e000 ca:01 256907                     /usr/lib/jvm/java-8-openjdk-amd64/jre/lib/amd64/libverify.so
7f4e8d5c1000-7f4e8d5c2000 rw-p 00010000 ca:01 256907                     /usr/lib/jvm/java-8-openjdk-amd64/jre/lib/amd64/libverify.so
7f4e8d5c2000-7f4e8d5c9000 r-xp 00000000 ca:01 1998                       /lib/x86_64-linux-gnu/librt-2.23.so
7f4e8d5c9000-7f4e8d7c8000 ---p 00007000 ca:01 1998                       /lib/x86_64-linux-gnu/librt-2.23.so
7f4e8d7c8000-7f4e8d7c9000 r--p 00006000 ca:01 1998                       /lib/x86_64-linux-gnu/librt-2.23.so
7f4e8d7c9000-7f4e8d7ca000 rw-p 00007000 ca:01 1998                       /lib/x86_64-linux-gnu/librt-2.23.so
7f4e8d7ca000-7f4e8d7e0000 r-xp 00000000 ca:01 1975                       /lib/x86_64-linux-gnu/libgcc_s.so.1
7f4e8d7e0000-7f4e8d9df000 ---p 00016000 ca:01 1975                       /lib/x86_64-linux-gnu/libgcc_s.so.1
7f4e8d9df000-7f4e8d9e0000 rw-p 00015000 ca:01 1975                       /lib/x86_64-linux-gnu/libgcc_s.so.1
7f4e8d9e0000-7f4e8dae8000 r-xp 00000000 ca:01 1976                       /lib/x86_64-linux-gnu/libm-2.23.so
7f4e8dae8000-7f4e8dce7000 ---p 00108000 ca:01 1976                       /lib/x86_64-linux-gnu/libm-2.23.so
7f4e8dce7000-7f4e8dce8000 r--p 00107000 ca:01 1976                       /lib/x86_64-linux-gnu/libm-2.23.so
7f4e8dce8000-7f4e8dce9000 rw-p 00108000 ca:01 1976                       /lib/x86_64-linux-gnu/libm-2.23.so
7f4e8dce9000-7f4e8de5b000 r-xp 00000000 ca:01 7979                       /usr/lib/x86_64-linux-gnu/libstdc++.so.6.0.21
7f4e8de5b000-7f4e8e05b000 ---p 00172000 ca:01 7979                       /usr/lib/x86_64-linux-gnu/libstdc++.so.6.0.21
7f4e8e05b000-7f4e8e065000 r--p 00172000 ca:01 7979                       /usr/lib/x86_64-linux-gnu/libstdc++.so.6.0.21
7f4e8e065000-7f4e8e067000 rw-p 0017c000 ca:01 7979                       /usr/lib/x86_64-linux-gnu/libstdc++.so.6.0.21
7f4e8e067000-7f4e8e06b000 rw-p 00000000 00:00 0 
7f4e8e06b000-7f4e8ecc8000 r-xp 00000000 ca:01 256884                     /usr/lib/jvm/java-8-openjdk-amd64/jre/lib/amd64/server/libjvm.so
7f4e8ecc8000-7f4e8eec8000 ---p 00c5d000 ca:01 256884                     /usr/lib/jvm/java-8-openjdk-amd64/jre/lib/amd64/server/libjvm.so
7f4e8eec8000-7f4e8ef5c000 r--p 00c5d000 ca:01 256884                     /usr/lib/jvm/java-8-openjdk-amd64/jre/lib/amd64/server/libjvm.so
7f4e8ef5c000-7f4e8ef85000 rw-p 00cf1000 ca:01 256884                     /usr/lib/jvm/java-8-openjdk-amd64/jre/lib/amd64/server/libjvm.so
7f4e8ef85000-7f4e8efb5000 rw-p 00000000 00:00 0 
7f4e8efb5000-7f4e8efcd000 r-xp 00000000 ca:01 1979                       /lib/x86_64-linux-gnu/libpthread-2.23.so
7f4e8efcd000-7f4e8f1cc000 ---p 00018000 ca:01 1979                       /lib/x86_64-linux-gnu/libpthread-2.23.so
7f4e8f1cc000-7f4e8f1cd000 r--p 00017000 ca:01 1979                       /lib/x86_64-linux-gnu/libpthread-2.23.so
7f4e8f1cd000-7f4e8f1ce000 rw-p 00018000 ca:01 1979                       /lib/x86_64-linux-gnu/libpthread-2.23.so
7f4e8f1ce000-7f4e8f1d2000 rw-p 00000000 00:00 0 
7f4e8f1d2000-7f4e8f1d5000 r-xp 00000000 ca:01 1982                       /lib/x86_64-linux-gnu/libdl-2.23.so
7f4e8f1d5000-7f4e8f3d4000 ---p 00003000 ca:01 1982                       /lib/x86_64-linux-gnu/libdl-2.23.so
7f4e8f3d4000-7f4e8f3d5000 r--p 00002000 ca:01 1982                       /lib/x86_64-linux-gnu/libdl-2.23.so
7f4e8f3d5000-7f4e8f3d6000 rw-p 00003000 ca:01 1982                       /lib/x86_64-linux-gnu/libdl-2.23.so
7f4e8f3d6000-7f4e8f3ef000 r-xp 00000000 ca:01 2129                       /lib/x86_64-linux-gnu/libz.so.1.2.8
7f4e8f3ef000-7f4e8f5ee000 ---p 00019000 ca:01 2129                       /lib/x86_64-linux-gnu/libz.so.1.2.8
7f4e8f5ee000-7f4e8f5ef000 r--p 00018000 ca:01 2129                       /lib/x86_64-linux-gnu/libz.so.1.2.8
7f4e8f5ef000-7f4e8f5f0000 rw-p 00019000 ca:01 2129                       /lib/x86_64-linux-gnu/libz.so.1.2.8
7f4e8f5f0000-7f4e8f7b0000 r-xp 00000000 ca:01 1980                       /lib/x86_64-linux-gnu/libc-2.23.so
7f4e8f7b0000-7f4e8f9b0000 ---p 001c0000 ca:01 1980                       /lib/x86_64-linux-gnu/libc-2.23.so
7f4e8f9b0000-7f4e8f9b4000 r--p 001c0000 ca:01 1980                       /lib/x86_64-linux-gnu/libc-2.23.so
7f4e8f9b4000-7f4e8f9b6000 rw-p 001c4000 ca:01 1980                       /lib/x86_64-linux-gnu/libc-2.23.so
7f4e8f9b6000-7f4e8f9ba000 rw-p 00000000 00:00 0 
7f4e8f9ba000-7f4e8f9c7000 r-xp 00000000 ca:01 256904                     /usr/lib/jvm/java-8-openjdk-amd64/jre/lib/amd64/jli/libjli.so
7f4e8f9c7000-7f4e8fbc7000 ---p 0000d000 ca:01 256904                     /usr/lib/jvm/java-8-openjdk-amd64/jre/lib/amd64/jli/libjli.so
7f4e8fbc7000-7f4e8fbc8000 r--p 0000d000 ca:01 256904                     /usr/lib/jvm/java-8-openjdk-amd64/jre/lib/amd64/jli/libjli.so
7f4e8fbc8000-7f4e8fbc9000 rw-p 0000e000 ca:01 256904                     /usr/lib/jvm/java-8-openjdk-amd64/jre/lib/amd64/jli/libjli.so
7f4e8fbc9000-7f4e8fbef000 r-xp 00000000 ca:01 1978                       /lib/x86_64-linux-gnu/ld-2.23.so
7f4e8fbef000-7f4e8fbf1000 r--s 0000f000 ca:01 261715                     /home/ubuntu/spark-2.1.1-bin-hadoop2.7/jars/curator-client-2.6.0.jar
7f4e8fbf1000-7f4e8fbf4000 r--s 0000f000 ca:01 256869                     /usr/lib/jvm/java-8-openjdk-amd64/jre/lib/ext/icedtea-sound.jar
7f4e8fbf4000-7f4e8fbf7000 r--s 00038000 ca:01 256872                     /usr/lib/jvm/java-8-openjdk-amd64/jre/lib/ext/sunpkcs11.jar
7f4e8fbf7000-7f4e8fbfd000 r--s 0003b000 ca:01 256877                     /usr/lib/jvm/java-8-openjdk-amd64/jre/lib/ext/sunjce_provider.jar
7f4e8fbfd000-7f4e8fc07000 r--s 00116000 ca:01 256876                     /usr/lib/jvm/java-8-openjdk-amd64/jre/lib/ext/localedata.jar
7f4e8fc07000-7f4e8fcd8000 rw-p 00000000 00:00 0 
7f4e8fcd8000-7f4e8fce0000 rw-s 00000000 ca:01 256217                     /tmp/hsperfdata_ubuntu/16031
7f4e8fce0000-7f4e8fce3000 ---p 00000000 00:00 0 
7f4e8fce3000-7f4e8fde5000 rw-p 00000000 00:00 0 
7f4e8fde5000-7f4e8fde6000 r--s 00010000 ca:01 256874                     /usr/lib/jvm/java-8-openjdk-amd64/jre/lib/ext/zipfs.jar
7f4e8fde6000-7f4e8fde7000 r--s 0000a000 ca:01 256879                     /usr/lib/jvm/java-8-openjdk-amd64/jre/lib/ext/jaccess.jar
7f4e8fde7000-7f4e8fde9000 r--s 00001000 ca:01 256873                     /usr/lib/jvm/java-8-openjdk-amd64/jre/lib/ext/dnsns.jar
7f4e8fde9000-7f4e8fdeb000 r--s 00008000 ca:01 256878                     /usr/lib/jvm/java-8-openjdk-amd64/jre/lib/ext/sunec.jar
7f4e8fdeb000-7f4e8fdec000 rw-p 00000000 00:00 0 
7f4e8fdec000-7f4e8fded000 ---p 00000000 00:00 0 
7f4e8fded000-7f4e8fdee000 rw-p 00000000 00:00 0 
7f4e8fdee000-7f4e8fdef000 r--p 00025000 ca:01 1978                       /lib/x86_64-linux-gnu/ld-2.23.so
7f4e8fdef000-7f4e8fdf0000 rw-p 00026000 ca:01 1978                       /lib/x86_64-linux-gnu/ld-2.23.so
7f4e8fdf0000-7f4e8fdf1000 rw-p 00000000 00:00 0 
7ffd77955000-7ffd77976000 rw-p 00000000 00:00 0                          [stack]
7ffd779e1000-7ffd779e4000 r--p 00000000 00:00 0                          [vvar]
7ffd779e4000-7ffd779e6000 r-xp 00000000 00:00 0                          [vdso]
ffffffffff600000-ffffffffff601000 r-xp 00000000 00:00 0                  [vsyscall]

VM Arguments:
jvm_args: -Xmx1g 
java_command: org.apache.spark.deploy.SparkSubmit --conf spark.app.name=Wine Quality Analysis pyspark-shell
java_class_path (initial): /home/ubuntu/spark-2.1.1-bin-hadoop2.7/conf/:/home/ubuntu/spark-2.1.1-bin-hadoop2.7/jars/libthrift-0.9.3.jar:/home/ubuntu/spark-2.1.1-bin-hadoop2.7/jars/curator-client-2.6.0.jar:/home/ubuntu/spark-2.1.1-bin-hadoop2.7/jars/hk2-api-2.4.0-b34.jar:/home/ubuntu/spark-2.1.1-bin-hadoop2.7/jars/metrics-json-3.1.2.jar:/home/ubuntu/spark-2.1.1-bin-hadoop2.7/jars/metrics-graphite-3.1.2.jar:/home/ubuntu/spark-2.1.1-bin-hadoop2.7/jars/spire_2.11-0.7.4.jar:/home/ubuntu/spark-2.1.1-bin-hadoop2.7/jars/commons-pool-1.5.4.jar:/home/ubuntu/spark-2.1.1-bin-hadoop2.7/jars/netty-all-4.0.42.Final.jar:/home/ubuntu/spark-2.1.1-bin-hadoop2.7/jars/commons-dbcp-1.4.jar:/home/ubuntu/spark-2.1.1-bin-hadoop2.7/jars/xbean-asm5-shaded-4.4.jar:/home/ubuntu/spark-2.1.1-bin-hadoop2.7/jars/xercesImpl-2.9.1.jar:/home/ubuntu/spark-2.1.1-bin-hadoop2.7/jars/hadoop-annotations-2.7.3.jar:/home/ubuntu/spark-2.1.1-bin-hadoop2.7/jars/javassist-3.18.1-GA.jar:/home/ubuntu/spark-2.1.1-bin-hadoop2.7/jars/jersey-container-servlet-2.22.2.jar:/home/ubuntu/spark-2.1.1-bin-hadoop2.7/jars/base64-2.3.8.jar:/home/ubuntu/spark-2.1.1-bin-hadoop2.7/jars/scalap-2.11.8.jar:/home/ubuntu/spark-2.1.1-bin-hadoop2.7/jars/super-csv-2.2.0.jar:/home/ubuntu/spark-2.1.1-bin-hadoop2.7/jars/jul-to-slf4j-1.7.16.jar:/home/ubuntu/spark-2.1.1-bin-hadoop2.7/jars/hadoop-mapreduce-client-shuffle-2.7.3.jar:/home/ubuntu/spark-2.1.1-bin-hadoop2.7/jars/libfb303-0.9.3.jar:/home/ubuntu/spark-2.1.1-bin-hadoop2.7/jars/jdo-api-3.0.1.jar:/home/ubuntu/spark-2.1.1-bin-hadoop2.7/jars/jersey-guava-2.22.2.jar:/home/ubuntu/spark-2.1.1-bin-hadoop2.7/jars/arpack_combined_all-0.1.jar:/home/ubuntu/spark-2.1.1-bin-hadoop2.7/jars/scala-parser-combinators_2.11-1.0.4.jar:/home/ubuntu/spark-2.1.1-bin-hadoop2.7/jars/chill_2.11-0.8.0.jar:/home/ubuntu/spark-2.1.1-bin-hadoop2.7/jars/javax.annotation-api-1.2.jar:/home/ubuntu/spark-2.1.1-bin-hadoop2.7/jars/joda-time-2.9.3.jar:/home/ubuntu/spark-2.1.1-bin-hadoop2.7/jars/antlr-runtime-3.4.jar:/home/u
Launcher Type: SUN_STANDARD

Environment Variables:
PATH=/home/ubuntu/.local/bin:/home/ubuntu/bin:/home/ubuntu/.local/bin:/usr/local/sbin:/usr/local/bin:/usr/sbin:/usr/bin:/sbin:/bin:/usr/games:/usr/local/games:/snap/bin
SHELL=/bin/bash

Signal Handlers:
SIGSEGV: [libjvm.so+0xa71a30], sa_mask[0]=11111111011111111101111111111110, sa_flags=SA_RESTART|SA_SIGINFO
SIGBUS: [libjvm.so+0xa71a30], sa_mask[0]=11111111011111111101111111111110, sa_flags=SA_RESTART|SA_SIGINFO
SIGFPE: [libjvm.so+0x8b8f40], sa_mask[0]=11111111011111111101111111111110, sa_flags=SA_RESTART|SA_SIGINFO
SIGPIPE: [libjvm.so+0x8b8f40], sa_mask[0]=11111111011111111101111111111110, sa_flags=SA_RESTART|SA_SIGINFO
SIGXFSZ: [libjvm.so+0x8b8f40], sa_mask[0]=11111111011111111101111111111110, sa_flags=SA_RESTART|SA_SIGINFO
SIGILL: [libjvm.so+0x8b8f40], sa_mask[0]=11111111011111111101111111111110, sa_flags=SA_RESTART|SA_SIGINFO
SIGUSR1: SIG_DFL, sa_mask[0]=00000000000000000000000000000000, sa_flags=none
SIGUSR2: [libjvm.so+0x8b8df0], sa_mask[0]=00000000000000000000000000000000, sa_flags=SA_RESTART|SA_SIGINFO
SIGHUP: [libjvm.so+0x8b92c0], sa_mask[0]=11111111011111111101111111111110, sa_flags=SA_RESTART|SA_SIGINFO
SIGINT: SIG_IGN, sa_mask[0]=00000000000000000000000000000000, sa_flags=none
SIGTERM: [libjvm.so+0x8b92c0], sa_mask[0]=11111111011111111101111111111110, sa_flags=SA_RESTART|SA_SIGINFO
SIGQUIT: [libjvm.so+0x8b92c0], sa_mask[0]=11111111011111111101111111111110, sa_flags=SA_RESTART|SA_SIGINFO


---------------  S Y S T E M  ---------------

OS:DISTRIB_ID=Ubuntu
DISTRIB_RELEASE=16.04
DISTRIB_CODENAME=xenial
DISTRIB_DESCRIPTION="Ubuntu 16.04.4 LTS"

uname:Linux 4.4.0-1065-aws #75-Ubuntu SMP Fri Aug 10 11:14:32 UTC 2018 x86_64
libc:glibc 2.23 NPTL 2.23 
rlimit: STACK 8192k, CORE 0k, NPROC 3900, NOFILE 1048576, AS infinity
load average:1.58 1.13 1.45

/proc/meminfo:
MemTotal:        1014500 kB
MemFree:           66188 kB
MemAvailable:       7348 kB
Buffers:             360 kB
Cached:            18076 kB
SwapCached:            0 kB
Active:           871680 kB
Inactive:          14332 kB
Active(anon):     870416 kB
Inactive(anon):    10328 kB
Active(file):       1264 kB
Inactive(file):     4004 kB
Unevictable:        3652 kB
Mlocked:            3652 kB
SwapTotal:             0 kB
SwapFree:              0 kB
Dirty:               140 kB
Writeback:             0 kB
AnonPages:        871280 kB
Mapped:             6364 kB
Shmem:             10692 kB
Slab:              36532 kB
SReclaimable:      19872 kB
SUnreclaim:        16660 kB
KernelStack:        3440 kB
PageTables:         5432 kB
NFS_Unstable:          0 kB
Bounce:                0 kB
WritebackTmp:          0 kB
CommitLimit:      507248 kB
Committed_AS:    1324416 kB
VmallocTotal:   34359738367 kB
VmallocUsed:           0 kB
VmallocChunk:          0 kB
HardwareCorrupted:     0 kB
AnonHugePages:    221184 kB
CmaTotal:              0 kB
CmaFree:               0 kB
HugePages_Total:       0
HugePages_Free:        0
HugePages_Rsvd:        0
HugePages_Surp:        0
Hugepagesize:       2048 kB
DirectMap4k:       51200 kB
DirectMap2M:      997376 kB


CPU:total 1 (initial active 1) (1 cores per cpu, 1 threads per core) family 6 model 63 stepping 2, cmov, cx8, fxsr, mmx, sse, sse2, sse3, ssse3, sse4.1, sse4.2, popcnt, avx, avx2, aes, clmul, erms, lzcnt, tsc, bmi1, bmi2

/proc/cpuinfo:
processor	: 0
vendor_id	: GenuineIntel
cpu family	: 6
model		: 63
model name	: Intel(R) Xeon(R) CPU E5-2676 v3 @ 2.40GHz
stepping	: 2
microcode	: 0x3c
cpu MHz		: 2400.026
cache size	: 30720 KB
physical id	: 0
siblings	: 1
core id		: 0
cpu cores	: 1
apicid		: 0
initial apicid	: 0
fpu		: yes
fpu_exception	: yes
cpuid level	: 13
wp		: yes
flags		: fpu vme de pse tsc msr pae mce cx8 apic sep mtrr pge mca cmov pat pse36 clflush mmx fxsr sse sse2 ht syscall nx rdtscp lm constant_tsc rep_good nopl xtopology eagerfpu pni pclmulqdq ssse3 fma cx16 pcid sse4_1 sse4_2 x2apic movbe popcnt tsc_deadline_timer aes xsave avx f16c rdrand hypervisor lahf_lm abm invpcid_single kaiser fsgsbase bmi1 avx2 smep bmi2 erms invpcid xsaveopt
bugs		: cpu_meltdown spectre_v1 spectre_v2 spec_store_bypass l1tf
bogomips	: 4800.05
clflush size	: 64
cache_alignment	: 64
address sizes	: 46 bits physical, 48 bits virtual
power management:



Memory: 4k page, physical 1014500k(66188k free), swap 0k(0k free)

vm_info: OpenJDK 64-Bit Server VM (25.181-b13) for linux-amd64 JRE (1.8.0_181-8u181-b13-0ubuntu0.16.04.1-b13), built on Jul 30 2018 21:06:27 by "buildd" with gcc 5.4.0 20160609

time: Sun Oct 14 23:12:48 2018
elapsed time: 259 seconds (0d 0h 4m 19s)

