#
# There is insufficient memory for the Java Runtime Environment to continue.
# Native memory allocation (mmap) failed to map 16781312 bytes for committing reserved memory.
# Possible reasons:
#   The system is out of physical RAM or swap space
#   In 32 bit mode, the process size limit was hit
# Possible solutions:
#   Reduce memory load on the system
#   Increase physical memory or swap space
#   Check if swap backing store is full
#   Use 64 bit Java on a 64 bit OS
#   Decrease Java heap size (-Xmx/-Xms)
#   Decrease number of Java threads
#   Decrease Java thread stack sizes (-Xss)
#   Set larger code cache with -XX:ReservedCodeCacheSize=
# This output file may be truncated or incomplete.
#
#  Out of Memory Error (os_linux.cpp:2643), pid=15843, tid=0x00007f7dc7ea3700
#
# JRE version: OpenJDK Runtime Environment (8.0_181-b13) (build 1.8.0_181-8u181-b13-0ubuntu0.16.04.1-b13)
# Java VM: OpenJDK 64-Bit Server VM (25.181-b13 mixed mode linux-amd64 compressed oops)
# Failed to write core dump. Core dumps have been disabled. To enable core dumping, try "ulimit -c unlimited" before starting Java again
#

---------------  T H R E A D  ---------------

Current thread (0x00007f7dd8075800):  VMThread [stack: 0x00007f7dc7da3000,0x00007f7dc7ea4000] [id=15857]

Stack: [0x00007f7dc7da3000,0x00007f7dc7ea4000],  sp=0x00007f7dc7ea2070,  free space=1020k
Native frames: (J=compiled Java code, j=interpreted, Vv=VM code, C=native code)
V  [libjvm.so+0xa70edb]
V  [libjvm.so+0x4c893c]
V  [libjvm.so+0x8bda08]
V  [libjvm.so+0x8b7d9e]
V  [libjvm.so+0xa6d7c4]
V  [libjvm.so+0x5cdd5d]
V  [libjvm.so+0x5cecbc]
V  [libjvm.so+0x5bbac6]
V  [libjvm.so+0x4d064c]
V  [libjvm.so+0x61adef]
V  [libjvm.so+0x992a43]
V  [libjvm.so+0x4cd3c2]
V  [libjvm.so+0x5ba150]
V  [libjvm.so+0x4cef88]
V  [libjvm.so+0x5bb0d8]
V  [libjvm.so+0x45029f]
V  [libjvm.so+0xa71fe1]
V  [libjvm.so+0xa77d27]
V  [libjvm.so+0xa75427]
V  [libjvm.so+0xa768af]
V  [libjvm.so+0xa76da1]
V  [libjvm.so+0x8bae12]

VM_Operation (0x00007f7da414ffe0): GenCollectForAllocation, mode: safepoint, requested by thread 0x00007f7db4ca2800


---------------  P R O C E S S  ---------------

Java Threads: ( => current thread )
  0x00007f7dc0177000 JavaThread "block-manager-ask-thread-pool-2" daemon [_thread_blocked, id=15945, stack(0x00007f7d9f8c8000,0x00007f7d9f9c9000)]
  0x00007f7dbc00b000 JavaThread "block-manager-ask-thread-pool-1" daemon [_thread_blocked, id=15944, stack(0x00007f7d9f9c9000,0x00007f7d9faca000)]
  0x00007f7db8086800 JavaThread "block-manager-slave-async-thread-pool-7" daemon [_thread_blocked, id=15939, stack(0x00007f7d9fcca000,0x00007f7d9fdcb000)]
  0x00007f7db0008000 JavaThread "block-manager-slave-async-thread-pool-6" daemon [_thread_blocked, id=15938, stack(0x00007f7d9fdcb000,0x00007f7d9fecc000)]
  0x00007f7dc017e800 JavaThread "block-manager-slave-async-thread-pool-5" daemon [_thread_blocked, id=15937, stack(0x00007f7d9fecc000,0x00007f7d9ffcd000)]
  0x00007f7db806f800 JavaThread "block-manager-slave-async-thread-pool-4" daemon [_thread_blocked, id=15936, stack(0x00007f7d9ffcd000,0x00007f7da00ce000)]
  0x00007f7db0010000 JavaThread "block-manager-slave-async-thread-pool-3" daemon [_thread_blocked, id=15935, stack(0x00007f7da00ce000,0x00007f7da01cf000)]
  0x00007f7dc016f000 JavaThread "Executor task launch worker for task 1080" daemon [_thread_blocked, id=15933, stack(0x00007f7da01cf000,0x00007f7da02d0000)]
  0x00007f7dc016c800 JavaThread "Executor task launch worker for task 817" daemon [_thread_blocked, id=15930, stack(0x00007f7da04d0000,0x00007f7da05d1000)]
  0x00007f7dc016a000 JavaThread "Executor task launch worker for task 1079" daemon [_thread_blocked, id=15929, stack(0x00007f7da05d1000,0x00007f7da06d2000)]
  0x00007f7dc0117000 JavaThread "Executor task launch worker for task 648" daemon [_thread_blocked, id=15928, stack(0x00007f7da06d2000,0x00007f7da07d3000)]
  0x00007f7da88f1800 JavaThread "Thread-18" [_thread_in_native, id=15927, stack(0x00007f7da0bd3000,0x00007f7da0cd4000)]
  0x00007f7db803d800 JavaThread "task-result-getter-3" daemon [_thread_blocked, id=15911, stack(0x00007f7da14d4000,0x00007f7da15d5000)]
  0x00007f7dc00d8000 JavaThread "task-result-getter-2" daemon [_thread_blocked, id=15910, stack(0x00007f7da21d5000,0x00007f7da22d6000)]
  0x00007f7db0006000 JavaThread "block-manager-slave-async-thread-pool-2" daemon [_thread_blocked, id=15909, stack(0x00007f7da22d6000,0x00007f7da23d7000)]
  0x00007f7db0004000 JavaThread "block-manager-slave-async-thread-pool-1" daemon [_thread_blocked, id=15908, stack(0x00007f7da23d7000,0x00007f7da24d8000)]
  0x00007f7db803b800 JavaThread "block-manager-ask-thread-pool-0" daemon [_thread_blocked, id=15907, stack(0x00007f7da24d8000,0x00007f7da25d9000)]
  0x00007f7dc00ca000 JavaThread "block-manager-slave-async-thread-pool-0" daemon [_thread_blocked, id=15906, stack(0x00007f7da25d9000,0x00007f7da26da000)]
  0x00007f7dc00c6000 JavaThread "task-result-getter-1" daemon [_thread_blocked, id=15905, stack(0x00007f7da26da000,0x00007f7da27db000)]
  0x00007f7db8032800 JavaThread "task-result-getter-0" daemon [_thread_blocked, id=15904, stack(0x00007f7da29db000,0x00007f7da2adc000)]
  0x00007f7db8030000 JavaThread "Executor task launch worker for task 502" daemon [_thread_blocked, id=15903, stack(0x00007f7da2adc000,0x00007f7da2bdd000)]
  0x00007f7db4050000 JavaThread "org.apache.hadoop.fs.FileSystem$Statistics$StatisticsDataReferenceCleaner" daemon [_thread_blocked, id=15902, stack(0x00007f7da394f000,0x00007f7da3a50000)]
  0x00007f7db59ec000 JavaThread "SparkListenerBus" daemon [_thread_blocked, id=15900, stack(0x00007f7da35ea000,0x00007f7da36eb000)]
  0x00007f7db5991000 JavaThread "context-cleaner-periodic-gc" daemon [_thread_blocked, id=15899, stack(0x00007f7da36eb000,0x00007f7da37ec000)]
  0x00007f7db598f000 JavaThread "Spark Context Cleaner" daemon [_thread_blocked, id=15898, stack(0x00007f7da37ec000,0x00007f7da38ed000)]
  0x00007f7db4c9a800 JavaThread "shuffle-server-5-1" daemon [_thread_in_native, id=15897, stack(0x00007f7da3e50000,0x00007f7da3f51000)]
  0x00007f7db4c91800 JavaThread "driver-heartbeater" daemon [_thread_blocked, id=15896, stack(0x00007f7da3f51000,0x00007f7da4052000)]
  0x00007f7db4ca2800 JavaThread "dag-scheduler-event-loop" daemon [_thread_blocked, id=15895, stack(0x00007f7da4052000,0x00007f7da4153000)]
  0x00000000025fd800 JavaThread "netty-rpc-env-timeout" daemon [_thread_blocked, id=15894, stack(0x00007f7da4153000,0x00007f7da4254000)]
  0x00007f7db4afa000 JavaThread "Timer-0" daemon [_thread_blocked, id=15893, stack(0x00007f7da4254000,0x00007f7da4355000)]
  0x00007f7dc0071000 JavaThread "heartbeat-receiver-event-loop-thread" daemon [_thread_blocked, id=15892, stack(0x00007f7da4355000,0x00007f7da4456000)]
  0x00007f7db4710800 JavaThread "SparkUI-37" daemon [_thread_blocked, id=15891, stack(0x00007f7da4456000,0x00007f7da4557000)]
  0x00007f7db466e800 JavaThread "SparkUI-36" daemon [_thread_blocked, id=15890, stack(0x00007f7da4557000,0x00007f7da4658000)]
  0x00007f7db466c800 JavaThread "SparkUI-35" daemon [_thread_blocked, id=15889, stack(0x00007f7da4658000,0x00007f7da4759000)]
  0x00007f7db466a800 JavaThread "SparkUI-34" daemon [_thread_blocked, id=15888, stack(0x00007f7da4759000,0x00007f7da485a000)]
  0x00007f7db4791800 JavaThread "SparkUI-33" daemon [_thread_blocked, id=15887, stack(0x00007f7da485a000,0x00007f7da495b000)]
  0x00007f7db478f800 JavaThread "SparkUI-32" daemon [_thread_blocked, id=15886, stack(0x00007f7da495b000,0x00007f7da4a5c000)]
  0x00007f7db46c4000 JavaThread "SparkUI-31-acceptor-0@5c94b208-Spark@525347ea{HTTP/1.1}{0.0.0.0:4040}" daemon [_thread_in_native, id=15885, stack(0x00007f7da4a5c000,0x00007f7da4b5d000)]
  0x00007f7db46c1000 JavaThread "SparkUI-30-selector-ServerConnectorManager@6b684f8a/0" daemon [_thread_in_native, id=15884, stack(0x00007f7da4b5d000,0x00007f7da4c5e000)]
  0x00007f7db459d800 JavaThread "refresh progress" daemon [_thread_blocked, id=15882, stack(0x00007f7da4efe000,0x00007f7da4fff000)]
  0x00007f7db4625800 JavaThread "map-output-dispatcher-7" daemon [_thread_blocked, id=15881, stack(0x00007f7dc428d000,0x00007f7dc438e000)]
  0x00007f7db4623800 JavaThread "map-output-dispatcher-6" daemon [_thread_blocked, id=15880, stack(0x00007f7dc438e000,0x00007f7dc448f000)]
  0x00007f7db4573800 JavaThread "map-output-dispatcher-5" daemon [_thread_blocked, id=15879, stack(0x00007f7dc448f000,0x00007f7dc4590000)]
  0x00007f7db4571800 JavaThread "map-output-dispatcher-4" daemon [_thread_blocked, id=15878, stack(0x00007f7dc4590000,0x00007f7dc4691000)]
  0x00007f7db456f800 JavaThread "map-output-dispatcher-3" daemon [_thread_blocked, id=15877, stack(0x00007f7dc4691000,0x00007f7dc4792000)]
  0x00007f7db45af000 JavaThread "map-output-dispatcher-2" daemon [_thread_blocked, id=15876, stack(0x00007f7dc4792000,0x00007f7dc4893000)]
  0x00007f7db45ad000 JavaThread "map-output-dispatcher-1" daemon [_thread_blocked, id=15875, stack(0x00007f7dc4893000,0x00007f7dc4994000)]
  0x00007f7db45ac000 JavaThread "map-output-dispatcher-0" daemon [_thread_blocked, id=15874, stack(0x00007f7dc4994000,0x00007f7dc4a95000)]
  0x00007f7db4538000 JavaThread "rpc-server-3-1" daemon [_thread_in_native, id=15873, stack(0x00007f7dc4a95000,0x00007f7dc4b96000)]
  0x00007f7db43be000 JavaThread "dispatcher-event-loop-1" daemon [_thread_blocked, id=15872, stack(0x00007f7dc4fbc000,0x00007f7dc50bd000)]
  0x00007f7db43bd800 JavaThread "dispatcher-event-loop-0" daemon [_thread_blocked, id=15871, stack(0x00007f7dc58e9000,0x00007f7dc59ea000)]
  0x00007f7da834b000 JavaThread "Thread-2" [_thread_blocked, id=15867, stack(0x00007f7dc602d000,0x00007f7dc612e000)]
  0x00007f7dd8d2d000 JavaThread "Thread-1" [_thread_in_native, id=15866, stack(0x00007f7dc612e000,0x00007f7dc622f000)]
  0x00007f7dd8d1d800 JavaThread "pool-1-thread-1" [_thread_blocked, id=15865, stack(0x00007f7dc622f000,0x00007f7dc6330000)]
  0x00007f7dd80bb000 JavaThread "Service Thread" daemon [_thread_blocked, id=15863, stack(0x00007f7dc7605000,0x00007f7dc7706000)]
  0x00007f7dd80b7800 JavaThread "C1 CompilerThread1" daemon [_thread_blocked, id=15862, stack(0x00007f7dc7706000,0x00007f7dc7807000)]
  0x00007f7dd80b5800 JavaThread "C2 CompilerThread0" daemon [_thread_blocked, id=15861, stack(0x00007f7dc7807000,0x00007f7dc7908000)]
  0x00007f7dd80b4000 JavaThread "Signal Dispatcher" daemon [_thread_blocked, id=15860, stack(0x00007f7dc7908000,0x00007f7dc7a09000)]
  0x00007f7dd8082000 JavaThread "Finalizer" daemon [_thread_blocked, id=15859, stack(0x00007f7dc7ba1000,0x00007f7dc7ca2000)]
  0x00007f7dd807d000 JavaThread "Reference Handler" daemon [_thread_blocked, id=15858, stack(0x00007f7dc7ca2000,0x00007f7dc7da3000)]
  0x00007f7dd8011800 JavaThread "main" [_thread_in_native, id=15856, stack(0x00007f7ddf5c8000,0x00007f7ddf6c9000)]

Other Threads:
=>0x00007f7dd8075800 VMThread [stack: 0x00007f7dc7da3000,0x00007f7dc7ea4000] [id=15857]
  0x00007f7dd80bd800 WatcherThread [stack: 0x00007f7dc7504000,0x00007f7dc7605000] [id=15864]

VM state:at safepoint (normal execution)

VM Mutex/Monitor currently owned by a thread:  ([mutex/lock_event])
[0x00007f7dd800dc60] Threads_lock - owner thread: 0x00007f7dd8075800
[0x00007f7dd800e160] Heap_lock - owner thread: 0x00007f7db4ca2800

Heap:
 def new generation   total 44672K, used 41246K [0x00000000c0000000, 0x00000000c3070000, 0x00000000d5550000)
  eden space 39744K,  99% used [0x00000000c0000000, 0x00000000c26aa808, 0x00000000c26d0000)
  from space 4928K,  33% used [0x00000000c26d0000, 0x00000000c286d2e8, 0x00000000c2ba0000)
  to   space 4928K,  25% used [0x00000000c2ba0000, 0x00000000c2cd6a28, 0x00000000c3070000)
 tenured generation   total 115428K, used 108574K [0x00000000d5550000, 0x00000000dc609000, 0x0000000100000000)
   the space 115428K,  94% used [0x00000000d5550000, 0x00000000dbf57988, 0x00000000dbf57a00, 0x00000000dc609000)
 Metaspace       used 73569K, capacity 75346K, committed 75608K, reserved 1114112K
  class space    used 10242K, capacity 10494K, committed 10584K, reserved 1048576K

Card table byte_map: [0x00007f7dc8a3f000,0x00007f7dc8c40000] byte_map_base: 0x00007f7dc843f000

Polling page: 0x00007f7ddf6d4000

CodeCache: size=245760Kb used=29163Kb max_used=29342Kb free=216596Kb
 bounds [0x00007f7dc9000000, 0x00007f7dcacf0000, 0x00007f7dd8000000]
 total_blobs=11454 nmethods=10849 adapters=516
 compilation: enabled

Compilation events (10 events):
Event: 129.314 Thread 0x00007f7dd80b5800 nmethod 12894 0x00007f7dc9a87490 code [0x00007f7dc9a87600, 0x00007f7dc9a876e8]
Event: 129.314 Thread 0x00007f7dd80b5800 12968       4       org.apache.spark.util.ByteBufferInputStream::read (57 bytes)
Event: 129.323 Thread 0x00007f7dd80b5800 nmethod 12968 0x00007f7dc9c37990 code [0x00007f7dc9c37b00, 0x00007f7dc9c37df8]
Event: 129.323 Thread 0x00007f7dd80b5800 13009       4       scala.collection.mutable.StringBuilder::toString (8 bytes)
Event: 129.328 Thread 0x00007f7dd80b5800 nmethod 13009 0x00007f7dcaa9f0d0 code [0x00007f7dcaa9f240, 0x00007f7dcaa9f5f8]
Event: 129.328 Thread 0x00007f7dd80b5800 12907       4       scala.collection.AbstractTraversable::copyToArray (7 bytes)
Event: 129.336 Thread 0x00007f7dd80b5800 nmethod 12907 0x00007f7dcabcbf10 code [0x00007f7dcabcc080, 0x00007f7dcabcc258]
Event: 129.336 Thread 0x00007f7dd80b5800 13011       4       java.io.ObjectInputStream::readArray (453 bytes)
Event: 129.339 Thread 0x00007f7dd80b7800 13014       2       scala.collection.mutable.LinkedList::tail (5 bytes)
Event: 129.339 Thread 0x00007f7dd80b7800 nmethod 13014 0x00007f7dc9dc6f90 code [0x00007f7dc9dc7100, 0x00007f7dc9dc7260]

GC Heap History (10 events):
Event: 128.811 GC heap after
Heap after GC invocations=313 (full 8):
 def new generation   total 44672K, used 865K [0x00000000c0000000, 0x00000000c3070000, 0x00000000d5550000)
  eden space 39744K,   0% used [0x00000000c0000000, 0x00000000c0000000, 0x00000000c26d0000)
  from space 4928K,  17% used [0x00000000c26d0000, 0x00000000c27a86f8, 0x00000000c2ba0000)
  to   space 4928K,   0% used [0x00000000c2ba0000, 0x00000000c2ba0000, 0x00000000c3070000)
 tenured generation   total 99040K, used 92190K [0x00000000d5550000, 0x00000000db608000, 0x0000000100000000)
   the space 99040K,  93% used [0x00000000d5550000, 0x00000000daf57978, 0x00000000daf57a00, 0x00000000db608000)
 Metaspace       used 73545K, capacity 75340K, committed 75608K, reserved 1114112K
  class space    used 10241K, capacity 10493K, committed 10584K, reserved 1048576K
}
Event: 128.881 GC heap before
{Heap before GC invocations=313 (full 8):
 def new generation   total 44672K, used 40547K [0x00000000c0000000, 0x00000000c3070000, 0x00000000d5550000)
  eden space 39744K,  99% used [0x00000000c0000000, 0x00000000c26c0870, 0x00000000c26d0000)
  from space 4928K,  17% used [0x00000000c26d0000, 0x00000000c27a86f8, 0x00000000c2ba0000)
  to   space 4928K,   0% used [0x00000000c2ba0000, 0x00000000c2ba0000, 0x00000000c3070000)
 tenured generation   total 99040K, used 92190K [0x00000000d5550000, 0x00000000db608000, 0x0000000100000000)
   the space 99040K,  93% used [0x00000000d5550000, 0x00000000daf57978, 0x00000000daf57a00, 0x00000000db608000)
 Metaspace       used 73546K, capacity 75340K, committed 75608K, reserved 1114112K
  class space    used 10241K, capacity 10493K, committed 10584K, reserved 1048576K
Event: 128.888 GC heap after
Heap after GC invocations=314 (full 8):
 def new generation   total 44672K, used 1531K [0x00000000c0000000, 0x00000000c3070000, 0x00000000d5550000)
  eden space 39744K,   0% used [0x00000000c0000000, 0x00000000c0000000, 0x00000000c26d0000)
  from space 4928K,  31% used [0x00000000c2ba0000, 0x00000000c2d1ee90, 0x00000000c3070000)
  to   space 4928K,   0% used [0x00000000c26d0000, 0x00000000c26d0000, 0x00000000c2ba0000)
 tenured generation   total 99040K, used 92190K [0x00000000d5550000, 0x00000000db608000, 0x0000000100000000)
   the space 99040K,  93% used [0x00000000d5550000, 0x00000000daf57978, 0x00000000daf57a00, 0x00000000db608000)
 Metaspace       used 73546K, capacity 75340K, committed 75608K, reserved 1114112K
  class space    used 10241K, capacity 10493K, committed 10584K, reserved 1048576K
}
Event: 129.041 GC heap before
{Heap before GC invocations=314 (full 8):
 def new generation   total 44672K, used 39097K [0x00000000c0000000, 0x00000000c3070000, 0x00000000d5550000)
  eden space 39744K,  94% used [0x00000000c0000000, 0x00000000c24af700, 0x00000000c26d0000)
  from space 4928K,  31% used [0x00000000c2ba0000, 0x00000000c2d1ee90, 0x00000000c3070000)
  to   space 4928K,   0% used [0x00000000c26d0000, 0x00000000c26d0000, 0x00000000c2ba0000)
 tenured generation   total 99040K, used 92190K [0x00000000d5550000, 0x00000000db608000, 0x0000000100000000)
   the space 99040K,  93% used [0x00000000d5550000, 0x00000000daf57978, 0x00000000daf57a00, 0x00000000db608000)
 Metaspace       used 73552K, capacity 75346K, committed 75608K, reserved 1114112K
  class space    used 10242K, capacity 10494K, committed 10584K, reserved 1048576K
Event: 129.046 GC heap after
Heap after GC invocations=315 (full 8):
 def new generation   total 44672K, used 1606K [0x00000000c0000000, 0x00000000c3070000, 0x00000000d5550000)
  eden space 39744K,   0% used [0x00000000c0000000, 0x00000000c0000000, 0x00000000c26d0000)
  from space 4928K,  32% used [0x00000000c26d0000, 0x00000000c2861930, 0x00000000c2ba0000)
  to   space 4928K,   0% used [0x00000000c2ba0000, 0x00000000c2ba0000, 0x00000000c3070000)
 tenured generation   total 99040K, used 92190K [0x00000000d5550000, 0x00000000db608000, 0x0000000100000000)
   the space 99040K,  93% used [0x00000000d5550000, 0x00000000daf57978, 0x00000000daf57a00, 0x00000000db608000)
 Metaspace       used 73552K, capacity 75346K, committed 75608K, reserved 1114112K
  class space    used 10242K, capacity 10494K, committed 10584K, reserved 1048576K
}
Event: 129.135 GC heap before
{Heap before GC invocations=315 (full 8):
 def new generation   total 44672K, used 27742K [0x00000000c0000000, 0x00000000c3070000, 0x00000000d5550000)
  eden space 39744K,  65% used [0x00000000c0000000, 0x00000000c19860e0, 0x00000000c26d0000)
  from space 4928K,  32% used [0x00000000c26d0000, 0x00000000c2861930, 0x00000000c2ba0000)
  to   space 4928K,   0% used [0x00000000c2ba0000, 0x00000000c2ba0000, 0x00000000c3070000)
 tenured generation   total 99040K, used 92190K [0x00000000d5550000, 0x00000000db608000, 0x0000000100000000)
   the space 99040K,  93% used [0x00000000d5550000, 0x00000000daf57978, 0x00000000daf57a00, 0x00000000db608000)
 Metaspace       used 73555K, capacity 75346K, committed 75608K, reserved 1114112K
  class space    used 10242K, capacity 10494K, committed 10584K, reserved 1048576K
Event: 129.139 GC heap after
Heap after GC invocations=316 (full 8):
 def new generation   total 44672K, used 1877K [0x00000000c0000000, 0x00000000c3070000, 0x00000000d5550000)
  eden space 39744K,   0% used [0x00000000c0000000, 0x00000000c0000000, 0x00000000c26d0000)
  from space 4928K,  38% used [0x00000000c2ba0000, 0x00000000c2d754d0, 0x00000000c3070000)
  to   space 4928K,   0% used [0x00000000c26d0000, 0x00000000c26d0000, 0x00000000c2ba0000)
 tenured generation   total 99040K, used 92190K [0x00000000d5550000, 0x00000000db608000, 0x0000000100000000)
   the space 99040K,  93% used [0x00000000d5550000, 0x00000000daf57978, 0x00000000daf57a00, 0x00000000db608000)
 Metaspace       used 73555K, capacity 75346K, committed 75608K, reserved 1114112K
  class space    used 10242K, capacity 10494K, committed 10584K, reserved 1048576K
}
Event: 129.272 GC heap before
{Heap before GC invocations=316 (full 8):
 def new generation   total 44672K, used 41621K [0x00000000c0000000, 0x00000000c3070000, 0x00000000d5550000)
  eden space 39744K, 100% used [0x00000000c0000000, 0x00000000c26d0000, 0x00000000c26d0000)
  from space 4928K,  38% used [0x00000000c2ba0000, 0x00000000c2d754d0, 0x00000000c3070000)
  to   space 4928K,   0% used [0x00000000c26d0000, 0x00000000c26d0000, 0x00000000c2ba0000)
 tenured generation   total 99040K, used 92190K [0x00000000d5550000, 0x00000000db608000, 0x0000000100000000)
   the space 99040K,  93% used [0x00000000d5550000, 0x00000000daf57978, 0x00000000daf57a00, 0x00000000db608000)
 Metaspace       used 73566K, capacity 75346K, committed 75608K, reserved 1114112K
  class space    used 10242K, capacity 10494K, committed 10584K, reserved 1048576K
Event: 129.276 GC heap after
Heap after GC invocations=317 (full 8):
 def new generation   total 44672K, used 1652K [0x00000000c0000000, 0x00000000c3070000, 0x00000000d5550000)
  eden space 39744K,   0% used [0x00000000c0000000, 0x00000000c0000000, 0x00000000c26d0000)
  from space 4928K,  33% used [0x00000000c26d0000, 0x00000000c286d2e8, 0x00000000c2ba0000)
  to   space 4928K,   0% used [0x00000000c2ba0000, 0x00000000c2ba0000, 0x00000000c3070000)
 tenured generation   total 99040K, used 92190K [0x00000000d5550000, 0x00000000db608000, 0x0000000100000000)
   the space 99040K,  93% used [0x00000000d5550000, 0x00000000daf57978, 0x00000000daf57a00, 0x00000000db608000)
 Metaspace       used 73566K, capacity 75346K, committed 75608K, reserved 1114112K
  class space    used 10242K, capacity 10494K, committed 10584K, reserved 1048576K
}
Event: 129.340 GC heap before
{Heap before GC invocations=317 (full 8):
 def new generation   total 44672K, used 41246K [0x00000000c0000000, 0x00000000c3070000, 0x00000000d5550000)
  eden space 39744K,  99% used [0x00000000c0000000, 0x00000000c26aa808, 0x00000000c26d0000)
  from space 4928K,  33% used [0x00000000c26d0000, 0x00000000c286d2e8, 0x00000000c2ba0000)
  to   space 4928K,   0% used [0x00000000c2ba0000, 0x00000000c2ba0000, 0x00000000c3070000)
 tenured generation   total 99040K, used 92190K [0x00000000d5550000, 0x00000000db608000, 0x0000000100000000)
   the space 99040K,  93% used [0x00000000d5550000, 0x00000000daf57978, 0x00000000daf57a00, 0x00000000db608000)
 Metaspace       used 73569K, capacity 75346K, committed 75608K, reserved 1114112K
  class space    used 10242K, capacity 10494K, committed 10584K, reserved 1048576K

Deoptimization events (10 events):
Event: 120.531 Thread 0x00007f7dc016f000 Uncommon trap: reason=class_check action=maybe_recompile pc=0x00007f7dc9d78828 method=org.apache.spark.sql.catalyst.expressions.JoinedRow.getInt(I)I @ 5
Event: 121.415 Thread 0x00007f7da834b000 Uncommon trap: reason=speculate_class_check action=maybe_recompile pc=0x00007f7dcabb13b0 method=scala.collection.immutable.HashMap.get(Ljava/lang/Object;)Lscala/Option; @ 8
Event: 121.415 Thread 0x00007f7da834b000 Uncommon trap: reason=speculate_class_check action=maybe_recompile pc=0x00007f7dcabb13b0 method=scala.collection.immutable.HashMap.get(Ljava/lang/Object;)Lscala/Option; @ 8
Event: 121.415 Thread 0x00007f7da834b000 Uncommon trap: reason=speculate_class_check action=maybe_recompile pc=0x00007f7dcabb13b0 method=scala.collection.immutable.HashMap.get(Ljava/lang/Object;)Lscala/Option; @ 8
Event: 121.415 Thread 0x00007f7da834b000 Uncommon trap: reason=speculate_class_check action=maybe_recompile pc=0x00007f7dcabb13b0 method=scala.collection.immutable.HashMap.get(Ljava/lang/Object;)Lscala/Option; @ 8
Event: 121.415 Thread 0x00007f7da834b000 Uncommon trap: reason=speculate_class_check action=maybe_recompile pc=0x00007f7dc9a61ca0 method=scala.collection.immutable.HashSet.contains(Ljava/lang/Object;)Z @ 8
Event: 121.415 Thread 0x00007f7da834b000 Uncommon trap: reason=speculate_class_check action=maybe_recompile pc=0x00007f7dc9a61ca0 method=scala.collection.immutable.HashSet.contains(Ljava/lang/Object;)Z @ 8
Event: 121.415 Thread 0x00007f7da834b000 Uncommon trap: reason=speculate_class_check action=maybe_recompile pc=0x00007f7dc9a61ca0 method=scala.collection.immutable.HashSet.contains(Ljava/lang/Object;)Z @ 8
Event: 121.415 Thread 0x00007f7da834b000 Uncommon trap: reason=speculate_class_check action=maybe_recompile pc=0x00007f7dc9a61ca0 method=scala.collection.immutable.HashSet.contains(Ljava/lang/Object;)Z @ 8
Event: 129.318 Thread 0x00007f7dc016a000 Uncommon trap: reason=predicate action=maybe_recompile pc=0x00007f7dcace5994 method=java.io.ObjectInputStream.readArray(Z)Ljava/lang/Object; @ 406

Classes redefined (0 events):
No events

Internal exceptions (10 events):
Event: 76.896 Thread 0x00007f7da834b000 Exception <a 'java/lang/NoSuchMethodError': <clinit>> (0x00000000c01054c8) thrown at [/build/openjdk-8-pREaNj/openjdk-8-8u181-b13/src/hotspot/src/share/vm/prims/jni.cpp, line 1613]
Event: 76.896 Thread 0x00007f7da834b000 Exception <a 'java/lang/NoSuchMethodError': <clinit>> (0x00000000c01255f8) thrown at [/build/openjdk-8-pREaNj/openjdk-8-8u181-b13/src/hotspot/src/share/vm/prims/jni.cpp, line 1613]
Event: 76.902 Thread 0x00007f7da834b000 Exception <a 'java/lang/NoSuchMethodError': <clinit>> (0x00000000c014e008) thrown at [/build/openjdk-8-pREaNj/openjdk-8-8u181-b13/src/hotspot/src/share/vm/prims/jni.cpp, line 1613]
Event: 76.903 Thread 0x00007f7da834b000 Exception <a 'java/lang/NoSuchMethodError': <clinit>> (0x00000000c0154f78) thrown at [/build/openjdk-8-pREaNj/openjdk-8-8u181-b13/src/hotspot/src/share/vm/prims/jni.cpp, line 1613]
Event: 76.918 Thread 0x00007f7da834b000 Exception <a 'java/lang/NoSuchMethodError': <clinit>> (0x00000000c0193788) thrown at [/build/openjdk-8-pREaNj/openjdk-8-8u181-b13/src/hotspot/src/share/vm/prims/jni.cpp, line 1613]
Event: 76.943 Thread 0x00007f7db4ca2800 Exception <a 'java/lang/NoSuchMethodError': <clinit>> (0x00000000c04a0ea8) thrown at [/build/openjdk-8-pREaNj/openjdk-8-8u181-b13/src/hotspot/src/share/vm/prims/jni.cpp, line 1613]
Event: 79.398 Thread 0x00007f7da834b000 Exception <a 'java/lang/NoSuchMethodError': <clinit>> (0x00000000c0cda320) thrown at [/build/openjdk-8-pREaNj/openjdk-8-8u181-b13/src/hotspot/src/share/vm/prims/jni.cpp, line 1613]
Event: 79.435 Thread 0x00007f7db4ca2800 Exception <a 'java/lang/NoSuchMethodError': <clinit>> (0x00000000c154cc60) thrown at [/build/openjdk-8-pREaNj/openjdk-8-8u181-b13/src/hotspot/src/share/vm/prims/jni.cpp, line 1613]
Event: 79.436 Thread 0x00007f7db4ca2800 Exception <a 'java/lang/NoSuchMethodError': <clinit>> (0x00000000c155bde0) thrown at [/build/openjdk-8-pREaNj/openjdk-8-8u181-b13/src/hotspot/src/share/vm/prims/jni.cpp, line 1613]
Event: 79.447 Thread 0x00007f7db43be000 Exception <a 'java/lang/NoSuchMethodError': <clinit>> (0x00000000c1a0a440) thrown at [/build/openjdk-8-pREaNj/openjdk-8-8u181-b13/src/hotspot/src/share/vm/prims/jni.cpp, line 1613]

Events (10 events):
Event: 129.225 Thread 0x00007f7dd80b7800 flushing nmethod 0x00007f7dca303e50
Event: 129.232 Thread 0x00007f7dc016f000 DEOPT PACKING pc=0x00007f7dca323a7e sp=0x00007f7da02cc1e0
Event: 129.232 Thread 0x00007f7dc016f000 DEOPT UNPACKING pc=0x00007f7dc90474c4 sp=0x00007f7da02cbfb0 mode 0
Event: 129.272 Executing VM operation: GenCollectForAllocation
Event: 129.276 Executing VM operation: GenCollectForAllocation done
Event: 129.278 Thread 0x00007f7dd80b7800 flushing nmethod 0x00007f7dcaaeb910
Event: 129.318 Thread 0x00007f7dc016a000 Uncommon trap: trap_request=0xffffff86 fr.pc=0x00007f7dcace5994
Event: 129.318 Thread 0x00007f7dc016a000 DEOPT PACKING pc=0x00007f7dcace5994 sp=0x00007f7da06ccb30
Event: 129.318 Thread 0x00007f7dc016a000 DEOPT UNPACKING pc=0x00007f7dc904547a sp=0x00007f7da06ccb18 mode 2
Event: 129.340 Executing VM operation: GenCollectForAllocation


Dynamic libraries:
00400000-00401000 r-xp 00000000 ca:01 256949                             /usr/lib/jvm/java-8-openjdk-amd64/jre/bin/java
00600000-00601000 r--p 00000000 ca:01 256949                             /usr/lib/jvm/java-8-openjdk-amd64/jre/bin/java
00601000-00602000 rw-p 00001000 ca:01 256949                             /usr/lib/jvm/java-8-openjdk-amd64/jre/bin/java
025d8000-0263e000 rw-p 00000000 00:00 0                                  [heap]
c0000000-c3070000 rw-p 00000000 00:00 0 
c3070000-d5550000 ---p 00000000 00:00 0 
d5550000-dc609000 rw-p 00000000 00:00 0 
dd60a000-100000000 ---p 00000000 00:00 0 
100000000-100a56000 rw-p 00000000 00:00 0 
100a56000-140000000 ---p 00000000 00:00 0 
7f7d9f7c7000-7f7d9f7ca000 ---p 00000000 00:00 0 
7f7d9f7ca000-7f7d9f8c8000 rw-p 00000000 00:00 0 
7f7d9f8c8000-7f7d9f8cb000 ---p 00000000 00:00 0 
7f7d9f8cb000-7f7d9f9c9000 rw-p 00000000 00:00 0 
7f7d9f9c9000-7f7d9f9cc000 ---p 00000000 00:00 0 
7f7d9f9cc000-7f7d9fc4a000 rw-p 00000000 00:00 0 
7f7d9fc4a000-7f7d9fcca000 ---p 00000000 00:00 0 
7f7d9fcca000-7f7d9fccd000 ---p 00000000 00:00 0 
7f7d9fccd000-7f7d9fdcb000 rw-p 00000000 00:00 0 
7f7d9fdcb000-7f7d9fdce000 ---p 00000000 00:00 0 
7f7d9fdce000-7f7d9fecc000 rw-p 00000000 00:00 0 
7f7d9fecc000-7f7d9fecf000 ---p 00000000 00:00 0 
7f7d9fecf000-7f7d9ffcd000 rw-p 00000000 00:00 0 
7f7d9ffcd000-7f7d9ffd0000 ---p 00000000 00:00 0 
7f7d9ffd0000-7f7da00ce000 rw-p 00000000 00:00 0 
7f7da00ce000-7f7da00d1000 ---p 00000000 00:00 0 
7f7da00d1000-7f7da01cf000 rw-p 00000000 00:00 0 
7f7da01cf000-7f7da01d2000 ---p 00000000 00:00 0 
7f7da01d2000-7f7da04d0000 rw-p 00000000 00:00 0 
7f7da04d0000-7f7da04d3000 ---p 00000000 00:00 0 
7f7da04d3000-7f7da05d1000 rw-p 00000000 00:00 0 
7f7da05d1000-7f7da05d4000 ---p 00000000 00:00 0 
7f7da05d4000-7f7da06d2000 rw-p 00000000 00:00 0 
7f7da06d2000-7f7da06d5000 ---p 00000000 00:00 0 
7f7da06d5000-7f7da09d3000 rw-p 00000000 00:00 0 
7f7da09d3000-7f7da0bd3000 rw-p 00000000 00:00 0 
7f7da0bd3000-7f7da0bd6000 ---p 00000000 00:00 0 
7f7da0bd6000-7f7da0ed4000 rw-p 00000000 00:00 0 
7f7da0ed4000-7f7da10d4000 rw-p 00000000 00:00 0 
7f7da10d4000-7f7da12d4000 rw-p 00000000 00:00 0 
7f7da12d4000-7f7da14d4000 rw-p 00000000 00:00 0 
7f7da14d4000-7f7da14d7000 ---p 00000000 00:00 0 
7f7da14d7000-7f7da17d5000 rw-p 00000000 00:00 0 
7f7da17d5000-7f7da19d5000 rw-p 00000000 00:00 0 
7f7da19d5000-7f7da1bd5000 rw-p 00000000 00:00 0 
7f7da1bd5000-7f7da1dd5000 rw-p 00000000 00:00 0 
7f7da1dd5000-7f7da1fd5000 rw-p 00000000 00:00 0 
7f7da1fd5000-7f7da21d5000 rw-p 00000000 00:00 0 
7f7da21d5000-7f7da21d8000 ---p 00000000 00:00 0 
7f7da21d8000-7f7da22d6000 rw-p 00000000 00:00 0 
7f7da22d6000-7f7da22d9000 ---p 00000000 00:00 0 
7f7da22d9000-7f7da23d7000 rw-p 00000000 00:00 0 
7f7da23d7000-7f7da23da000 ---p 00000000 00:00 0 
7f7da23da000-7f7da24d8000 rw-p 00000000 00:00 0 
7f7da24d8000-7f7da24db000 ---p 00000000 00:00 0 
7f7da24db000-7f7da25d9000 rw-p 00000000 00:00 0 
7f7da25d9000-7f7da25dc000 ---p 00000000 00:00 0 
7f7da25dc000-7f7da26da000 rw-p 00000000 00:00 0 
7f7da26da000-7f7da26dd000 ---p 00000000 00:00 0 
7f7da26dd000-7f7da29db000 rw-p 00000000 00:00 0 
7f7da29db000-7f7da29de000 ---p 00000000 00:00 0 
7f7da29de000-7f7da2adc000 rw-p 00000000 00:00 0 
7f7da2adc000-7f7da2adf000 ---p 00000000 00:00 0 
7f7da2adf000-7f7da2ddd000 rw-p 00000000 00:00 0 
7f7da2ddd000-7f7da2dea000 r-xp 00000000 ca:01 1712                       /tmp/liblz4-java4111742635716578550.so
7f7da2dea000-7f7da2fe9000 ---p 0000d000 ca:01 1712                       /tmp/liblz4-java4111742635716578550.so
7f7da2fe9000-7f7da2fea000 rw-p 0000c000 ca:01 1712                       /tmp/liblz4-java4111742635716578550.so
7f7da2fea000-7f7da31ea000 rw-p 00000000 00:00 0 
7f7da31ea000-7f7da33ea000 rw-p 00000000 00:00 0 
7f7da33ea000-7f7da35ea000 rw-p 00000000 00:00 0 
7f7da35ea000-7f7da35ed000 ---p 00000000 00:00 0 
7f7da35ed000-7f7da36eb000 rw-p 00000000 00:00 0 
7f7da36eb000-7f7da36ee000 ---p 00000000 00:00 0 
7f7da36ee000-7f7da37ec000 rw-p 00000000 00:00 0 
7f7da37ec000-7f7da37ef000 ---p 00000000 00:00 0 
7f7da37ef000-7f7da38ed000 rw-p 00000000 00:00 0 
7f7da394f000-7f7da3952000 ---p 00000000 00:00 0 
7f7da3952000-7f7da3c50000 rw-p 00000000 00:00 0 
7f7da3c50000-7f7da3e50000 rw-p 00000000 00:00 0 
7f7da3e50000-7f7da3e53000 ---p 00000000 00:00 0 
7f7da3e53000-7f7da3f51000 rw-p 00000000 00:00 0 
7f7da3f51000-7f7da3f54000 ---p 00000000 00:00 0 
7f7da3f54000-7f7da4052000 rw-p 00000000 00:00 0 
7f7da4052000-7f7da4055000 ---p 00000000 00:00 0 
7f7da4055000-7f7da4153000 rw-p 00000000 00:00 0 
7f7da4153000-7f7da4156000 ---p 00000000 00:00 0 
7f7da4156000-7f7da4254000 rw-p 00000000 00:00 0 
7f7da4254000-7f7da4257000 ---p 00000000 00:00 0 
7f7da4257000-7f7da4355000 rw-p 00000000 00:00 0 
7f7da4355000-7f7da4358000 ---p 00000000 00:00 0 
7f7da4358000-7f7da4456000 rw-p 00000000 00:00 0 
7f7da4456000-7f7da4459000 ---p 00000000 00:00 0 
7f7da4459000-7f7da4557000 rw-p 00000000 00:00 0 
7f7da4557000-7f7da455a000 ---p 00000000 00:00 0 
7f7da455a000-7f7da4658000 rw-p 00000000 00:00 0 
7f7da4658000-7f7da465b000 ---p 00000000 00:00 0 
7f7da465b000-7f7da4759000 rw-p 00000000 00:00 0 
7f7da4759000-7f7da475c000 ---p 00000000 00:00 0 
7f7da475c000-7f7da485a000 rw-p 00000000 00:00 0 
7f7da485a000-7f7da485d000 ---p 00000000 00:00 0 
7f7da485d000-7f7da495b000 rw-p 00000000 00:00 0 
7f7da495b000-7f7da495e000 ---p 00000000 00:00 0 
7f7da495e000-7f7da4a5c000 rw-p 00000000 00:00 0 
7f7da4a5c000-7f7da4a5f000 ---p 00000000 00:00 0 
7f7da4a5f000-7f7da4b5d000 rw-p 00000000 00:00 0 
7f7da4b5d000-7f7da4b60000 ---p 00000000 00:00 0 
7f7da4b60000-7f7da4e5e000 rw-p 00000000 00:00 0 
7f7da4efe000-7f7da4f01000 ---p 00000000 00:00 0 
7f7da4f01000-7f7da8000000 rw-p 00000000 00:00 0 
7f7da8000000-7f7da9736000 rw-p 00000000 00:00 0 
7f7da9736000-7f7dac000000 ---p 00000000 00:00 0 
7f7dac000000-7f7dac31d000 rw-p 00000000 00:00 0 
7f7dac31d000-7f7db0000000 ---p 00000000 00:00 0 
7f7db0000000-7f7db0028000 rw-p 00000000 00:00 0 
7f7db0028000-7f7db4000000 ---p 00000000 00:00 0 
7f7db4000000-7f7db72b6000 rw-p 00000000 00:00 0 
7f7db72b6000-7f7db8000000 ---p 00000000 00:00 0 
7f7db8000000-7f7db826e000 rw-p 00000000 00:00 0 
7f7db826e000-7f7dbc000000 ---p 00000000 00:00 0 
7f7dbc000000-7f7dbc02c000 rw-p 00000000 00:00 0 
7f7dbc02c000-7f7dc0000000 ---p 00000000 00:00 0 
7f7dc0000000-7f7dc0414000 rw-p 00000000 00:00 0 
7f7dc0414000-7f7dc4000000 ---p 00000000 00:00 0 
7f7dc408d000-7f7dc428d000 rw-p 00000000 00:00 0 
7f7dc428d000-7f7dc4290000 ---p 00000000 00:00 0 
7f7dc4290000-7f7dc438e000 rw-p 00000000 00:00 0 
7f7dc438e000-7f7dc4391000 ---p 00000000 00:00 0 
7f7dc4391000-7f7dc448f000 rw-p 00000000 00:00 0 
7f7dc448f000-7f7dc4492000 ---p 00000000 00:00 0 
7f7dc4492000-7f7dc4590000 rw-p 00000000 00:00 0 
7f7dc4590000-7f7dc4593000 ---p 00000000 00:00 0 
7f7dc4593000-7f7dc4691000 rw-p 00000000 00:00 0 
7f7dc4691000-7f7dc4694000 ---p 00000000 00:00 0 
7f7dc4694000-7f7dc4792000 rw-p 00000000 00:00 0 
7f7dc4792000-7f7dc4795000 ---p 00000000 00:00 0 
7f7dc4795000-7f7dc4893000 rw-p 00000000 00:00 0 
7f7dc4893000-7f7dc4896000 ---p 00000000 00:00 0 
7f7dc4896000-7f7dc4994000 rw-p 00000000 00:00 0 
7f7dc4994000-7f7dc4997000 ---p 00000000 00:00 0 
7f7dc4997000-7f7dc4a95000 rw-p 00000000 00:00 0 
7f7dc4a95000-7f7dc4a98000 ---p 00000000 00:00 0 
7f7dc4a98000-7f7dc4b96000 rw-p 00000000 00:00 0 
7f7dc4b96000-7f7dc4ba7000 r-xp 00000000 ca:01 256909                     /usr/lib/jvm/java-8-openjdk-amd64/jre/lib/amd64/libnio.so
7f7dc4ba7000-7f7dc4da7000 ---p 00011000 ca:01 256909                     /usr/lib/jvm/java-8-openjdk-amd64/jre/lib/amd64/libnio.so
7f7dc4da7000-7f7dc4da8000 r--p 00011000 ca:01 256909                     /usr/lib/jvm/java-8-openjdk-amd64/jre/lib/amd64/libnio.so
7f7dc4da8000-7f7dc4da9000 rw-p 00012000 ca:01 256909                     /usr/lib/jvm/java-8-openjdk-amd64/jre/lib/amd64/libnio.so
7f7dc4da9000-7f7dc4fa9000 rw-p 00000000 00:00 0 
7f7dc4fa9000-7f7dc4fbc000 r--s 00346000 ca:01 256864                     /usr/lib/jvm/java-8-openjdk-amd64/jre/lib/resources.jar
7f7dc4fbc000-7f7dc4fbf000 ---p 00000000 00:00 0 
7f7dc4fbf000-7f7dc52bd000 rw-p 00000000 00:00 0 
7f7dc52bd000-7f7dc52d4000 r-xp 00000000 ca:01 1984                       /lib/x86_64-linux-gnu/libresolv-2.23.so
7f7dc52d4000-7f7dc54d4000 ---p 00017000 ca:01 1984                       /lib/x86_64-linux-gnu/libresolv-2.23.so
7f7dc54d4000-7f7dc54d5000 r--p 00017000 ca:01 1984                       /lib/x86_64-linux-gnu/libresolv-2.23.so
7f7dc54d5000-7f7dc54d6000 rw-p 00018000 ca:01 1984                       /lib/x86_64-linux-gnu/libresolv-2.23.so
7f7dc54d6000-7f7dc54d8000 rw-p 00000000 00:00 0 
7f7dc54d8000-7f7dc54dd000 r-xp 00000000 ca:01 1990                       /lib/x86_64-linux-gnu/libnss_dns-2.23.so
7f7dc54dd000-7f7dc56dd000 ---p 00005000 ca:01 1990                       /lib/x86_64-linux-gnu/libnss_dns-2.23.so
7f7dc56dd000-7f7dc56de000 r--p 00005000 ca:01 1990                       /lib/x86_64-linux-gnu/libnss_dns-2.23.so
7f7dc56de000-7f7dc56df000 rw-p 00006000 ca:01 1990                       /lib/x86_64-linux-gnu/libnss_dns-2.23.so
7f7dc56e0000-7f7dc56e2000 r--s 00016000 ca:01 256882                     /usr/lib/jvm/java-8-openjdk-amd64/jre/lib/jce.jar
7f7dc56e2000-7f7dc56e7000 r--s 0009d000 ca:01 256862                     /usr/lib/jvm/java-8-openjdk-amd64/jre/lib/jsse.jar
7f7dc56e7000-7f7dc56e8000 r-xp 00000000 ca:01 256908                     /usr/lib/jvm/java-8-openjdk-amd64/jre/lib/amd64/libjaas_unix.so
7f7dc56e8000-7f7dc58e7000 ---p 00001000 ca:01 256908                     /usr/lib/jvm/java-8-openjdk-amd64/jre/lib/amd64/libjaas_unix.so
7f7dc58e7000-7f7dc58e8000 r--p 00000000 ca:01 256908                     /usr/lib/jvm/java-8-openjdk-amd64/jre/lib/amd64/libjaas_unix.so
7f7dc58e8000-7f7dc58e9000 rw-p 00001000 ca:01 256908                     /usr/lib/jvm/java-8-openjdk-amd64/jre/lib/amd64/libjaas_unix.so
7f7dc58e9000-7f7dc58ec000 ---p 00000000 00:00 0 
7f7dc58ec000-7f7dc59ea000 rw-p 00000000 00:00 0 
7f7dc59ea000-7f7dc59ed000 ---p 00000000 00:00 0 
7f7dc59ed000-7f7dc5c23000 rw-p 00000000 00:00 0 
7f7dc5c23000-7f7dc5e23000 rw-p 00000000 00:00 0 
7f7dc5e23000-7f7dc5e2c000 r-xp 00000000 ca:01 256894                     /usr/lib/jvm/java-8-openjdk-amd64/jre/lib/amd64/libmanagement.so
7f7dc5e2c000-7f7dc602b000 ---p 00009000 ca:01 256894                     /usr/lib/jvm/java-8-openjdk-amd64/jre/lib/amd64/libmanagement.so
7f7dc602b000-7f7dc602c000 r--p 00008000 ca:01 256894                     /usr/lib/jvm/java-8-openjdk-amd64/jre/lib/amd64/libmanagement.so
7f7dc602c000-7f7dc602d000 rw-p 00009000 ca:01 256894                     /usr/lib/jvm/java-8-openjdk-amd64/jre/lib/amd64/libmanagement.so
7f7dc602d000-7f7dc6030000 ---p 00000000 00:00 0 
7f7dc6030000-7f7dc612e000 rw-p 00000000 00:00 0 
7f7dc612e000-7f7dc6131000 ---p 00000000 00:00 0 
7f7dc6131000-7f7dc622f000 rw-p 00000000 00:00 0 
7f7dc622f000-7f7dc6232000 ---p 00000000 00:00 0 
7f7dc6232000-7f7dc6530000 rw-p 00000000 00:00 0 
7f7dc6530000-7f7dc6547000 r-xp 00000000 ca:01 256888                     /usr/lib/jvm/java-8-openjdk-amd64/jre/lib/amd64/libnet.so
7f7dc6547000-7f7dc6746000 ---p 00017000 ca:01 256888                     /usr/lib/jvm/java-8-openjdk-amd64/jre/lib/amd64/libnet.so
7f7dc6746000-7f7dc6747000 r--p 00016000 ca:01 256888                     /usr/lib/jvm/java-8-openjdk-amd64/jre/lib/amd64/libnet.so
7f7dc6747000-7f7dc6748000 rw-p 00017000 ca:01 256888                     /usr/lib/jvm/java-8-openjdk-amd64/jre/lib/amd64/libnet.so
7f7dc6748000-7f7dc674b000 r--s 00015000 ca:01 261533                     /home/ubuntu/spark-2.1.1-bin-hadoop2.7/jars/javax.servlet-api-3.1.0.jar
7f7dc674b000-7f7dc6777000 r--s 001c9000 ca:01 261798                     /home/ubuntu/spark-2.1.1-bin-hadoop2.7/jars/shapeless_2.11-2.0.0.jar
7f7dc6777000-7f7dc6782000 r--s 000b0000 ca:01 261731                     /home/ubuntu/spark-2.1.1-bin-hadoop2.7/jars/jtransforms-2.4.0.jar
7f7dc6782000-7f7dc6788000 r--s 00043000 ca:01 261858                     /home/ubuntu/spark-2.1.1-bin-hadoop2.7/jars/commons-configuration-1.6.jar
7f7dc6788000-7f7dc678c000 r--s 00019000 ca:01 261784                     /home/ubuntu/spark-2.1.1-bin-hadoop2.7/jars/javax.ws.rs-api-2.0.1.jar
7f7dc678c000-7f7dc678e000 r--s 00009000 ca:01 261839                     /home/ubuntu/spark-2.1.1-bin-hadoop2.7/jars/commons-cli-1.2.jar
7f7dc678e000-7f7dc6798000 r--s 00095000 ca:01 261728                     /home/ubuntu/spark-2.1.1-bin-hadoop2.7/jars/scala-xml_2.11-1.0.2.jar
7f7dc6798000-7f7dc679d000 r--s 00031000 ca:01 261744                     /home/ubuntu/spark-2.1.1-bin-hadoop2.7/jars/parquet-hadoop-1.8.1.jar
7f7dc679d000-7f7dc67a1000 r--s 00020000 ca:01 261720                     /home/ubuntu/spark-2.1.1-bin-hadoop2.7/jars/commons-digester-1.8.jar
7f7dc67a1000-7f7dc67a3000 r--s 00027000 ca:01 261790                     /home/ubuntu/spark-2.1.1-bin-hadoop2.7/jars/core-1.1.2.jar
7f7dc67a3000-7f7dc67ba000 r--s 00183000 ca:01 261753                     /home/ubuntu/spark-2.1.1-bin-hadoop2.7/jars/hadoop-yarn-common-2.7.3.jar
7f7dc67ba000-7f7dc67bb000 r--s 00004000 ca:01 261711                     /home/ubuntu/spark-2.1.1-bin-hadoop2.7/jars/eigenbase-properties-1.1.5.jar
7f7dc67bb000-7f7dc67c1000 r--s 00044000 ca:01 261763                     /home/ubuntu/spark-2.1.1-bin-hadoop2.7/jars/antlr4-runtime-4.5.3.jar
7f7dc67c1000-7f7dc67c3000 r--s 0000b000 ca:01 261840                     /home/ubuntu/spark-2.1.1-bin-hadoop2.7/jars/chill-java-0.8.0.jar
7f7dc67c3000-7f7dc67cd000 r--s 00086000 ca:01 261718                     /home/ubuntu/spark-2.1.1-bin-hadoop2.7/jars/json4s-core_2.11-3.2.11.jar
7f7dc67cd000-7f7dc67cf000 r--s 0000f000 ca:01 261566                     /home/ubuntu/spark-2.1.1-bin-hadoop2.7/jars/activation-1.1.1.jar
7f7dc67cf000-7f7dc67d3000 r--s 00031000 ca:01 261583                     /home/ubuntu/spark-2.1.1-bin-hadoop2.7/jars/jline-2.12.1.jar
7f7dc67d3000-7f7dc67d9000 r--s 00028000 ca:01 261745                     /home/ubuntu/spark-2.1.1-bin-hadoop2.7/jars/curator-framework-2.6.0.jar
7f7dc67d9000-7f7dc67e6000 r--s 000b1000 ca:01 261545                     /home/ubuntu/spark-2.1.1-bin-hadoop2.7/jars/hadoop-mapreduce-client-common-2.7.3.jar
7f7dc67e6000-7f7dc67e8000 r--s 00009000 ca:01 261758                     /home/ubuntu/spark-2.1.1-bin-hadoop2.7/jars/jackson-module-paranamer-2.6.5.jar
7f7dc67e8000-7f7dc67e9000 r--s 00009000 ca:01 261845                     /home/ubuntu/spark-2.1.1-bin-hadoop2.7/jars/slf4j-api-1.7.16.jar
7f7dc67e9000-7f7dc67ea000 r--s 00004000 ca:01 261710                     /home/ubuntu/spark-2.1.1-bin-hadoop2.7/jars/jackson-jaxrs-1.9.13.jar
7f7dc67ea000-7f7dc67ec000 r--s 00012000 ca:01 261803                     /home/ubuntu/spark-2.1.1-bin-hadoop2.7/jars/api-util-1.0.0-M20.jar
7f7dc67ec000-7f7dc67f4000 r--s 00066000 ca:01 261732                     /home/ubuntu/spark-2.1.1-bin-hadoop2.7/jars/apache-log4j-extras-1.2.17.jar
7f7dc67f4000-7f7dc67f6000 r--s 00004000 ca:01 261587                     /home/ubuntu/spark-2.1.1-bin-hadoop2.7/jars/stax-api-1.0-2.jar
7f7dc67f6000-7f7dc6804000 r--s 00078000 ca:01 261756                     /home/ubuntu/spark-2.1.1-bin-hadoop2.7/jars/spark-mesos_2.11-2.1.1.jar
7f7dc6804000-7f7dc6832000 r--s 00212000 ca:01 261712                     /home/ubuntu/spark-2.1.1-bin-hadoop2.7/jars/spark-network-common_2.11-2.1.1.jar
7f7dc6832000-7f7dc683a000 r--s 0006e000 ca:01 261765                     /home/ubuntu/spark-2.1.1-bin-hadoop2.7/jars/commons-lang3-3.5.jar
7f7dc683a000-7f7dc683b000 r--s 00009000 ca:01 261830                     /home/ubuntu/spark-2.1.1-bin-hadoop2.7/jars/hive-cli-1.2.1.spark2.jar
7f7dc683b000-7f7dc6851000 r--s 001a4000 ca:01 261613                     /home/ubuntu/spark-2.1.1-bin-hadoop2.7/jars/datanucleus-rdbms-3.2.9.jar
7f7dc6851000-7f7dc6862000 r--s 0010d000 ca:01 261714                     /home/ubuntu/spark-2.1.1-bin-hadoop2.7/jars/jackson-databind-2.6.5.jar
7f7dc6862000-7f7dc6864000 r--s 0000a000 ca:01 261612                     /home/ubuntu/spark-2.1.1-bin-hadoop2.7/jars/spark-unsafe_2.11-2.1.1.jar
7f7dc6864000-7f7dc6888000 r--s 001cd000 ca:01 261855                     /home/ubuntu/spark-2.1.1-bin-hadoop2.7/jars/commons-math3-3.4.1.jar
7f7dc6888000-7f7dc688c000 r--s 0002a000 ca:01 261747                     /home/ubuntu/spark-2.1.1-bin-hadoop2.7/jars/commons-io-2.4.jar
7f7dc688c000-7f7dc6894000 r--s 00059000 ca:01 261611                     /home/ubuntu/spark-2.1.1-bin-hadoop2.7/jars/javolution-5.5.1.jar
7f7dc6894000-7f7dc6895000 r--s 00003000 ca:01 261568                     /home/ubuntu/spark-2.1.1-bin-hadoop2.7/jars/jta-1.1.jar
7f7dc6895000-7f7dc6898000 r--s 00009000 ca:01 261751                     /home/ubuntu/spark-2.1.1-bin-hadoop2.7/jars/jackson-annotations-2.6.5.jar
7f7dc6898000-7f7dc690c000 r--s 00574000 ca:01 261739                     /home/ubuntu/spark-2.1.1-bin-hadoop2.7/jars/spark-mllib_2.11-2.1.1.jar
7f7dc690c000-7f7dc6927000 r--s 001d8000 ca:01 261572                     /home/ubuntu/spark-2.1.1-bin-hadoop2.7/jars/jets3t-0.9.3.jar
7f7dc6927000-7f7dc69b2000 r--s 0069e000 ca:01 261713                     /home/ubuntu/spark-2.1.1-bin-hadoop2.7/jars/spark-catalyst_2.11-2.1.1.jar
7f7dc69b2000-7f7dc69b7000 r--s 0002a000 ca:01 261576                     /home/ubuntu/spark-2.1.1-bin-hadoop2.7/jars/commons-beanutils-1.7.0.jar
7f7dc69b7000-7f7dc69b9000 r--s 00006000 ca:01 261588                     /home/ubuntu/spark-2.1.1-bin-hadoop2.7/jars/paranamer-2.3.jar
7f7dc69b9000-7f7dc69bd000 r--s 0002c000 ca:01 261748                     /home/ubuntu/spark-2.1.1-bin-hadoop2.7/jars/avro-ipc-1.7.7.jar
7f7dc69bd000-7f7dc69be000 r--s 00003000 ca:01 261594                     /home/ubuntu/spark-2.1.1-bin-hadoop2.7/jars/xmlenc-0.52.jar
7f7dc69be000-7f7dc69db000 r--s 001d5000 ca:01 261860                     /home/ubuntu/spark-2.1.1-bin-hadoop2.7/jars/hadoop-yarn-api-2.7.3.jar
7f7dc69db000-7f7dc69dc000 r--s 00004000 ca:01 261716                     /home/ubuntu/spark-2.1.1-bin-hadoop2.7/jars/opencsv-2.3.jar
7f7dc69dc000-7f7dc69e0000 r--s 00014000 ca:01 261856                     /home/ubuntu/spark-2.1.1-bin-hadoop2.7/jars/xz-1.0.jar
7f7dc69e0000-7f7dc69e3000 r--s 000fd000 ca:01 261604                     /home/ubuntu/spark-2.1.1-bin-hadoop2.7/jars/leveldbjni-all-1.8.jar
7f7dc69e3000-7f7dc69e9000 r--s 00063000 ca:01 261849                     /home/ubuntu/spark-2.1.1-bin-hadoop2.7/jars/jodd-core-3.5.2.jar
7f7dc69e9000-7f7dc69ed000 r--s 00030000 ca:01 261532                     /home/ubuntu/spark-2.1.1-bin-hadoop2.7/jars/commons-net-2.2.jar
7f7dc69ed000-7f7dc69f1000 r--s 00028000 ca:01 261608                     /home/ubuntu/spark-2.1.1-bin-hadoop2.7/jars/spark-mllib-local_2.11-2.1.1.jar
7f7dc69f1000-7f7dc69f8000 r--s 0007d000 ca:01 261722                     /home/ubuntu/spark-2.1.1-bin-hadoop2.7/jars/jetty-6.1.26.jar
7f7dc69f8000-7f7dc69fb000 r--s 0002f000 ca:01 261546                     /home/ubuntu/spark-2.1.1-bin-hadoop2.7/jars/RoaringBitmap-0.5.11.jar
7f7dc69fb000-7f7dc69fc000 r--s 00004000 ca:01 261866                     /home/ubuntu/spark-2.1.1-bin-hadoop2.7/jars/osgi-resource-locator-1.0.1.jar
7f7dc69fc000-7f7dc6a1d000 r--s 0019b000 ca:01 261796                     /home/ubuntu/spark-2.1.1-bin-hadoop2.7/jars/spark-hive-thriftserver_2.11-2.1.1.jar
7f7dc6a1d000-7f7dc6a22000 r--s 00041000 ca:01 261740                     /home/ubuntu/spark-2.1.1-bin-hadoop2.7/jars/commons-lang-2.6.jar
7f7dc6a22000-7f7dc6a24000 r--s 00020000 ca:01 261749                     /home/ubuntu/spark-2.1.1-bin-hadoop2.7/jars/hive-beeline-1.2.1.spark2.jar
7f7dc6a24000-7f7dc6a2b000 r--s 00049000 ca:01 261736                     /home/ubuntu/spark-2.1.1-bin-hadoop2.7/jars/httpcore-4.4.4.jar
7f7dc6a2b000-7f7dc6a2d000 r--s 00014000 ca:01 261717                     /home/ubuntu/spark-2.1.1-bin-hadoop2.7/jars/spire-macros_2.11-0.7.4.jar
7f7dc6a2d000-7f7dc6a2e000 r--s 00001000 ca:01 261621                     /home/ubuntu/spark-2.1.1-bin-hadoop2.7/jars/pmml-schema-1.2.15.jar
7f7dc6a2e000-7f7dc6a32000 r--s 00028000 ca:01 261573                     /home/ubuntu/spark-2.1.1-bin-hadoop2.7/jars/jetty-util-6.1.26.jar
7f7dc6a32000-7f7dc6a35000 r--s 00006000 ca:01 261721                     /home/ubuntu/spark-2.1.1-bin-hadoop2.7/jars/jsr305-1.3.9.jar
7f7dc6a35000-7f7dc6a3c000 r--s 0005d000 ca:01 261793                     /home/ubuntu/spark-2.1.1-bin-hadoop2.7/jars/mx4j-3.0.2.jar
7f7dc6a3c000-7f7dc6a3e000 r--s 0000e000 ca:01 261821                     /home/ubuntu/spark-2.1.1-bin-hadoop2.7/jars/guice-servlet-3.0.jar
7f7dc6a3e000-7f7dc6a46000 r--s 0007b000 ca:01 261737                     /home/ubuntu/spark-2.1.1-bin-hadoop2.7/jars/protobuf-java-2.5.0.jar
7f7dc6a46000-7f7dc6a4f000 r--s 00062000 ca:01 261580                     /home/ubuntu/spark-2.1.1-bin-hadoop2.7/jars/avro-1.7.7.jar
7f7dc6a4f000-7f7dc6a51000 r--s 00003000 ca:01 261733                     /home/ubuntu/spark-2.1.1-bin-hadoop2.7/jars/jcl-over-slf4j-1.7.16.jar
7f7dc6a51000-7f7dc6b21000 r--s 00cf0000 ca:01 261540                     /home/ubuntu/spark-2.1.1-bin-hadoop2.7/jars/breeze_2.11-0.12.jar
7f7dc6b21000-7f7dc6b22000 r--s 00002000 ca:01 261619                     /home/ubuntu/spark-2.1.1-bin-hadoop2.7/jars/slf4j-log4j12-1.7.16.jar
7f7dc6b22000-7f7dc6b24000 r--s 00006000 ca:01 261578                     /home/ubuntu/spark-2.1.1-bin-hadoop2.7/jars/spark-sketch_2.11-2.1.1.jar
7f7dc6b24000-7f7dc6b29000 r--s 00068000 ca:01 261791                     /home/ubuntu/spark-2.1.1-bin-hadoop2.7/jars/antlr-2.7.7.jar
7f7dc6b29000-7f7dc6b2b000 r--s 00000000 ca:01 261759                     /home/ubuntu/spark-2.1.1-bin-hadoop2.7/jars/aopalliance-1.0.jar
7f7dc6b2b000-7f7dc6b2d000 r--s 00012000 ca:01 261730                     /home/ubuntu/spark-2.1.1-bin-hadoop2.7/jars/compress-lzf-1.0.3.jar
7f7dc6b2d000-7f7dc6b3a000 r--s 0009e000 ca:01 261822                     /home/ubuntu/spark-2.1.1-bin-hadoop2.7/jars/spark-graphx_2.11-2.1.1.jar
7f7dc6b3a000-7f7dc6b3f000 r--s 00028000 ca:01 261841                     /home/ubuntu/spark-2.1.1-bin-hadoop2.7/jars/avro-mapred-1.7.7-hadoop2.jar
7f7dc6b3f000-7f7dc6b55000 r--s 00124000 ca:01 261833                     /home/ubuntu/spark-2.1.1-bin-hadoop2.7/jars/ivy-2.4.0.jar
7f7dc6b55000-7f7dc6b5d000 r--s 00078000 ca:01 261805                     /home/ubuntu/spark-2.1.1-bin-hadoop2.7/jars/mail-1.4.7.jar
7f7dc6b5d000-7f7dc6b62000 r--s 0004e000 ca:01 261582                     /home/ubuntu/spark-2.1.1-bin-hadoop2.7/jars/datanucleus-api-jdo-3.2.6.jar
7f7dc6b62000-7f7dc6c3a000 r--s 00a88000 ca:01 261543                     /home/ubuntu/spark-2.1.1-bin-hadoop2.7/jars/spark-core_2.11-2.1.1.jar
7f7dc6c3a000-7f7dc6c52000 r--s 001b6000 ca:01 261569                     /home/ubuntu/spark-2.1.1-bin-hadoop2.7/jars/datanucleus-core-3.2.10.jar
7f7dc6c52000-7f7dc6c66000 r--s 000ec000 ca:01 261539                     /home/ubuntu/spark-2.1.1-bin-hadoop2.7/jars/parquet-jackson-1.8.1.jar
7f7dc6c66000-7f7dc6c68000 r--s 0000e000 ca:01 261785                     /home/ubuntu/spark-2.1.1-bin-hadoop2.7/jars/hadoop-mapreduce-client-jobclient-2.7.3.jar
7f7dc6c68000-7f7dc6c6a000 r--s 0000e000 ca:01 261536                     /home/ubuntu/spark-2.1.1-bin-hadoop2.7/jars/oro-2.0.8.jar
7f7dc6c6a000-7f7dc6c6c000 r--s 00003000 ca:01 261826                     /home/ubuntu/spark-2.1.1-bin-hadoop2.7/jars/JavaEWAH-0.3.2.jar
7f7dc6c6c000-7f7dc6c6e000 r--s 0000f000 ca:01 261757                     /home/ubuntu/spark-2.1.1-bin-hadoop2.7/jars/spark-launcher_2.11-2.1.1.jar
7f7dc6c6e000-7f7dc6c90000 r--s 00335000 ca:01 261750                     /home/ubuntu/spark-2.1.1-bin-hadoop2.7/jars/mesos-1.0.0-shaded-protobuf.jar
7f7dc6c90000-7f7dc6c91000 r--s 00001000 ca:01 261610                     /home/ubuntu/spark-2.1.1-bin-hadoop2.7/jars/minlog-1.3.0.jar
7f7dc6c91000-7f7dc6c94000 r--s 0001a000 ca:01 261834                     /home/ubuntu/spark-2.1.1-bin-hadoop2.7/jars/py4j-0.10.4.jar
7f7dc6c94000-7f7dc6c95000 r--s 00009000 ca:01 261601                     /home/ubuntu/spark-2.1.1-bin-hadoop2.7/jars/json4s-jackson_2.11-3.2.11.jar
7f7dc6c95000-7f7dc6c97000 r--s 0000d000 ca:01 261725                     /home/ubuntu/spark-2.1.1-bin-hadoop2.7/jars/hadoop-yarn-server-web-proxy-2.7.3.jar
7f7dc6c97000-7f7dc6cfa000 r--s 004de000 ca:01 261719                     /home/ubuntu/spark-2.1.1-bin-hadoop2.7/jars/hive-metastore-1.2.1.spark2.jar
7f7dc6cfa000-7f7dc6d01000 r--s 00039000 ca:01 261727                     /home/ubuntu/spark-2.1.1-bin-hadoop2.7/jars/calcite-avatica-1.2.0-incubating.jar
7f7dc6d01000-7f7dc6d08000 r--s 0003f000 ca:01 261603                     /home/ubuntu/spark-2.1.1-bin-hadoop2.7/jars/commons-codec-1.10.jar
7f7dc6d08000-7f7dc6d0a000 r--s 00100000 ca:01 261842                     /home/ubuntu/spark-2.1.1-bin-hadoop2.7/jars/snappy-java-1.1.2.6.jar
7f7dc6d0a000-7f7dc6d0e000 r--s 00029000 ca:01 261591                     /home/ubuntu/spark-2.1.1-bin-hadoop2.7/jars/hk2-locator-2.4.0-b34.jar
7f7dc6d0e000-7f7dc6d11000 r--s 0000d000 ca:01 261742                     /home/ubuntu/spark-2.1.1-bin-hadoop2.7/jars/spark-network-shuffle_2.11-2.1.1.jar
7f7dc6d11000-7f7dc6d12000 r--s 00006000 ca:01 261788                     /home/ubuntu/spark-2.1.1-bin-hadoop2.7/jars/jackson-xc-1.9.13.jar
7f7dc6d12000-7f7dc6d28000 r--s 000d1000 ca:01 261585                     /home/ubuntu/spark-2.1.1-bin-hadoop2.7/jars/parquet-column-1.8.1.jar
7f7dc6d28000-7f7dc6d4d000 rw-p 00000000 00:00 0 
7f7dc6d4d000-7f7dc6e59000 r--s 00dba000 ca:01 261859                     /home/ubuntu/spark-2.1.1-bin-hadoop2.7/jars/scala-compiler-2.11.8.jar
7f7dc6e59000-7f7dc6e5a000 r--s 00002000 ca:01 261764                     /home/ubuntu/spark-2.1.1-bin-hadoop2.7/jars/jpam-1.1.jar
7f7dc6e5a000-7f7dc6e69000 r--s 0009f000 ca:01 261734                     /home/ubuntu/spark-2.1.1-bin-hadoop2.7/jars/guice-3.0.jar
7f7dc6e69000-7f7dc6e82000 r--s 00150000 ca:01 261626                     /home/ubuntu/spark-2.1.1-bin-hadoop2.7/jars/htrace-core-3.1.0-incubating.jar
7f7dc6e82000-7f7dc6e98000 r--s 000d3000 ca:01 261625                     /home/ubuntu/spark-2.1.1-bin-hadoop2.7/jars/jersey-server-2.22.2.jar
7f7dc6e98000-7f7dc6e9a000 r--s 00008000 ca:01 261581                     /home/ubuntu/spark-2.1.1-bin-hadoop2.7/jars/parquet-common-1.8.1.jar
7f7dc6e9a000-7f7dc6e9c000 r--s 00002000 ca:01 261606                     /home/ubuntu/spark-2.1.1-bin-hadoop2.7/jars/aopalliance-repackaged-2.4.0-b34.jar
7f7dc6e9c000-7f7dc6ea0000 r--s 0003c000 ca:01 261854                     /home/ubuntu/spark-2.1.1-bin-hadoop2.7/jars/jackson-core-2.6.5.jar
7f7dc6ea0000-7f7dc6eab000 r--s 00062000 ca:01 261729                     /home/ubuntu/spark-2.1.1-bin-hadoop2.7/jars/calcite-linq4j-1.2.0-incubating.jar
7f7dc6eab000-7f7dc6ee1000 r--s 0031c000 ca:01 261565                     /home/ubuntu/spark-2.1.1-bin-hadoop2.7/jars/hadoop-common-2.7.3.jar
7f7dc6ee1000-7f7dc6ee5000 r--s 0001a000 ca:01 261579                     /home/ubuntu/spark-2.1.1-bin-hadoop2.7/jars/hk2-utils-2.4.0-b34.jar
7f7dc6ee5000-7f7dc6ef1000 r--s 000b6000 ca:01 261831                     /home/ubuntu/spark-2.1.1-bin-hadoop2.7/jars/zookeeper-3.4.6.jar
7f7dc6ef1000-7f7dc6ef7000 r--s 00040000 ca:01 261709                     /home/ubuntu/spark-2.1.1-bin-hadoop2.7/jars/parquet-encoding-1.8.1.jar
7f7dc6ef7000-7f7dc6efc000 r--s 00036000 ca:01 261574                     /home/ubuntu/spark-2.1.1-bin-hadoop2.7/jars/commons-compress-1.4.1.jar
7f7dc6efc000-7f7dc6f29000 r--s 001d4000 ca:01 261863                     /home/ubuntu/spark-2.1.1-bin-hadoop2.7/jars/spark-streaming_2.11-2.1.1.jar
7f7dc6f29000-7f7dc6f2c000 r--s 00022000 ca:01 261806                     /home/ubuntu/spark-2.1.1-bin-hadoop2.7/jars/stringtemplate-3.2.1.jar
7f7dc6f2c000-7f7dc6f33000 r--s 00036000 ca:01 261624                     /home/ubuntu/spark-2.1.1-bin-hadoop2.7/jars/curator-recipes-2.6.0.jar
7f7dc6f33000-7f7dc6f37000 r--s 00029000 ca:01 261548                     /home/ubuntu/spark-2.1.1-bin-hadoop2.7/jars/breeze-macros_2.11-0.12.jar
7f7dc6f37000-7f7dc6f3b000 r--s 00036000 ca:01 261851                     /home/ubuntu/spark-2.1.1-bin-hadoop2.7/jars/ST4-4.0.4.jar
7f7dc6f3b000-7f7dc6f3f000 r--s 00018000 ca:01 261584                     /home/ubuntu/spark-2.1.1-bin-hadoop2.7/jars/metrics-core-3.1.2.jar
7f7dc6f3f000-7f7dc6f4d000 r--s 000b1000 ca:01 261754                     /home/ubuntu/spark-2.1.1-bin-hadoop2.7/jars/jackson-mapper-asl-1.9.13.jar
7f7dc6f4d000-7f7dc6f5d000 r--s 000a0000 ca:01 261599                     /home/ubuntu/spark-2.1.1-bin-hadoop2.7/jars/spark-yarn_2.11-2.1.1.jar
7f7dc6f5d000-7f7dc6f5e000 r--s 00003000 ca:01 261590                     /home/ubuntu/spark-2.1.1-bin-hadoop2.7/jars/spark-tags_2.11-2.1.1.jar
7f7dc6f5e000-7f7dc6f70000 r--s 00097000 ca:01 261804                     /home/ubuntu/spark-2.1.1-bin-hadoop2.7/jars/apacheds-kerberos-codec-2.0.0-M15.jar
7f7dc6f70000-7f7dc6f73000 r--s 00017000 ca:01 261800                     /home/ubuntu/spark-2.1.1-bin-hadoop2.7/jars/jaxb-api-2.2.2.jar
7f7dc6f73000-7f7dc6f75000 r--s 00009000 ca:01 261848                     /home/ubuntu/spark-2.1.1-bin-hadoop2.7/jars/objenesis-2.1.jar
7f7dc6f75000-7f7dc6fe0000 r--s 00784000 ca:01 261535                     /home/ubuntu/spark-2.1.1-bin-hadoop2.7/jars/hadoop-hdfs-2.7.3.jar
7f7dc6fe0000-7f7dc6fe2000 r--s 00010000 ca:01 261752                     /home/ubuntu/spark-2.1.1-bin-hadoop2.7/jars/jersey-media-jaxb-2.22.2.jar
7f7dc6fe2000-7f7dc6fef000 r--s 00083000 ca:01 261598                     /home/ubuntu/spark-2.1.1-bin-hadoop2.7/jars/commons-collections-3.2.2.jar
7f7dc6fef000-7f7dc6ff6000 r--s 00051000 ca:01 261542                     /home/ubuntu/spark-2.1.1-bin-hadoop2.7/jars/kryo-shaded-3.0.3.jar
7f7dc6ff6000-7f7dc702d000 r--s 00325000 ca:01 261802                     /home/ubuntu/spark-2.1.1-bin-hadoop2.7/jars/calcite-core-1.2.0-incubating.jar
7f7dc702d000-7f7dc7030000 r--s 00012000 ca:01 261602                     /home/ubuntu/spark-2.1.1-bin-hadoop2.7/jars/json4s-ast_2.11-3.2.11.jar
7f7dc7030000-7f7dc7032000 r--s 0000e000 ca:01 261794                     /home/ubuntu/spark-2.1.1-bin-hadoop2.7/jars/commons-logging-1.1.3.jar
7f7dc7032000-7f7dc70db000 r--s 00a4f000 ca:01 261801                     /home/ubuntu/spark-2.1.1-bin-hadoop2.7/jars/hive-exec-1.2.1.spark2.jar
7f7dc70db000-7f7dc70dc000 r--s 0000b000 ca:01 261631                     /home/ubuntu/spark-2.1.1-bin-hadoop2.7/jars/snappy-0.2.jar
7f7dc70dc000-7f7dc70df000 r--s 00028000 ca:01 261541                     /home/ubuntu/spark-2.1.1-bin-hadoop2.7/jars/stream-2.7.0.jar
7f7dc70df000-7f7dc7113000 r--s 00277000 ca:01 261592                     /home/ubuntu/spark-2.1.1-bin-hadoop2.7/jars/parquet-hadoop-bundle-1.6.0.jar
7f7dc7113000-7f7dc7117000 r--s 0000c000 ca:01 261617                     /home/ubuntu/spark-2.1.1-bin-hadoop2.7/jars/validation-api-1.1.0.Final.jar
7f7dc7117000-7f7dc7140000 r--s 001ee000 ca:01 261862                     /home/ubuntu/spark-2.1.1-bin-hadoop2.7/jars/guava-14.0.1.jar
7f7dc7140000-7f7dc714d000 r--s 00071000 ca:01 261832                     /home/ubuntu/spark-2.1.1-bin-hadoop2.7/jars/jackson-module-scala_2.11-2.6.5.jar
7f7dc714d000-7f7dc7166000 r--s 00114000 ca:01 261577                     /home/ubuntu/spark-2.1.1-bin-hadoop2.7/jars/spark-hive_2.11-2.1.1.jar
7f7dc7166000-7f7dc717e000 r--s 00115000 ca:01 261824                     /home/ubuntu/spark-2.1.1-bin-hadoop2.7/jars/netty-3.8.0.Final.jar
7f7dc717e000-7f7dc71d7000 r--s 00522000 ca:01 261865                     /home/ubuntu/spark-2.1.1-bin-hadoop2.7/jars/scala-library-2.11.8.jar
7f7dc71d7000-7f7dc71de000 r--s 00049000 ca:01 261852                     /home/ubuntu/spark-2.1.1-bin-hadoop2.7/jars/univocity-parsers-2.2.1.jar
7f7dc71de000-7f7dc722a000 r--s 00411000 ca:01 261857                     /home/ubuntu/spark-2.1.1-bin-hadoop2.7/jars/scala-reflect-2.11.8.jar
7f7dc722a000-7f7dc7238000 r--s 0009d000 ca:01 261614                     /home/ubuntu/spark-2.1.1-bin-hadoop2.7/jars/jersey-common-2.22.2.jar
7f7dc7238000-7f7dc7242000 r--s 000aa000 ca:01 261762                     /home/ubuntu/spark-2.1.1-bin-hadoop2.7/jars/janino-3.0.0.jar
7f7dc7242000-7f7dc7243000 r--s 00008000 ca:01 261844                     /home/ubuntu/spark-2.1.1-bin-hadoop2.7/jars/commons-compiler-3.0.0.jar
7f7dc7243000-7f7dc724c000 r--s 00097000 ca:01 261837                     /home/ubuntu/spark-2.1.1-bin-hadoop2.7/jars/pmml-model-1.2.15.jar
7f7dc724c000-7f7dc724e000 r--s 00005000 ca:01 261741                     /home/ubuntu/spark-2.1.1-bin-hadoop2.7/jars/stax-api-1.0.1.jar
7f7dc724e000-7f7dc7252000 r--s 00035000 ca:01 261597                     /home/ubuntu/spark-2.1.1-bin-hadoop2.7/jars/jackson-core-asl-1.9.13.jar
7f7dc7252000-7f7dc7255000 r--s 00019000 ca:01 261530                     /home/ubuntu/spark-2.1.1-bin-hadoop2.7/jars/bonecp-0.8.0.RELEASE.jar
7f7dc7255000-7f7dc7257000 r--s 00038000 ca:01 261789                     /home/ubuntu/spark-2.1.1-bin-hadoop2.7/jars/lz4-1.3.0.jar
7f7dc7257000-7f7dc7270000 r--s 00164000 ca:01 261738                     /home/ubuntu/spark-2.1.1-bin-hadoop2.7/jars/hadoop-mapreduce-client-core-2.7.3.jar
7f7dc7270000-7f7dc7273000 r--s 00026000 ca:01 261792                     /home/ubuntu/spark-2.1.1-bin-hadoop2.7/jars/hadoop-yarn-client-2.7.3.jar
7f7dc7273000-7f7dc7275000 r--s 00017000 ca:01 261607                     /home/ubuntu/spark-2.1.1-bin-hadoop2.7/jars/hive-jdbc-1.2.1.spark2.jar
7f7dc7275000-7f7dc72f6000 r--s 005d9000 ca:01 261746                     /home/ubuntu/spark-2.1.1-bin-hadoop2.7/jars/spark-sql_2.11-2.1.1.jar
7f7dc72f6000-7f7dc72f7000 r--s 00006000 ca:01 261755                     /home/ubuntu/spark-2.1.1-bin-hadoop2.7/jars/hadoop-client-2.7.3.jar
7f7dc72f7000-7f7dc72fe000 r--s 00058000 ca:01 261609                     /home/ubuntu/spark-2.1.1-bin-hadoop2.7/jars/hadoop-yarn-server-common-2.7.3.jar
7f7dc72fe000-7f7dc72ff000 r--s 0000a000 ca:01 261616                     /home/ubuntu/spark-2.1.1-bin-hadoop2.7/jars/apacheds-i18n-2.0.0-M15.jar
7f7dc72ff000-7f7dc7300000 r--s 00000000 ca:01 261600                     /home/ubuntu/spark-2.1.1-bin-hadoop2.7/jars/javax.inject-1.jar
7f7dc7300000-7f7dc7306000 r--s 00045000 ca:01 261605                     /home/ubuntu/spark-2.1.1-bin-hadoop2.7/jars/commons-httpclient-3.1.jar
7f7dc7306000-7f7dc7313000 r--s 000a7000 ca:01 261627                     /home/ubuntu/spark-2.1.1-bin-hadoop2.7/jars/httpclient-4.5.2.jar
7f7dc7313000-7f7dc7315000 r--s 0001f000 ca:01 261825                     /home/ubuntu/spark-2.1.1-bin-hadoop2.7/jars/commons-crypto-1.0.0.jar
7f7dc7315000-7f7dc731a000 r--s 0002a000 ca:01 261735                     /home/ubuntu/spark-2.1.1-bin-hadoop2.7/jars/gson-2.2.4.jar
7f7dc731a000-7f7dc735a000 r--s 00277000 ca:01 261767                     /home/ubuntu/spark-2.1.1-bin-hadoop2.7/jars/bcprov-jdk15on-1.51.jar
7f7dc735a000-7f7dc735d000 r--s 00016000 ca:01 261593                     /home/ubuntu/spark-2.1.1-bin-hadoop2.7/jars/jsp-api-2.1.jar
7f7dc735d000-7f7dc735e000 r--s 00001000 ca:01 261838                     /home/ubuntu/spark-2.1.1-bin-hadoop2.7/jars/javax.inject-2.4.0-b34.jar
7f7dc735e000-7f7dc735f000 r--s 00002000 ca:01 261586                     /home/ubuntu/spark-2.1.1-bin-hadoop2.7/jars/java-xmlbuilder-1.0.jar
7f7dc735f000-7f7dc7361000 r--s 00015000 ca:01 261547                     /home/ubuntu/spark-2.1.1-bin-hadoop2.7/jars/hadoop-auth-2.7.3.jar
7f7dc7361000-7f7dc7365000 r--s 0002f000 ca:01 261795                     /home/ubuntu/spark-2.1.1-bin-hadoop2.7/jars/commons-beanutils-core-1.8.0.jar
7f7dc7365000-7f7dc7394000 r--s 002e5000 ca:01 261846                     /home/ubuntu/spark-2.1.1-bin-hadoop2.7/jars/derby-10.12.1.1.jar
7f7dc7394000-7f7dc7396000 r--s 00008000 ca:01 261544                     /home/ubuntu/spark-2.1.1-bin-hadoop2.7/jars/metrics-jvm-3.1.2.jar
7f7dc7396000-7f7dc7399000 r--s 00015000 ca:01 261723                     /home/ubuntu/spark-2.1.1-bin-hadoop2.7/jars/pyrolite-4.13.jar
7f7dc7399000-7f7dc739b000 r--s 0000e000 ca:01 261760                     /home/ubuntu/spark-2.1.1-bin-hadoop2.7/jars/spark-repl_2.11-2.1.1.jar
7f7dc739b000-7f7dc73a4000 r--s 0006f000 ca:01 261724                     /home/ubuntu/spark-2.1.1-bin-hadoop2.7/jars/log4j-1.2.17.jar
7f7dc73a4000-7f7dc73a8000 r--s 00025000 ca:01 261850                     /home/ubuntu/spark-2.1.1-bin-hadoop2.7/jars/jersey-client-2.22.2.jar
7f7dc73a8000-7f7dc73af000 r--s 00058000 ca:01 261589                     /home/ubuntu/spark-2.1.1-bin-hadoop2.7/jars/parquet-format-2.3.0-incubating.jar
7f7dc73af000-7f7dc73b1000 r--s 00003000 ca:01 261615                     /home/ubuntu/spark-2.1.1-bin-hadoop2.7/jars/api-asn1-api-1.0.0-M20.jar
7f7dc73b1000-7f7dc73bb000 r--s 0007b000 ca:01 261847                     /home/ubuntu/spark-2.1.1-bin-hadoop2.7/jars/hadoop-mapreduce-client-app-2.7.3.jar
7f7dc73bb000-7f7dc73be000 r--s 0000e000 ca:01 261575                     /home/ubuntu/spark-2.1.1-bin-hadoop2.7/jars/jersey-container-servlet-core-2.22.2.jar
7f7dc73be000-7f7dc73c2000 r--s 00025000 ca:01 261538                     /home/ubuntu/spark-2.1.1-bin-hadoop2.7/jars/antlr-runtime-3.4.jar
7f7dc73c2000-7f7dc73d3000 r--s 00089000 ca:01 261623                     /home/ubuntu/spark-2.1.1-bin-hadoop2.7/jars/joda-time-2.9.3.jar
7f7dc73d3000-7f7dc73d5000 r--s 00005000 ca:01 261743                     /home/ubuntu/spark-2.1.1-bin-hadoop2.7/jars/javax.annotation-api-1.2.jar
7f7dc73d5000-7f7dc73da000 r--s 00032000 ca:01 261864                     /home/ubuntu/spark-2.1.1-bin-hadoop2.7/jars/chill_2.11-0.8.0.jar
7f7dc73da000-7f7dc73e5000 r--s 0005d000 ca:01 261853                     /home/ubuntu/spark-2.1.1-bin-hadoop2.7/jars/scala-parser-combinators_2.11-1.0.4.jar
7f7dc73e5000-7f7dc73f7000 r--s 00112000 ca:01 261835                     /home/ubuntu/spark-2.1.1-bin-hadoop2.7/jars/arpack_combined_all-0.1.jar
7f7dc73f7000-7f7dc740f000 r--s 000d6000 ca:01 261571                     /home/ubuntu/spark-2.1.1-bin-hadoop2.7/jars/jersey-guava-2.22.2.jar
7f7dc740f000-7f7dc7415000 r--s 0002c000 ca:01 261828                     /home/ubuntu/spark-2.1.1-bin-hadoop2.7/jars/jdo-api-3.0.1.jar
7f7dc7415000-7f7dc741c000 r--s 00046000 ca:01 261797                     /home/ubuntu/spark-2.1.1-bin-hadoop2.7/jars/libfb303-0.9.3.jar
7f7dc741c000-7f7dc741e000 r--s 00010000 ca:01 261622                     /home/ubuntu/spark-2.1.1-bin-hadoop2.7/jars/hadoop-mapreduce-client-shuffle-2.7.3.jar
7f7dc741e000-7f7dc7420000 r--s 00000000 ca:01 261836                     /home/ubuntu/spark-2.1.1-bin-hadoop2.7/jars/jul-to-slf4j-1.7.16.jar
7f7dc7420000-7f7dc7423000 r--s 00014000 ca:01 261761                     /home/ubuntu/spark-2.1.1-bin-hadoop2.7/jars/super-csv-2.2.0.jar
7f7dc7423000-7f7dc7435000 r--s 000b3000 ca:01 261829                     /home/ubuntu/spark-2.1.1-bin-hadoop2.7/jars/scalap-2.11.8.jar
7f7dc7435000-7f7dc7437000 r--s 00003000 ca:01 261843                     /home/ubuntu/spark-2.1.1-bin-hadoop2.7/jars/base64-2.3.8.jar
7f7dc7437000-7f7dc7439000 r--s 00003000 ca:01 261570                     /home/ubuntu/spark-2.1.1-bin-hadoop2.7/jars/jersey-container-servlet-2.22.2.jar
7f7dc7439000-7f7dc7443000 r--s 000a5000 ca:01 261766                     /home/ubuntu/spark-2.1.1-bin-hadoop2.7/jars/javassist-3.18.1-GA.jar
7f7dc7443000-7f7dc7444000 r--s 00009000 ca:01 261534                     /home/ubuntu/spark-2.1.1-bin-hadoop2.7/jars/hadoop-annotations-2.7.3.jar
7f7dc7444000-7f7dc745c000 r--s 00115000 ca:01 261537                     /home/ubuntu/spark-2.1.1-bin-hadoop2.7/jars/xercesImpl-2.9.1.jar
7f7dc745c000-7f7dc745f000 r--s 00021000 ca:01 261596                     /home/ubuntu/spark-2.1.1-bin-hadoop2.7/jars/xbean-asm5-shaded-4.4.jar
7f7dc745f000-7f7dc7462000 r--s 00025000 ca:01 261618                     /home/ubuntu/spark-2.1.1-bin-hadoop2.7/jars/commons-dbcp-1.4.jar
7f7dc7462000-7f7dc7489000 r--s 0020f000 ca:01 261726                     /home/ubuntu/spark-2.1.1-bin-hadoop2.7/jars/netty-all-4.0.42.Final.jar
7f7dc7489000-7f7dc748c000 r--s 00015000 ca:01 261620                     /home/ubuntu/spark-2.1.1-bin-hadoop2.7/jars/commons-pool-1.5.4.jar
7f7dc748c000-7f7dc74e1000 r--s 0069c000 ca:01 261595                     /home/ubuntu/spark-2.1.1-bin-hadoop2.7/jars/spire_2.11-0.7.4.jar
7f7dc74e1000-7f7dc74e3000 r--s 00004000 ca:01 261787                     /home/ubuntu/spark-2.1.1-bin-hadoop2.7/jars/metrics-graphite-3.1.2.jar
7f7dc74e3000-7f7dc74e4000 r--s 00003000 ca:01 261827                     /home/ubuntu/spark-2.1.1-bin-hadoop2.7/jars/metrics-json-3.1.2.jar
7f7dc74e4000-7f7dc74e9000 r--s 00027000 ca:01 261861                     /home/ubuntu/spark-2.1.1-bin-hadoop2.7/jars/hk2-api-2.4.0-b34.jar
7f7dc74e9000-7f7dc7504000 r--s 001d6000 ca:01 256870                     /usr/lib/jvm/java-8-openjdk-amd64/jre/lib/ext/nashorn.jar
7f7dc7504000-7f7dc7505000 ---p 00000000 00:00 0 
7f7dc7505000-7f7dc7605000 rw-p 00000000 00:00 0 
7f7dc7605000-7f7dc7608000 ---p 00000000 00:00 0 
7f7dc7608000-7f7dc7706000 rw-p 00000000 00:00 0 
7f7dc7706000-7f7dc7709000 ---p 00000000 00:00 0 
7f7dc7709000-7f7dc7807000 rw-p 00000000 00:00 0 
7f7dc7807000-7f7dc780a000 ---p 00000000 00:00 0 
7f7dc780a000-7f7dc7908000 rw-p 00000000 00:00 0 
7f7dc7908000-7f7dc790b000 ---p 00000000 00:00 0 
7f7dc790b000-7f7dc7a09000 rw-p 00000000 00:00 0 
7f7dc7a09000-7f7dc7ba1000 r--p 00000000 ca:01 29052                      /usr/lib/locale/locale-archive
7f7dc7ba1000-7f7dc7ba4000 ---p 00000000 00:00 0 
7f7dc7ba4000-7f7dc7ca2000 rw-p 00000000 00:00 0 
7f7dc7ca2000-7f7dc7ca5000 ---p 00000000 00:00 0 
7f7dc7ca5000-7f7dc7da3000 rw-p 00000000 00:00 0 
7f7dc7da3000-7f7dc7da4000 ---p 00000000 00:00 0 
7f7dc7da4000-7f7dc7ea4000 rw-p 00000000 00:00 0 
7f7dc7ea4000-7f7dc8073000 r--s 03c32000 ca:01 256863                     /usr/lib/jvm/java-8-openjdk-amd64/jre/lib/rt.jar
7f7dc8073000-7f7dc88e9000 rw-p 00000000 00:00 0 
7f7dc88e9000-7f7dc8922000 rw-p 00000000 00:00 0 
7f7dc8922000-7f7dc8a3f000 ---p 00000000 00:00 0 
7f7dc8a3f000-7f7dc8a58000 rw-p 00000000 00:00 0 
7f7dc8a58000-7f7dc8ae9000 ---p 00000000 00:00 0 
7f7dc8ae9000-7f7dc8b23000 rw-p 00000000 00:00 0 
7f7dc8b23000-7f7dc8c3f000 ---p 00000000 00:00 0 
7f7dc8c3f000-7f7dc8cb4000 rw-p 00000000 00:00 0 
7f7dc8cb4000-7f7dc9000000 ---p 00000000 00:00 0 
7f7dc9000000-7f7dcacf0000 rwxp 00000000 00:00 0 
7f7dcacf0000-7f7dd8000000 ---p 00000000 00:00 0 
7f7dd8000000-7f7dd8f5d000 rw-p 00000000 00:00 0 
7f7dd8f5d000-7f7ddc000000 ---p 00000000 00:00 0 
7f7ddc000000-7f7ddc006000 r--s 00034000 ca:01 261799                     /home/ubuntu/spark-2.1.1-bin-hadoop2.7/jars/libthrift-0.9.3.jar
7f7ddc006000-7f7ddc021000 r--s 00394000 ca:01 256871                     /usr/lib/jvm/java-8-openjdk-amd64/jre/lib/ext/cldrdata.jar
7f7ddc021000-7f7ddc029000 r-xp 00000000 ca:01 256902                     /usr/lib/jvm/java-8-openjdk-amd64/jre/lib/amd64/libzip.so
7f7ddc029000-7f7ddc228000 ---p 00008000 ca:01 256902                     /usr/lib/jvm/java-8-openjdk-amd64/jre/lib/amd64/libzip.so
7f7ddc228000-7f7ddc229000 r--p 00007000 ca:01 256902                     /usr/lib/jvm/java-8-openjdk-amd64/jre/lib/amd64/libzip.so
7f7ddc229000-7f7ddc22a000 rw-p 00008000 ca:01 256902                     /usr/lib/jvm/java-8-openjdk-amd64/jre/lib/amd64/libzip.so
7f7ddc22a000-7f7ddc235000 r-xp 00000000 ca:01 1993                       /lib/x86_64-linux-gnu/libnss_files-2.23.so
7f7ddc235000-7f7ddc434000 ---p 0000b000 ca:01 1993                       /lib/x86_64-linux-gnu/libnss_files-2.23.so
7f7ddc434000-7f7ddc435000 r--p 0000a000 ca:01 1993                       /lib/x86_64-linux-gnu/libnss_files-2.23.so
7f7ddc435000-7f7ddc436000 rw-p 0000b000 ca:01 1993                       /lib/x86_64-linux-gnu/libnss_files-2.23.so
7f7ddc436000-7f7ddc43c000 rw-p 00000000 00:00 0 
7f7ddc43c000-7f7ddc447000 r-xp 00000000 ca:01 1997                       /lib/x86_64-linux-gnu/libnss_nis-2.23.so
7f7ddc447000-7f7ddc646000 ---p 0000b000 ca:01 1997                       /lib/x86_64-linux-gnu/libnss_nis-2.23.so
7f7ddc646000-7f7ddc647000 r--p 0000a000 ca:01 1997                       /lib/x86_64-linux-gnu/libnss_nis-2.23.so
7f7ddc647000-7f7ddc648000 rw-p 0000b000 ca:01 1997                       /lib/x86_64-linux-gnu/libnss_nis-2.23.so
7f7ddc648000-7f7ddc65e000 r-xp 00000000 ca:01 1977                       /lib/x86_64-linux-gnu/libnsl-2.23.so
7f7ddc65e000-7f7ddc85d000 ---p 00016000 ca:01 1977                       /lib/x86_64-linux-gnu/libnsl-2.23.so
7f7ddc85d000-7f7ddc85e000 r--p 00015000 ca:01 1977                       /lib/x86_64-linux-gnu/libnsl-2.23.so
7f7ddc85e000-7f7ddc85f000 rw-p 00016000 ca:01 1977                       /lib/x86_64-linux-gnu/libnsl-2.23.so
7f7ddc85f000-7f7ddc861000 rw-p 00000000 00:00 0 
7f7ddc861000-7f7ddc869000 r-xp 00000000 ca:01 1988                       /lib/x86_64-linux-gnu/libnss_compat-2.23.so
7f7ddc869000-7f7ddca68000 ---p 00008000 ca:01 1988                       /lib/x86_64-linux-gnu/libnss_compat-2.23.so
7f7ddca68000-7f7ddca69000 r--p 00007000 ca:01 1988                       /lib/x86_64-linux-gnu/libnss_compat-2.23.so
7f7ddca69000-7f7ddca6a000 rw-p 00008000 ca:01 1988                       /lib/x86_64-linux-gnu/libnss_compat-2.23.so
7f7ddca6a000-7f7ddca97000 r-xp 00000000 ca:01 256919                     /usr/lib/jvm/java-8-openjdk-amd64/jre/lib/amd64/libjava.so
7f7ddca97000-7f7ddcc96000 ---p 0002d000 ca:01 256919                     /usr/lib/jvm/java-8-openjdk-amd64/jre/lib/amd64/libjava.so
7f7ddcc96000-7f7ddcc97000 r--p 0002c000 ca:01 256919                     /usr/lib/jvm/java-8-openjdk-amd64/jre/lib/amd64/libjava.so
7f7ddcc97000-7f7ddcc99000 rw-p 0002d000 ca:01 256919                     /usr/lib/jvm/java-8-openjdk-amd64/jre/lib/amd64/libjava.so
7f7ddcc99000-7f7ddcca8000 r-xp 00000000 ca:01 256907                     /usr/lib/jvm/java-8-openjdk-amd64/jre/lib/amd64/libverify.so
7f7ddcca8000-7f7ddcea7000 ---p 0000f000 ca:01 256907                     /usr/lib/jvm/java-8-openjdk-amd64/jre/lib/amd64/libverify.so
7f7ddcea7000-7f7ddcea9000 r--p 0000e000 ca:01 256907                     /usr/lib/jvm/java-8-openjdk-amd64/jre/lib/amd64/libverify.so
7f7ddcea9000-7f7ddceaa000 rw-p 00010000 ca:01 256907                     /usr/lib/jvm/java-8-openjdk-amd64/jre/lib/amd64/libverify.so
7f7ddceaa000-7f7ddceb1000 r-xp 00000000 ca:01 1998                       /lib/x86_64-linux-gnu/librt-2.23.so
7f7ddceb1000-7f7ddd0b0000 ---p 00007000 ca:01 1998                       /lib/x86_64-linux-gnu/librt-2.23.so
7f7ddd0b0000-7f7ddd0b1000 r--p 00006000 ca:01 1998                       /lib/x86_64-linux-gnu/librt-2.23.so
7f7ddd0b1000-7f7ddd0b2000 rw-p 00007000 ca:01 1998                       /lib/x86_64-linux-gnu/librt-2.23.so
7f7ddd0b2000-7f7ddd0c8000 r-xp 00000000 ca:01 1975                       /lib/x86_64-linux-gnu/libgcc_s.so.1
7f7ddd0c8000-7f7ddd2c7000 ---p 00016000 ca:01 1975                       /lib/x86_64-linux-gnu/libgcc_s.so.1
7f7ddd2c7000-7f7ddd2c8000 rw-p 00015000 ca:01 1975                       /lib/x86_64-linux-gnu/libgcc_s.so.1
7f7ddd2c8000-7f7ddd3d0000 r-xp 00000000 ca:01 1976                       /lib/x86_64-linux-gnu/libm-2.23.so
7f7ddd3d0000-7f7ddd5cf000 ---p 00108000 ca:01 1976                       /lib/x86_64-linux-gnu/libm-2.23.so
7f7ddd5cf000-7f7ddd5d0000 r--p 00107000 ca:01 1976                       /lib/x86_64-linux-gnu/libm-2.23.so
7f7ddd5d0000-7f7ddd5d1000 rw-p 00108000 ca:01 1976                       /lib/x86_64-linux-gnu/libm-2.23.so
7f7ddd5d1000-7f7ddd743000 r-xp 00000000 ca:01 7979                       /usr/lib/x86_64-linux-gnu/libstdc++.so.6.0.21
7f7ddd743000-7f7ddd943000 ---p 00172000 ca:01 7979                       /usr/lib/x86_64-linux-gnu/libstdc++.so.6.0.21
7f7ddd943000-7f7ddd94d000 r--p 00172000 ca:01 7979                       /usr/lib/x86_64-linux-gnu/libstdc++.so.6.0.21
7f7ddd94d000-7f7ddd94f000 rw-p 0017c000 ca:01 7979                       /usr/lib/x86_64-linux-gnu/libstdc++.so.6.0.21
7f7ddd94f000-7f7ddd953000 rw-p 00000000 00:00 0 
7f7ddd953000-7f7dde5b0000 r-xp 00000000 ca:01 256884                     /usr/lib/jvm/java-8-openjdk-amd64/jre/lib/amd64/server/libjvm.so
7f7dde5b0000-7f7dde7b0000 ---p 00c5d000 ca:01 256884                     /usr/lib/jvm/java-8-openjdk-amd64/jre/lib/amd64/server/libjvm.so
7f7dde7b0000-7f7dde844000 r--p 00c5d000 ca:01 256884                     /usr/lib/jvm/java-8-openjdk-amd64/jre/lib/amd64/server/libjvm.so
7f7dde844000-7f7dde86d000 rw-p 00cf1000 ca:01 256884                     /usr/lib/jvm/java-8-openjdk-amd64/jre/lib/amd64/server/libjvm.so
7f7dde86d000-7f7dde89d000 rw-p 00000000 00:00 0 
7f7dde89d000-7f7dde8b5000 r-xp 00000000 ca:01 1979                       /lib/x86_64-linux-gnu/libpthread-2.23.so
7f7dde8b5000-7f7ddeab4000 ---p 00018000 ca:01 1979                       /lib/x86_64-linux-gnu/libpthread-2.23.so
7f7ddeab4000-7f7ddeab5000 r--p 00017000 ca:01 1979                       /lib/x86_64-linux-gnu/libpthread-2.23.so
7f7ddeab5000-7f7ddeab6000 rw-p 00018000 ca:01 1979                       /lib/x86_64-linux-gnu/libpthread-2.23.so
7f7ddeab6000-7f7ddeaba000 rw-p 00000000 00:00 0 
7f7ddeaba000-7f7ddeabd000 r-xp 00000000 ca:01 1982                       /lib/x86_64-linux-gnu/libdl-2.23.so
7f7ddeabd000-7f7ddecbc000 ---p 00003000 ca:01 1982                       /lib/x86_64-linux-gnu/libdl-2.23.so
7f7ddecbc000-7f7ddecbd000 r--p 00002000 ca:01 1982                       /lib/x86_64-linux-gnu/libdl-2.23.so
7f7ddecbd000-7f7ddecbe000 rw-p 00003000 ca:01 1982                       /lib/x86_64-linux-gnu/libdl-2.23.so
7f7ddecbe000-7f7ddecd7000 r-xp 00000000 ca:01 2129                       /lib/x86_64-linux-gnu/libz.so.1.2.8
7f7ddecd7000-7f7ddeed6000 ---p 00019000 ca:01 2129                       /lib/x86_64-linux-gnu/libz.so.1.2.8
7f7ddeed6000-7f7ddeed7000 r--p 00018000 ca:01 2129                       /lib/x86_64-linux-gnu/libz.so.1.2.8
7f7ddeed7000-7f7ddeed8000 rw-p 00019000 ca:01 2129                       /lib/x86_64-linux-gnu/libz.so.1.2.8
7f7ddeed8000-7f7ddf098000 r-xp 00000000 ca:01 1980                       /lib/x86_64-linux-gnu/libc-2.23.so
7f7ddf098000-7f7ddf298000 ---p 001c0000 ca:01 1980                       /lib/x86_64-linux-gnu/libc-2.23.so
7f7ddf298000-7f7ddf29c000 r--p 001c0000 ca:01 1980                       /lib/x86_64-linux-gnu/libc-2.23.so
7f7ddf29c000-7f7ddf29e000 rw-p 001c4000 ca:01 1980                       /lib/x86_64-linux-gnu/libc-2.23.so
7f7ddf29e000-7f7ddf2a2000 rw-p 00000000 00:00 0 
7f7ddf2a2000-7f7ddf2af000 r-xp 00000000 ca:01 256904                     /usr/lib/jvm/java-8-openjdk-amd64/jre/lib/amd64/jli/libjli.so
7f7ddf2af000-7f7ddf4af000 ---p 0000d000 ca:01 256904                     /usr/lib/jvm/java-8-openjdk-amd64/jre/lib/amd64/jli/libjli.so
7f7ddf4af000-7f7ddf4b0000 r--p 0000d000 ca:01 256904                     /usr/lib/jvm/java-8-openjdk-amd64/jre/lib/amd64/jli/libjli.so
7f7ddf4b0000-7f7ddf4b1000 rw-p 0000e000 ca:01 256904                     /usr/lib/jvm/java-8-openjdk-amd64/jre/lib/amd64/jli/libjli.so
7f7ddf4b1000-7f7ddf4d7000 r-xp 00000000 ca:01 1978                       /lib/x86_64-linux-gnu/ld-2.23.so
7f7ddf4d7000-7f7ddf4d9000 r--s 0000f000 ca:01 261715                     /home/ubuntu/spark-2.1.1-bin-hadoop2.7/jars/curator-client-2.6.0.jar
7f7ddf4d9000-7f7ddf4dc000 r--s 0000f000 ca:01 256869                     /usr/lib/jvm/java-8-openjdk-amd64/jre/lib/ext/icedtea-sound.jar
7f7ddf4dc000-7f7ddf4df000 r--s 00038000 ca:01 256872                     /usr/lib/jvm/java-8-openjdk-amd64/jre/lib/ext/sunpkcs11.jar
7f7ddf4df000-7f7ddf4e5000 r--s 0003b000 ca:01 256877                     /usr/lib/jvm/java-8-openjdk-amd64/jre/lib/ext/sunjce_provider.jar
7f7ddf4e5000-7f7ddf4ef000 r--s 00116000 ca:01 256876                     /usr/lib/jvm/java-8-openjdk-amd64/jre/lib/ext/localedata.jar
7f7ddf4ef000-7f7ddf5c0000 rw-p 00000000 00:00 0 
7f7ddf5c0000-7f7ddf5c8000 rw-s 00000000 ca:01 256217                     /tmp/hsperfdata_ubuntu/15843
7f7ddf5c8000-7f7ddf5cb000 ---p 00000000 00:00 0 
7f7ddf5cb000-7f7ddf6cd000 rw-p 00000000 00:00 0 
7f7ddf6cd000-7f7ddf6ce000 r--s 00010000 ca:01 256874                     /usr/lib/jvm/java-8-openjdk-amd64/jre/lib/ext/zipfs.jar
7f7ddf6ce000-7f7ddf6cf000 r--s 0000a000 ca:01 256879                     /usr/lib/jvm/java-8-openjdk-amd64/jre/lib/ext/jaccess.jar
7f7ddf6cf000-7f7ddf6d1000 r--s 00001000 ca:01 256873                     /usr/lib/jvm/java-8-openjdk-amd64/jre/lib/ext/dnsns.jar
7f7ddf6d1000-7f7ddf6d3000 r--s 00008000 ca:01 256878                     /usr/lib/jvm/java-8-openjdk-amd64/jre/lib/ext/sunec.jar
7f7ddf6d3000-7f7ddf6d4000 rw-p 00000000 00:00 0 
7f7ddf6d4000-7f7ddf6d5000 ---p 00000000 00:00 0 
7f7ddf6d5000-7f7ddf6d6000 rw-p 00000000 00:00 0 
7f7ddf6d6000-7f7ddf6d7000 r--p 00025000 ca:01 1978                       /lib/x86_64-linux-gnu/ld-2.23.so
7f7ddf6d7000-7f7ddf6d8000 rw-p 00026000 ca:01 1978                       /lib/x86_64-linux-gnu/ld-2.23.so
7f7ddf6d8000-7f7ddf6d9000 rw-p 00000000 00:00 0 
7ffeffcbb000-7ffeffcdc000 rw-p 00000000 00:00 0                          [stack]
7ffeffdd4000-7ffeffdd7000 r--p 00000000 00:00 0                          [vvar]
7ffeffdd7000-7ffeffdd9000 r-xp 00000000 00:00 0                          [vdso]
ffffffffff600000-ffffffffff601000 r-xp 00000000 00:00 0                  [vsyscall]

VM Arguments:
jvm_args: -Xmx1g 
java_command: org.apache.spark.deploy.SparkSubmit --conf spark.app.name=Wine Quality Analysis pyspark-shell
java_class_path (initial): /home/ubuntu/spark-2.1.1-bin-hadoop2.7/conf/:/home/ubuntu/spark-2.1.1-bin-hadoop2.7/jars/libthrift-0.9.3.jar:/home/ubuntu/spark-2.1.1-bin-hadoop2.7/jars/curator-client-2.6.0.jar:/home/ubuntu/spark-2.1.1-bin-hadoop2.7/jars/hk2-api-2.4.0-b34.jar:/home/ubuntu/spark-2.1.1-bin-hadoop2.7/jars/metrics-json-3.1.2.jar:/home/ubuntu/spark-2.1.1-bin-hadoop2.7/jars/metrics-graphite-3.1.2.jar:/home/ubuntu/spark-2.1.1-bin-hadoop2.7/jars/spire_2.11-0.7.4.jar:/home/ubuntu/spark-2.1.1-bin-hadoop2.7/jars/commons-pool-1.5.4.jar:/home/ubuntu/spark-2.1.1-bin-hadoop2.7/jars/netty-all-4.0.42.Final.jar:/home/ubuntu/spark-2.1.1-bin-hadoop2.7/jars/commons-dbcp-1.4.jar:/home/ubuntu/spark-2.1.1-bin-hadoop2.7/jars/xbean-asm5-shaded-4.4.jar:/home/ubuntu/spark-2.1.1-bin-hadoop2.7/jars/xercesImpl-2.9.1.jar:/home/ubuntu/spark-2.1.1-bin-hadoop2.7/jars/hadoop-annotations-2.7.3.jar:/home/ubuntu/spark-2.1.1-bin-hadoop2.7/jars/javassist-3.18.1-GA.jar:/home/ubuntu/spark-2.1.1-bin-hadoop2.7/jars/jersey-container-servlet-2.22.2.jar:/home/ubuntu/spark-2.1.1-bin-hadoop2.7/jars/base64-2.3.8.jar:/home/ubuntu/spark-2.1.1-bin-hadoop2.7/jars/scalap-2.11.8.jar:/home/ubuntu/spark-2.1.1-bin-hadoop2.7/jars/super-csv-2.2.0.jar:/home/ubuntu/spark-2.1.1-bin-hadoop2.7/jars/jul-to-slf4j-1.7.16.jar:/home/ubuntu/spark-2.1.1-bin-hadoop2.7/jars/hadoop-mapreduce-client-shuffle-2.7.3.jar:/home/ubuntu/spark-2.1.1-bin-hadoop2.7/jars/libfb303-0.9.3.jar:/home/ubuntu/spark-2.1.1-bin-hadoop2.7/jars/jdo-api-3.0.1.jar:/home/ubuntu/spark-2.1.1-bin-hadoop2.7/jars/jersey-guava-2.22.2.jar:/home/ubuntu/spark-2.1.1-bin-hadoop2.7/jars/arpack_combined_all-0.1.jar:/home/ubuntu/spark-2.1.1-bin-hadoop2.7/jars/scala-parser-combinators_2.11-1.0.4.jar:/home/ubuntu/spark-2.1.1-bin-hadoop2.7/jars/chill_2.11-0.8.0.jar:/home/ubuntu/spark-2.1.1-bin-hadoop2.7/jars/javax.annotation-api-1.2.jar:/home/ubuntu/spark-2.1.1-bin-hadoop2.7/jars/joda-time-2.9.3.jar:/home/ubuntu/spark-2.1.1-bin-hadoop2.7/jars/antlr-runtime-3.4.jar:/home/u
Launcher Type: SUN_STANDARD

Environment Variables:
PATH=/home/ubuntu/.local/bin:/home/ubuntu/bin:/home/ubuntu/.local/bin:/usr/local/sbin:/usr/local/bin:/usr/sbin:/usr/bin:/sbin:/bin:/usr/games:/usr/local/games:/snap/bin
SHELL=/bin/bash

Signal Handlers:
SIGSEGV: [libjvm.so+0xa71a30], sa_mask[0]=11111111011111111101111111111110, sa_flags=SA_RESTART|SA_SIGINFO
SIGBUS: [libjvm.so+0xa71a30], sa_mask[0]=11111111011111111101111111111110, sa_flags=SA_RESTART|SA_SIGINFO
SIGFPE: [libjvm.so+0x8b8f40], sa_mask[0]=11111111011111111101111111111110, sa_flags=SA_RESTART|SA_SIGINFO
SIGPIPE: [libjvm.so+0x8b8f40], sa_mask[0]=11111111011111111101111111111110, sa_flags=SA_RESTART|SA_SIGINFO
SIGXFSZ: [libjvm.so+0x8b8f40], sa_mask[0]=11111111011111111101111111111110, sa_flags=SA_RESTART|SA_SIGINFO
SIGILL: [libjvm.so+0x8b8f40], sa_mask[0]=11111111011111111101111111111110, sa_flags=SA_RESTART|SA_SIGINFO
SIGUSR1: SIG_DFL, sa_mask[0]=00000000000000000000000000000000, sa_flags=none
SIGUSR2: [libjvm.so+0x8b8df0], sa_mask[0]=00000000000000000000000000000000, sa_flags=SA_RESTART|SA_SIGINFO
SIGHUP: [libjvm.so+0x8b92c0], sa_mask[0]=11111111011111111101111111111110, sa_flags=SA_RESTART|SA_SIGINFO
SIGINT: SIG_IGN, sa_mask[0]=00000000000000000000000000000000, sa_flags=none
SIGTERM: [libjvm.so+0x8b92c0], sa_mask[0]=11111111011111111101111111111110, sa_flags=SA_RESTART|SA_SIGINFO
SIGQUIT: [libjvm.so+0x8b92c0], sa_mask[0]=11111111011111111101111111111110, sa_flags=SA_RESTART|SA_SIGINFO


---------------  S Y S T E M  ---------------

OS:DISTRIB_ID=Ubuntu
DISTRIB_RELEASE=16.04
DISTRIB_CODENAME=xenial
DISTRIB_DESCRIPTION="Ubuntu 16.04.4 LTS"

uname:Linux 4.4.0-1065-aws #75-Ubuntu SMP Fri Aug 10 11:14:32 UTC 2018 x86_64
libc:glibc 2.23 NPTL 2.23 
rlimit: STACK 8192k, CORE 0k, NPROC 3900, NOFILE 1048576, AS infinity
load average:1.27 2.32 1.97

/proc/meminfo:
MemTotal:        1014500 kB
MemFree:           60200 kB
MemAvailable:       4532 kB
Buffers:             884 kB
Cached:            23720 kB
SwapCached:            0 kB
Active:           874912 kB
Inactive:          16404 kB
Active(anon):     869548 kB
Inactive(anon):    10328 kB
Active(file):       5364 kB
Inactive(file):     6076 kB
Unevictable:        3652 kB
Mlocked:            3652 kB
SwapTotal:             0 kB
SwapFree:              0 kB
Dirty:               108 kB
Writeback:             0 kB
AnonPages:        870412 kB
Mapped:            12652 kB
Shmem:             10692 kB
Slab:              36760 kB
SReclaimable:      20044 kB
SUnreclaim:        16716 kB
KernelStack:        3616 kB
PageTables:         5452 kB
NFS_Unstable:          0 kB
Bounce:                0 kB
WritebackTmp:          0 kB
CommitLimit:      507248 kB
Committed_AS:    1322620 kB
VmallocTotal:   34359738367 kB
VmallocUsed:           0 kB
VmallocChunk:          0 kB
HardwareCorrupted:     0 kB
AnonHugePages:    139264 kB
CmaTotal:              0 kB
CmaFree:               0 kB
HugePages_Total:       0
HugePages_Free:        0
HugePages_Rsvd:        0
HugePages_Surp:        0
Hugepagesize:       2048 kB
DirectMap4k:       51200 kB
DirectMap2M:      997376 kB


CPU:total 1 (initial active 1) (1 cores per cpu, 1 threads per core) family 6 model 63 stepping 2, cmov, cx8, fxsr, mmx, sse, sse2, sse3, ssse3, sse4.1, sse4.2, popcnt, avx, avx2, aes, clmul, erms, lzcnt, tsc, bmi1, bmi2

/proc/cpuinfo:
processor	: 0
vendor_id	: GenuineIntel
cpu family	: 6
model		: 63
model name	: Intel(R) Xeon(R) CPU E5-2676 v3 @ 2.40GHz
stepping	: 2
microcode	: 0x3c
cpu MHz		: 2400.026
cache size	: 30720 KB
physical id	: 0
siblings	: 1
core id		: 0
cpu cores	: 1
apicid		: 0
initial apicid	: 0
fpu		: yes
fpu_exception	: yes
cpuid level	: 13
wp		: yes
flags		: fpu vme de pse tsc msr pae mce cx8 apic sep mtrr pge mca cmov pat pse36 clflush mmx fxsr sse sse2 ht syscall nx rdtscp lm constant_tsc rep_good nopl xtopology eagerfpu pni pclmulqdq ssse3 fma cx16 pcid sse4_1 sse4_2 x2apic movbe popcnt tsc_deadline_timer aes xsave avx f16c rdrand hypervisor lahf_lm abm invpcid_single kaiser fsgsbase bmi1 avx2 smep bmi2 erms invpcid xsaveopt
bugs		: cpu_meltdown spectre_v1 spectre_v2 spec_store_bypass l1tf
bogomips	: 4800.05
clflush size	: 64
cache_alignment	: 64
address sizes	: 46 bits physical, 48 bits virtual
power management:



Memory: 4k page, physical 1014500k(60200k free), swap 0k(0k free)

vm_info: OpenJDK 64-Bit Server VM (25.181-b13) for linux-amd64 JRE (1.8.0_181-8u181-b13-0ubuntu0.16.04.1-b13), built on Jul 30 2018 21:06:27 by "buildd" with gcc 5.4.0 20160609

time: Sun Oct 14 23:05:30 2018
elapsed time: 129 seconds (0d 0h 2m 9s)

